ARM GAS  C:\Users\Philip\AppData\Local\Temp\cczqCr2e.s 			page 1


   1              		.cpu cortex-m0
   2              		.fpu softvfp
   3              		.eabi_attribute 20, 1
   4              		.eabi_attribute 21, 1
   5              		.eabi_attribute 23, 3
   6              		.eabi_attribute 24, 1
   7              		.eabi_attribute 25, 1
   8              		.eabi_attribute 26, 1
   9              		.eabi_attribute 30, 6
  10              		.eabi_attribute 34, 0
  11              		.eabi_attribute 18, 4
  12              		.code	16
  13              		.file	"cyfitter_cfg.c"
  14              		.text
  15              	.Ltext0:
  16              		.cfi_sections	.debug_frame
  17              		.section	.text.CYMEMZERO,"ax",%progbits
  18              		.align	2
  19              		.code	16
  20              		.thumb_func
  21              		.type	CYMEMZERO, %function
  22              	CYMEMZERO:
  23              	.LFB0:
  24              		.file 1 ".\\Generated_Source\\PSoC4\\cyfitter_cfg.c"
   1:.\Generated_Source\PSoC4/cyfitter_cfg.c **** /*******************************************************************************
   2:.\Generated_Source\PSoC4/cyfitter_cfg.c **** * FILENAME: cyfitter_cfg.c
   3:.\Generated_Source\PSoC4/cyfitter_cfg.c **** * PSoC Creator  3.1 SP2
   4:.\Generated_Source\PSoC4/cyfitter_cfg.c **** *
   5:.\Generated_Source\PSoC4/cyfitter_cfg.c **** * Description:
   6:.\Generated_Source\PSoC4/cyfitter_cfg.c **** * This file is automatically generated by PSoC Creator with device 
   7:.\Generated_Source\PSoC4/cyfitter_cfg.c **** * initialization code.  Except for the user defined sections in
   8:.\Generated_Source\PSoC4/cyfitter_cfg.c **** * CyClockStartupError(), this file should not be modified.
   9:.\Generated_Source\PSoC4/cyfitter_cfg.c **** *
  10:.\Generated_Source\PSoC4/cyfitter_cfg.c **** ********************************************************************************
  11:.\Generated_Source\PSoC4/cyfitter_cfg.c **** * Copyright 2013, Cypress Semiconductor Corporation.  All rights reserved.
  12:.\Generated_Source\PSoC4/cyfitter_cfg.c **** * You may use this file only in accordance with the license, terms, conditions, 
  13:.\Generated_Source\PSoC4/cyfitter_cfg.c **** * disclaimers, and limitations in the end user license agreement accompanying 
  14:.\Generated_Source\PSoC4/cyfitter_cfg.c **** * the software package with which this file was provided.
  15:.\Generated_Source\PSoC4/cyfitter_cfg.c **** ********************************************************************************/
  16:.\Generated_Source\PSoC4/cyfitter_cfg.c **** 
  17:.\Generated_Source\PSoC4/cyfitter_cfg.c **** #include <string.h>
  18:.\Generated_Source\PSoC4/cyfitter_cfg.c **** #include <cytypes.h>
  19:.\Generated_Source\PSoC4/cyfitter_cfg.c **** #include <cydevice_trm.h>
  20:.\Generated_Source\PSoC4/cyfitter_cfg.c **** #include <cyfitter.h>
  21:.\Generated_Source\PSoC4/cyfitter_cfg.c **** #include <CyLib.h>
  22:.\Generated_Source\PSoC4/cyfitter_cfg.c **** #include <cyfitter_cfg.h>
  23:.\Generated_Source\PSoC4/cyfitter_cfg.c **** 
  24:.\Generated_Source\PSoC4/cyfitter_cfg.c **** 
  25:.\Generated_Source\PSoC4/cyfitter_cfg.c **** #if defined(__GNUC__) || defined(__ARMCC_VERSION)
  26:.\Generated_Source\PSoC4/cyfitter_cfg.c ****     #define CYPACKED 
  27:.\Generated_Source\PSoC4/cyfitter_cfg.c ****     #define CYPACKED_ATTR __attribute__ ((packed))
  28:.\Generated_Source\PSoC4/cyfitter_cfg.c ****     #define CYALIGNED __attribute__ ((aligned))
  29:.\Generated_Source\PSoC4/cyfitter_cfg.c ****     #define CY_CFG_UNUSED __attribute__ ((unused))
  30:.\Generated_Source\PSoC4/cyfitter_cfg.c ****     #define CY_CFG_SECTION __attribute__ ((section(".psocinit")))
  31:.\Generated_Source\PSoC4/cyfitter_cfg.c ****     
  32:.\Generated_Source\PSoC4/cyfitter_cfg.c ****     #if defined(__ARMCC_VERSION)
  33:.\Generated_Source\PSoC4/cyfitter_cfg.c ****         #define CY_CFG_MEMORY_BARRIER() __memory_changed()
ARM GAS  C:\Users\Philip\AppData\Local\Temp\cczqCr2e.s 			page 2


  34:.\Generated_Source\PSoC4/cyfitter_cfg.c ****     #else
  35:.\Generated_Source\PSoC4/cyfitter_cfg.c ****         #define CY_CFG_MEMORY_BARRIER() __sync_synchronize()
  36:.\Generated_Source\PSoC4/cyfitter_cfg.c ****     #endif
  37:.\Generated_Source\PSoC4/cyfitter_cfg.c ****     
  38:.\Generated_Source\PSoC4/cyfitter_cfg.c **** #elif defined(__ICCARM__)
  39:.\Generated_Source\PSoC4/cyfitter_cfg.c ****     #include <intrinsics.h>
  40:.\Generated_Source\PSoC4/cyfitter_cfg.c **** 
  41:.\Generated_Source\PSoC4/cyfitter_cfg.c ****     #define CYPACKED __packed
  42:.\Generated_Source\PSoC4/cyfitter_cfg.c ****     #define CYPACKED_ATTR 
  43:.\Generated_Source\PSoC4/cyfitter_cfg.c ****     #define CYALIGNED _Pragma("data_alignment=4")
  44:.\Generated_Source\PSoC4/cyfitter_cfg.c ****     #define CY_CFG_UNUSED _Pragma("diag_suppress=Pe177")
  45:.\Generated_Source\PSoC4/cyfitter_cfg.c ****     #define CY_CFG_SECTION _Pragma("location=\".psocinit\"")
  46:.\Generated_Source\PSoC4/cyfitter_cfg.c ****     
  47:.\Generated_Source\PSoC4/cyfitter_cfg.c ****     #define CY_CFG_MEMORY_BARRIER() __DMB()
  48:.\Generated_Source\PSoC4/cyfitter_cfg.c ****     
  49:.\Generated_Source\PSoC4/cyfitter_cfg.c **** #else
  50:.\Generated_Source\PSoC4/cyfitter_cfg.c ****     #error Unsupported toolchain
  51:.\Generated_Source\PSoC4/cyfitter_cfg.c **** #endif
  52:.\Generated_Source\PSoC4/cyfitter_cfg.c **** 
  53:.\Generated_Source\PSoC4/cyfitter_cfg.c **** 
  54:.\Generated_Source\PSoC4/cyfitter_cfg.c **** CY_CFG_UNUSED
  55:.\Generated_Source\PSoC4/cyfitter_cfg.c **** static void CYMEMZERO(void *s, size_t n);
  56:.\Generated_Source\PSoC4/cyfitter_cfg.c **** CY_CFG_UNUSED
  57:.\Generated_Source\PSoC4/cyfitter_cfg.c **** static void CYMEMZERO(void *s, size_t n)
  58:.\Generated_Source\PSoC4/cyfitter_cfg.c **** {
  25              		.loc 1 58 0
  26              		.cfi_startproc
  27 0000 80B5     		push	{r7, lr}
  28              		.cfi_def_cfa_offset 8
  29              		.cfi_offset 7, -8
  30              		.cfi_offset 14, -4
  31 0002 82B0     		sub	sp, sp, #8
  32              		.cfi_def_cfa_offset 16
  33 0004 00AF     		add	r7, sp, #0
  34              		.cfi_def_cfa_register 7
  35 0006 7860     		str	r0, [r7, #4]
  36 0008 3960     		str	r1, [r7]
  59:.\Generated_Source\PSoC4/cyfitter_cfg.c **** 	(void)memset(s, 0, n);
  37              		.loc 1 59 0
  38 000a 7A68     		ldr	r2, [r7, #4]
  39 000c 3B68     		ldr	r3, [r7]
  40 000e 101C     		mov	r0, r2
  41 0010 0021     		mov	r1, #0
  42 0012 1A1C     		mov	r2, r3
  43 0014 FFF7FEFF 		bl	memset
  60:.\Generated_Source\PSoC4/cyfitter_cfg.c **** }
  44              		.loc 1 60 0
  45 0018 BD46     		mov	sp, r7
  46 001a 02B0     		add	sp, sp, #8
  47              		@ sp needed
  48 001c 80BD     		pop	{r7, pc}
  49              		.cfi_endproc
  50              	.LFE0:
  51              		.size	CYMEMZERO, .-CYMEMZERO
  52 001e C046     		.section	.text.CYCONFIGCPY,"ax",%progbits
  53              		.align	2
  54              		.code	16
ARM GAS  C:\Users\Philip\AppData\Local\Temp\cczqCr2e.s 			page 3


  55              		.thumb_func
  56              		.type	CYCONFIGCPY, %function
  57              	CYCONFIGCPY:
  58              	.LFB1:
  61:.\Generated_Source\PSoC4/cyfitter_cfg.c **** CY_CFG_UNUSED
  62:.\Generated_Source\PSoC4/cyfitter_cfg.c **** static void CYCONFIGCPY(void *dest, const void *src, size_t n);
  63:.\Generated_Source\PSoC4/cyfitter_cfg.c **** CY_CFG_UNUSED
  64:.\Generated_Source\PSoC4/cyfitter_cfg.c **** static void CYCONFIGCPY(void *dest, const void *src, size_t n)
  65:.\Generated_Source\PSoC4/cyfitter_cfg.c **** {
  59              		.loc 1 65 0
  60              		.cfi_startproc
  61 0000 80B5     		push	{r7, lr}
  62              		.cfi_def_cfa_offset 8
  63              		.cfi_offset 7, -8
  64              		.cfi_offset 14, -4
  65 0002 84B0     		sub	sp, sp, #16
  66              		.cfi_def_cfa_offset 24
  67 0004 00AF     		add	r7, sp, #0
  68              		.cfi_def_cfa_register 7
  69 0006 F860     		str	r0, [r7, #12]
  70 0008 B960     		str	r1, [r7, #8]
  71 000a 7A60     		str	r2, [r7, #4]
  66:.\Generated_Source\PSoC4/cyfitter_cfg.c **** 	(void)memcpy(dest, src, n);
  72              		.loc 1 66 0
  73 000c F968     		ldr	r1, [r7, #12]
  74 000e BA68     		ldr	r2, [r7, #8]
  75 0010 7B68     		ldr	r3, [r7, #4]
  76 0012 081C     		mov	r0, r1
  77 0014 111C     		mov	r1, r2
  78 0016 1A1C     		mov	r2, r3
  79 0018 FFF7FEFF 		bl	memcpy
  67:.\Generated_Source\PSoC4/cyfitter_cfg.c **** }
  80              		.loc 1 67 0
  81 001c BD46     		mov	sp, r7
  82 001e 04B0     		add	sp, sp, #16
  83              		@ sp needed
  84 0020 80BD     		pop	{r7, pc}
  85              		.cfi_endproc
  86              	.LFE1:
  87              		.size	CYCONFIGCPY, .-CYCONFIGCPY
  88 0022 C046     		.section	.text.CYCONFIGCPYCODE,"ax",%progbits
  89              		.align	2
  90              		.code	16
  91              		.thumb_func
  92              		.type	CYCONFIGCPYCODE, %function
  93              	CYCONFIGCPYCODE:
  94              	.LFB2:
  68:.\Generated_Source\PSoC4/cyfitter_cfg.c **** CY_CFG_UNUSED
  69:.\Generated_Source\PSoC4/cyfitter_cfg.c **** static void CYCONFIGCPYCODE(void *dest, const void *src, size_t n);
  70:.\Generated_Source\PSoC4/cyfitter_cfg.c **** CY_CFG_UNUSED
  71:.\Generated_Source\PSoC4/cyfitter_cfg.c **** static void CYCONFIGCPYCODE(void *dest, const void *src, size_t n)
  72:.\Generated_Source\PSoC4/cyfitter_cfg.c **** {
  95              		.loc 1 72 0
  96              		.cfi_startproc
  97 0000 80B5     		push	{r7, lr}
  98              		.cfi_def_cfa_offset 8
  99              		.cfi_offset 7, -8
ARM GAS  C:\Users\Philip\AppData\Local\Temp\cczqCr2e.s 			page 4


 100              		.cfi_offset 14, -4
 101 0002 84B0     		sub	sp, sp, #16
 102              		.cfi_def_cfa_offset 24
 103 0004 00AF     		add	r7, sp, #0
 104              		.cfi_def_cfa_register 7
 105 0006 F860     		str	r0, [r7, #12]
 106 0008 B960     		str	r1, [r7, #8]
 107 000a 7A60     		str	r2, [r7, #4]
  73:.\Generated_Source\PSoC4/cyfitter_cfg.c **** 	(void)memcpy(dest, src, n);
 108              		.loc 1 73 0
 109 000c F968     		ldr	r1, [r7, #12]
 110 000e BA68     		ldr	r2, [r7, #8]
 111 0010 7B68     		ldr	r3, [r7, #4]
 112 0012 081C     		mov	r0, r1
 113 0014 111C     		mov	r1, r2
 114 0016 1A1C     		mov	r2, r3
 115 0018 FFF7FEFF 		bl	memcpy
  74:.\Generated_Source\PSoC4/cyfitter_cfg.c **** }
 116              		.loc 1 74 0
 117 001c BD46     		mov	sp, r7
 118 001e 04B0     		add	sp, sp, #16
 119              		@ sp needed
 120 0020 80BD     		pop	{r7, pc}
 121              		.cfi_endproc
 122              	.LFE2:
 123              		.size	CYCONFIGCPYCODE, .-CYCONFIGCPYCODE
 124 0022 C046     		.section	.psocinit,"ax",%progbits
 125              		.align	2
 126              		.code	16
 127              		.thumb_func
 128              		.type	SetIMOBGTrims, %function
 129              	SetIMOBGTrims:
 130              	.LFB3:
  75:.\Generated_Source\PSoC4/cyfitter_cfg.c **** 
  76:.\Generated_Source\PSoC4/cyfitter_cfg.c **** 
  77:.\Generated_Source\PSoC4/cyfitter_cfg.c **** 
  78:.\Generated_Source\PSoC4/cyfitter_cfg.c **** /* Clock startup error codes                                                   */
  79:.\Generated_Source\PSoC4/cyfitter_cfg.c **** #define CYCLOCKSTART_NO_ERROR    0u
  80:.\Generated_Source\PSoC4/cyfitter_cfg.c **** #define CYCLOCKSTART_XTAL_ERROR  1u
  81:.\Generated_Source\PSoC4/cyfitter_cfg.c **** #define CYCLOCKSTART_32KHZ_ERROR 2u
  82:.\Generated_Source\PSoC4/cyfitter_cfg.c **** #define CYCLOCKSTART_PLL_ERROR   3u
  83:.\Generated_Source\PSoC4/cyfitter_cfg.c **** 
  84:.\Generated_Source\PSoC4/cyfitter_cfg.c **** #ifdef CY_NEED_CYCLOCKSTARTUPERROR
  85:.\Generated_Source\PSoC4/cyfitter_cfg.c **** /*******************************************************************************
  86:.\Generated_Source\PSoC4/cyfitter_cfg.c **** * Function Name: CyClockStartupError
  87:.\Generated_Source\PSoC4/cyfitter_cfg.c **** ********************************************************************************
  88:.\Generated_Source\PSoC4/cyfitter_cfg.c **** * Summary:
  89:.\Generated_Source\PSoC4/cyfitter_cfg.c **** *  If an error is encountered during clock configuration (crystal startup error,
  90:.\Generated_Source\PSoC4/cyfitter_cfg.c **** *  PLL lock error, etc.), the system will end up here.  Unless reimplemented by
  91:.\Generated_Source\PSoC4/cyfitter_cfg.c **** *  the customer, this function will stop in an infinite loop.
  92:.\Generated_Source\PSoC4/cyfitter_cfg.c **** *
  93:.\Generated_Source\PSoC4/cyfitter_cfg.c **** * Parameters:
  94:.\Generated_Source\PSoC4/cyfitter_cfg.c **** *   void
  95:.\Generated_Source\PSoC4/cyfitter_cfg.c **** *
  96:.\Generated_Source\PSoC4/cyfitter_cfg.c **** * Return:
  97:.\Generated_Source\PSoC4/cyfitter_cfg.c **** *   void
  98:.\Generated_Source\PSoC4/cyfitter_cfg.c **** *
ARM GAS  C:\Users\Philip\AppData\Local\Temp\cczqCr2e.s 			page 5


  99:.\Generated_Source\PSoC4/cyfitter_cfg.c **** *******************************************************************************/
 100:.\Generated_Source\PSoC4/cyfitter_cfg.c **** CY_CFG_UNUSED
 101:.\Generated_Source\PSoC4/cyfitter_cfg.c **** static void CyClockStartupError(uint8 errorCode);
 102:.\Generated_Source\PSoC4/cyfitter_cfg.c **** CY_CFG_UNUSED
 103:.\Generated_Source\PSoC4/cyfitter_cfg.c **** static void CyClockStartupError(uint8 errorCode)
 104:.\Generated_Source\PSoC4/cyfitter_cfg.c **** {
 105:.\Generated_Source\PSoC4/cyfitter_cfg.c ****     /* To remove the compiler warning if errorCode not used.                */
 106:.\Generated_Source\PSoC4/cyfitter_cfg.c ****     errorCode = errorCode;
 107:.\Generated_Source\PSoC4/cyfitter_cfg.c **** 
 108:.\Generated_Source\PSoC4/cyfitter_cfg.c ****     /* `#START CyClockStartupError` */
 109:.\Generated_Source\PSoC4/cyfitter_cfg.c **** 
 110:.\Generated_Source\PSoC4/cyfitter_cfg.c ****     /* If we have a clock startup error (bad MHz crystal, PLL lock, etc.),  */
 111:.\Generated_Source\PSoC4/cyfitter_cfg.c ****     /* we will end up here to allow the customer to implement something to  */
 112:.\Generated_Source\PSoC4/cyfitter_cfg.c ****     /* deal with the clock condition.                                       */
 113:.\Generated_Source\PSoC4/cyfitter_cfg.c **** 
 114:.\Generated_Source\PSoC4/cyfitter_cfg.c ****     /* `#END` */
 115:.\Generated_Source\PSoC4/cyfitter_cfg.c **** 
 116:.\Generated_Source\PSoC4/cyfitter_cfg.c ****     /* If nothing else, stop here since the clocks have not started         */
 117:.\Generated_Source\PSoC4/cyfitter_cfg.c ****     /* correctly.                                                           */
 118:.\Generated_Source\PSoC4/cyfitter_cfg.c ****     while(1) {}
 119:.\Generated_Source\PSoC4/cyfitter_cfg.c **** }
 120:.\Generated_Source\PSoC4/cyfitter_cfg.c **** #endif
 121:.\Generated_Source\PSoC4/cyfitter_cfg.c **** 
 122:.\Generated_Source\PSoC4/cyfitter_cfg.c **** 
 123:.\Generated_Source\PSoC4/cyfitter_cfg.c **** /*******************************************************************************
 124:.\Generated_Source\PSoC4/cyfitter_cfg.c **** * Function Name: SetIMOBGTrims
 125:.\Generated_Source\PSoC4/cyfitter_cfg.c **** ********************************************************************************
 126:.\Generated_Source\PSoC4/cyfitter_cfg.c **** *
 127:.\Generated_Source\PSoC4/cyfitter_cfg.c **** * Summary:
 128:.\Generated_Source\PSoC4/cyfitter_cfg.c **** *   Performs the configuration of the bandgap trim for the IMO based on the given
 129:.\Generated_Source\PSoC4/cyfitter_cfg.c **** *   expected frequency of the IMO. 
 130:.\Generated_Source\PSoC4/cyfitter_cfg.c **** *
 131:.\Generated_Source\PSoC4/cyfitter_cfg.c **** * Parameters:
 132:.\Generated_Source\PSoC4/cyfitter_cfg.c **** *   imoFreq: Frequency for operation of the IMO.
 133:.\Generated_Source\PSoC4/cyfitter_cfg.c **** *
 134:.\Generated_Source\PSoC4/cyfitter_cfg.c **** * Return:
 135:.\Generated_Source\PSoC4/cyfitter_cfg.c **** *   void
 136:.\Generated_Source\PSoC4/cyfitter_cfg.c **** *
 137:.\Generated_Source\PSoC4/cyfitter_cfg.c **** *******************************************************************************/
 138:.\Generated_Source\PSoC4/cyfitter_cfg.c **** static void SetIMOBGTrims(uint8 imoFreq);
 139:.\Generated_Source\PSoC4/cyfitter_cfg.c **** CY_CFG_SECTION
 140:.\Generated_Source\PSoC4/cyfitter_cfg.c **** static void SetIMOBGTrims(uint8 imoFreq)
 141:.\Generated_Source\PSoC4/cyfitter_cfg.c **** {
 131              		.loc 1 141 0
 132              		.cfi_startproc
 133 0000 80B5     		push	{r7, lr}
 134              		.cfi_def_cfa_offset 8
 135              		.cfi_offset 7, -8
 136              		.cfi_offset 14, -4
 137 0002 84B0     		sub	sp, sp, #16
 138              		.cfi_def_cfa_offset 24
 139 0004 00AF     		add	r7, sp, #0
 140              		.cfi_def_cfa_register 7
 141 0006 021C     		mov	r2, r0
 142 0008 FB1D     		add	r3, r7, #7
 143 000a 1A70     		strb	r2, [r3]
 142:.\Generated_Source\PSoC4/cyfitter_cfg.c **** 	CYPACKED typedef struct {
ARM GAS  C:\Users\Philip\AppData\Local\Temp\cczqCr2e.s 			page 6


 143:.\Generated_Source\PSoC4/cyfitter_cfg.c **** 		uint8 freq;
 144:.\Generated_Source\PSoC4/cyfitter_cfg.c **** 		uint8 absolute;
 145:.\Generated_Source\PSoC4/cyfitter_cfg.c **** 		uint8 tmpco;
 146:.\Generated_Source\PSoC4/cyfitter_cfg.c **** 	} CYPACKED_ATTR imo_trim_entry_t;
 147:.\Generated_Source\PSoC4/cyfitter_cfg.c **** 
 148:.\Generated_Source\PSoC4/cyfitter_cfg.c **** 	CYPACKED typedef struct {
 149:.\Generated_Source\PSoC4/cyfitter_cfg.c **** 		imo_trim_entry_t entries[4];
 150:.\Generated_Source\PSoC4/cyfitter_cfg.c **** 	} CYPACKED_ATTR imo_trim_table_t;
 151:.\Generated_Source\PSoC4/cyfitter_cfg.c **** 
 152:.\Generated_Source\PSoC4/cyfitter_cfg.c **** 	static const imo_trim_table_t *imo_trim_table = (const imo_trim_table_t *)CYREG_SFLASH_IMO_MAXF0;
 153:.\Generated_Source\PSoC4/cyfitter_cfg.c **** 	static const uint32 IMO_TRIM_FREQ_TABLE_ENTRIES = sizeof(imo_trim_table->entries)/sizeof(imo_trim_
 154:.\Generated_Source\PSoC4/cyfitter_cfg.c **** 
 155:.\Generated_Source\PSoC4/cyfitter_cfg.c **** 	int32 imoTrimIndex;
 156:.\Generated_Source\PSoC4/cyfitter_cfg.c **** 	uint8 setAbs;
 157:.\Generated_Source\PSoC4/cyfitter_cfg.c **** 	uint8 setTmpCo;
 158:.\Generated_Source\PSoC4/cyfitter_cfg.c **** 
 159:.\Generated_Source\PSoC4/cyfitter_cfg.c **** 	/* Traverse the SFLASH IMO frequency-dependent bandgap trim table to
 160:.\Generated_Source\PSoC4/cyfitter_cfg.c **** 	 * locate the appropriate value to trim the IMO bandgap based on freq. */
 161:.\Generated_Source\PSoC4/cyfitter_cfg.c **** 	setAbs = CY_GET_REG8((const void *)CYREG_SFLASH_IMO_ABS4);
 144              		.loc 1 161 0
 145 000c 204A     		ldr	r2, .L8
 146 000e 3B1C     		mov	r3, r7
 147 0010 0B33     		add	r3, r3, #11
 148 0012 1278     		ldrb	r2, [r2]
 149 0014 1A70     		strb	r2, [r3]
 162:.\Generated_Source\PSoC4/cyfitter_cfg.c **** 	setTmpCo = CY_GET_REG8((const void *)CYREG_SFLASH_IMO_TMPCO4);
 150              		.loc 1 162 0
 151 0016 1F4A     		ldr	r2, .L8+4
 152 0018 3B1C     		mov	r3, r7
 153 001a 0A33     		add	r3, r3, #10
 154 001c 1278     		ldrb	r2, [r2]
 155 001e 1A70     		strb	r2, [r3]
 163:.\Generated_Source\PSoC4/cyfitter_cfg.c **** 	for (imoTrimIndex = ((int32)IMO_TRIM_FREQ_TABLE_ENTRIES)-1;
 156              		.loc 1 163 0
 157 0020 0423     		mov	r3, #4
 158 0022 013B     		sub	r3, r3, #1
 159 0024 FB60     		str	r3, [r7, #12]
 160 0026 18E0     		b	.L5
 161              	.L7:
 164:.\Generated_Source\PSoC4/cyfitter_cfg.c **** 	     (imoTrimIndex >= 0) && (imoFreq <= imo_trim_table->entries[imoTrimIndex].freq);
 165:.\Generated_Source\PSoC4/cyfitter_cfg.c **** 	     imoTrimIndex--)
 166:.\Generated_Source\PSoC4/cyfitter_cfg.c **** 	{
 167:.\Generated_Source\PSoC4/cyfitter_cfg.c **** 		setAbs = imo_trim_table->entries[imoTrimIndex].absolute;
 162              		.loc 1 167 0
 163 0028 1B4B     		ldr	r3, .L8+8
 164 002a 1868     		ldr	r0, [r3]
 165 002c 391C     		mov	r1, r7
 166 002e 0B31     		add	r1, r1, #11
 167 0030 FA68     		ldr	r2, [r7, #12]
 168 0032 131C     		mov	r3, r2
 169 0034 5B00     		lsl	r3, r3, #1
 170 0036 9B18     		add	r3, r3, r2
 171 0038 C318     		add	r3, r0, r3
 172 003a 5B78     		ldrb	r3, [r3, #1]
 173 003c 0B70     		strb	r3, [r1]
 168:.\Generated_Source\PSoC4/cyfitter_cfg.c **** 		setTmpCo = imo_trim_table->entries[imoTrimIndex].tmpco;
 174              		.loc 1 168 0
ARM GAS  C:\Users\Philip\AppData\Local\Temp\cczqCr2e.s 			page 7


 175 003e 164B     		ldr	r3, .L8+8
 176 0040 1868     		ldr	r0, [r3]
 177 0042 391C     		mov	r1, r7
 178 0044 0A31     		add	r1, r1, #10
 179 0046 FA68     		ldr	r2, [r7, #12]
 180 0048 131C     		mov	r3, r2
 181 004a 5B00     		lsl	r3, r3, #1
 182 004c 9B18     		add	r3, r3, r2
 183 004e C318     		add	r3, r0, r3
 184 0050 9B78     		ldrb	r3, [r3, #2]
 185 0052 0B70     		strb	r3, [r1]
 165:.\Generated_Source\PSoC4/cyfitter_cfg.c **** 	     imoTrimIndex--)
 186              		.loc 1 165 0
 187 0054 FB68     		ldr	r3, [r7, #12]
 188 0056 013B     		sub	r3, r3, #1
 189 0058 FB60     		str	r3, [r7, #12]
 190              	.L5:
 163:.\Generated_Source\PSoC4/cyfitter_cfg.c **** 	for (imoTrimIndex = ((int32)IMO_TRIM_FREQ_TABLE_ENTRIES)-1;
 191              		.loc 1 163 0 discriminator 1
 192 005a FB68     		ldr	r3, [r7, #12]
 193 005c 002B     		cmp	r3, #0
 194 005e 0ADB     		blt	.L6
 164:.\Generated_Source\PSoC4/cyfitter_cfg.c **** 	     (imoTrimIndex >= 0) && (imoFreq <= imo_trim_table->entries[imoTrimIndex].freq);
 195              		.loc 1 164 0
 196 0060 0D4B     		ldr	r3, .L8+8
 197 0062 1968     		ldr	r1, [r3]
 198 0064 FA68     		ldr	r2, [r7, #12]
 199 0066 131C     		mov	r3, r2
 200 0068 5B00     		lsl	r3, r3, #1
 201 006a 9B18     		add	r3, r3, r2
 202 006c 5B5C     		ldrb	r3, [r3, r1]
 203 006e FA1D     		add	r2, r7, #7
 204 0070 1278     		ldrb	r2, [r2]
 205 0072 9A42     		cmp	r2, r3
 206 0074 D8D9     		bls	.L7
 207              	.L6:
 169:.\Generated_Source\PSoC4/cyfitter_cfg.c **** 	}
 170:.\Generated_Source\PSoC4/cyfitter_cfg.c **** 
 171:.\Generated_Source\PSoC4/cyfitter_cfg.c **** 	CY_SET_REG32((void *)CYREG_PWR_BG_TRIM4, setAbs);
 208              		.loc 1 171 0
 209 0076 094B     		ldr	r3, .L8+12
 210 0078 3A1C     		mov	r2, r7
 211 007a 0B32     		add	r2, r2, #11
 212 007c 1278     		ldrb	r2, [r2]
 213 007e 1A60     		str	r2, [r3]
 172:.\Generated_Source\PSoC4/cyfitter_cfg.c **** 	CY_SET_REG32((void *)CYREG_PWR_BG_TRIM5, setTmpCo);
 214              		.loc 1 172 0
 215 0080 074B     		ldr	r3, .L8+16
 216 0082 3A1C     		mov	r2, r7
 217 0084 0A32     		add	r2, r2, #10
 218 0086 1278     		ldrb	r2, [r2]
 219 0088 1A60     		str	r2, [r3]
 173:.\Generated_Source\PSoC4/cyfitter_cfg.c **** }
 220              		.loc 1 173 0
 221 008a BD46     		mov	sp, r7
 222 008c 04B0     		add	sp, sp, #16
 223              		@ sp needed
ARM GAS  C:\Users\Philip\AppData\Local\Temp\cczqCr2e.s 			page 8


 224 008e 80BD     		pop	{r7, pc}
 225              	.L9:
 226              		.align	2
 227              	.L8:
 228 0090 CCF1FF0F 		.word	268431820
 229 0094 CDF1FF0F 		.word	268431821
 230 0098 00000000 		.word	imo_trim_table.4687
 231 009c 1CFF0B40 		.word	1074528028
 232 00a0 20FF0B40 		.word	1074528032
 233              		.cfi_endproc
 234              	.LFE3:
 235              		.size	SetIMOBGTrims, .-SetIMOBGTrims
 236              		.align	2
 237              		.code	16
 238              		.thumb_func
 239              		.type	ClockSetup, %function
 240              	ClockSetup:
 241              	.LFB4:
 174:.\Generated_Source\PSoC4/cyfitter_cfg.c **** 
 175:.\Generated_Source\PSoC4/cyfitter_cfg.c **** 
 176:.\Generated_Source\PSoC4/cyfitter_cfg.c **** 
 177:.\Generated_Source\PSoC4/cyfitter_cfg.c **** /*******************************************************************************
 178:.\Generated_Source\PSoC4/cyfitter_cfg.c **** * Function Name: ClockSetup
 179:.\Generated_Source\PSoC4/cyfitter_cfg.c **** ********************************************************************************
 180:.\Generated_Source\PSoC4/cyfitter_cfg.c **** *
 181:.\Generated_Source\PSoC4/cyfitter_cfg.c **** * Summary:
 182:.\Generated_Source\PSoC4/cyfitter_cfg.c **** *   Performs the initialization of all of the clocks in the device based on the
 183:.\Generated_Source\PSoC4/cyfitter_cfg.c **** *   settings in the Clock tab of the DWR.  This includes enabling the requested
 184:.\Generated_Source\PSoC4/cyfitter_cfg.c **** *   clocks and setting the necessary dividers to produce the desired frequency. 
 185:.\Generated_Source\PSoC4/cyfitter_cfg.c **** *
 186:.\Generated_Source\PSoC4/cyfitter_cfg.c **** * Parameters:
 187:.\Generated_Source\PSoC4/cyfitter_cfg.c **** *   void
 188:.\Generated_Source\PSoC4/cyfitter_cfg.c **** *
 189:.\Generated_Source\PSoC4/cyfitter_cfg.c **** * Return:
 190:.\Generated_Source\PSoC4/cyfitter_cfg.c **** *   void
 191:.\Generated_Source\PSoC4/cyfitter_cfg.c **** *
 192:.\Generated_Source\PSoC4/cyfitter_cfg.c **** *******************************************************************************/
 193:.\Generated_Source\PSoC4/cyfitter_cfg.c **** static void ClockSetup(void);
 194:.\Generated_Source\PSoC4/cyfitter_cfg.c **** CY_CFG_SECTION
 195:.\Generated_Source\PSoC4/cyfitter_cfg.c **** static void ClockSetup(void)
 196:.\Generated_Source\PSoC4/cyfitter_cfg.c **** {
 242              		.loc 1 196 0
 243              		.cfi_startproc
 244 00a4 80B5     		push	{r7, lr}
 245              		.cfi_def_cfa_offset 8
 246              		.cfi_offset 7, -8
 247              		.cfi_offset 14, -4
 248 00a6 00AF     		add	r7, sp, #0
 249              		.cfi_def_cfa_register 7
 197:.\Generated_Source\PSoC4/cyfitter_cfg.c **** 	/* Enable HALF_EN before trimming for the flash accelerator. */
 198:.\Generated_Source\PSoC4/cyfitter_cfg.c **** 	CY_SET_REG32((void CYXDATA *)(CYREG_CLK_SELECT), (CY_GET_REG32((void *)CYREG_CLK_SELECT) | 0x00040
 250              		.loc 1 198 0
 251 00a8 1C4B     		ldr	r3, .L11
 252 00aa 1C4A     		ldr	r2, .L11
 253 00ac 1268     		ldr	r2, [r2]
 254 00ae 8021     		mov	r1, #128
 255 00b0 C902     		lsl	r1, r1, #11
ARM GAS  C:\Users\Philip\AppData\Local\Temp\cczqCr2e.s 			page 9


 256 00b2 0A43     		orr	r2, r1
 257 00b4 1A60     		str	r2, [r3]
 199:.\Generated_Source\PSoC4/cyfitter_cfg.c **** 
 200:.\Generated_Source\PSoC4/cyfitter_cfg.c **** 	/* Trim IMO BG based on desired frequency. */
 201:.\Generated_Source\PSoC4/cyfitter_cfg.c **** 	SetIMOBGTrims(24u);
 258              		.loc 1 201 0
 259 00b6 1820     		mov	r0, #24
 260 00b8 FFF7A2FF 		bl	SetIMOBGTrims
 202:.\Generated_Source\PSoC4/cyfitter_cfg.c **** 
 203:.\Generated_Source\PSoC4/cyfitter_cfg.c **** 	/* Going less than or equal to 24MHz, so update the clock speed then adjust trim value. */
 204:.\Generated_Source\PSoC4/cyfitter_cfg.c **** 	CY_SET_REG32((void CYXDATA *)(CYREG_CLK_IMO_TRIM2), (25u));
 261              		.loc 1 204 0
 262 00bc 184B     		ldr	r3, .L11+4
 263 00be 1922     		mov	r2, #25
 264 00c0 1A60     		str	r2, [r3]
 205:.\Generated_Source\PSoC4/cyfitter_cfg.c **** 	CyDelayCycles(5u);
 265              		.loc 1 205 0
 266 00c2 0520     		mov	r0, #5
 267 00c4 FFF7FEFF 		bl	CyDelayCycles
 206:.\Generated_Source\PSoC4/cyfitter_cfg.c **** 	CY_SET_REG32((void CYXDATA *)(CYREG_CLK_IMO_TRIM1), (CY_GET_REG8((void *)CYREG_SFLASH_IMO_TRIM21))
 268              		.loc 1 206 0
 269 00c8 164B     		ldr	r3, .L11+8
 270 00ca 174A     		ldr	r2, .L11+12
 271 00cc 1278     		ldrb	r2, [r2]
 272 00ce D2B2     		uxtb	r2, r2
 273 00d0 1A60     		str	r2, [r3]
 207:.\Generated_Source\PSoC4/cyfitter_cfg.c **** 	CyDelayUs(5u);
 274              		.loc 1 207 0
 275 00d2 0520     		mov	r0, #5
 276 00d4 FFF7FEFF 		bl	CyDelayUs
 208:.\Generated_Source\PSoC4/cyfitter_cfg.c **** 
 209:.\Generated_Source\PSoC4/cyfitter_cfg.c **** 	/* Disable HALF_EN since it is not required at this IMO frequency. */
 210:.\Generated_Source\PSoC4/cyfitter_cfg.c **** 	CY_SET_REG32((void CYXDATA *)(CYREG_CLK_SELECT), (CY_GET_REG32((void *)CYREG_CLK_SELECT) & 0xFFFBF
 277              		.loc 1 210 0
 278 00d8 104B     		ldr	r3, .L11
 279 00da 104A     		ldr	r2, .L11
 280 00dc 1168     		ldr	r1, [r2]
 281 00de 134A     		ldr	r2, .L11+16
 282 00e0 0A40     		and	r2, r1
 283 00e2 1A60     		str	r2, [r3]
 211:.\Generated_Source\PSoC4/cyfitter_cfg.c **** 	/* CYDEV_CLK_ILO_CONFIG Starting address: CYDEV_CLK_ILO_CONFIG */
 212:.\Generated_Source\PSoC4/cyfitter_cfg.c **** 	CY_SET_XTND_REG32((void CYFAR *)(CYREG_CLK_ILO_CONFIG), 0x80000006u);
 284              		.loc 1 212 0
 285 00e4 124B     		ldr	r3, .L11+20
 286 00e6 134A     		ldr	r2, .L11+24
 287 00e8 1A60     		str	r2, [r3]
 213:.\Generated_Source\PSoC4/cyfitter_cfg.c **** 
 214:.\Generated_Source\PSoC4/cyfitter_cfg.c **** 
 215:.\Generated_Source\PSoC4/cyfitter_cfg.c **** 	/* CYDEV_CLK_SELECT00 Starting address: CYDEV_CLK_SELECT00 */
 216:.\Generated_Source\PSoC4/cyfitter_cfg.c **** 	CY_SET_XTND_REG32((void CYFAR *)(CYREG_CLK_SELECT02), 0x00000010u);
 288              		.loc 1 216 0
 289 00ea 134B     		ldr	r3, .L11+28
 290 00ec 1022     		mov	r2, #16
 291 00ee 1A60     		str	r2, [r3]
 217:.\Generated_Source\PSoC4/cyfitter_cfg.c **** 	CY_SET_XTND_REG32((void CYFAR *)(CYREG_CLK_SELECT03), 0x00000030u);
 292              		.loc 1 217 0
 293 00f0 124B     		ldr	r3, .L11+32
ARM GAS  C:\Users\Philip\AppData\Local\Temp\cczqCr2e.s 			page 10


 294 00f2 3022     		mov	r2, #48
 295 00f4 1A60     		str	r2, [r3]
 218:.\Generated_Source\PSoC4/cyfitter_cfg.c **** 	CY_SET_XTND_REG32((void CYFAR *)(CYREG_CLK_SELECT08), 0x00000020u);
 296              		.loc 1 218 0
 297 00f6 124B     		ldr	r3, .L11+36
 298 00f8 2022     		mov	r2, #32
 299 00fa 1A60     		str	r2, [r3]
 219:.\Generated_Source\PSoC4/cyfitter_cfg.c **** 
 220:.\Generated_Source\PSoC4/cyfitter_cfg.c **** 	/* CYDEV_CLK_IMO_CONFIG Starting address: CYDEV_CLK_IMO_CONFIG */
 221:.\Generated_Source\PSoC4/cyfitter_cfg.c **** 	CY_SET_XTND_REG32((void CYFAR *)(CYREG_CLK_IMO_CONFIG), 0x80000000u);
 300              		.loc 1 221 0
 301 00fc 114B     		ldr	r3, .L11+40
 302 00fe 8022     		mov	r2, #128
 303 0100 1206     		lsl	r2, r2, #24
 304 0102 1A60     		str	r2, [r3]
 222:.\Generated_Source\PSoC4/cyfitter_cfg.c **** 
 223:.\Generated_Source\PSoC4/cyfitter_cfg.c **** 	/* CYDEV_CLK_DIVIDER_A00 Starting address: CYDEV_CLK_DIVIDER_A00 */
 224:.\Generated_Source\PSoC4/cyfitter_cfg.c **** 	CY_SET_XTND_REG32((void CYFAR *)(CYREG_CLK_DIVIDER_A00), 0x8000000Eu);
 305              		.loc 1 224 0
 306 0104 104B     		ldr	r3, .L11+44
 307 0106 114A     		ldr	r2, .L11+48
 308 0108 1A60     		str	r2, [r3]
 225:.\Generated_Source\PSoC4/cyfitter_cfg.c **** 
 226:.\Generated_Source\PSoC4/cyfitter_cfg.c **** 	/* CYDEV_CLK_DIVIDER_B00 Starting address: CYDEV_CLK_DIVIDER_B00 */
 227:.\Generated_Source\PSoC4/cyfitter_cfg.c **** 	CY_SET_XTND_REG32((void CYFAR *)(CYREG_CLK_DIVIDER_B00), 0x80000027u);
 309              		.loc 1 227 0
 310 010a 114B     		ldr	r3, .L11+52
 311 010c 114A     		ldr	r2, .L11+56
 312 010e 1A60     		str	r2, [r3]
 228:.\Generated_Source\PSoC4/cyfitter_cfg.c **** 
 229:.\Generated_Source\PSoC4/cyfitter_cfg.c **** 	/* CYDEV_CLK_DIVIDER_C00 Starting address: CYDEV_CLK_DIVIDER_C00 */
 230:.\Generated_Source\PSoC4/cyfitter_cfg.c **** 	CY_SET_XTND_REG32((void CYFAR *)(CYREG_CLK_DIVIDER_C00), 0x800000CFu);
 313              		.loc 1 230 0
 314 0110 114B     		ldr	r3, .L11+60
 315 0112 124A     		ldr	r2, .L11+64
 316 0114 1A60     		str	r2, [r3]
 231:.\Generated_Source\PSoC4/cyfitter_cfg.c **** 
 232:.\Generated_Source\PSoC4/cyfitter_cfg.c **** }
 317              		.loc 1 232 0
 318 0116 BD46     		mov	sp, r7
 319              		@ sp needed
 320 0118 80BD     		pop	{r7, pc}
 321              	.L12:
 322 011a C046     		.align	2
 323              	.L11:
 324 011c 00010B40 		.word	1074462976
 325 0120 2CFF0B40 		.word	1074528044
 326 0124 28FF0B40 		.word	1074528040
 327 0128 E5F1FF0F 		.word	268431845
 328 012c FFFFFBFF 		.word	-262145
 329 0130 04010B40 		.word	1074462980
 330 0134 06000080 		.word	-2147483642
 331 0138 08020240 		.word	1073873416
 332 013c 0C020240 		.word	1073873420
 333 0140 20020240 		.word	1073873440
 334 0144 08010B40 		.word	1074462984
 335 0148 00000240 		.word	1073872896
ARM GAS  C:\Users\Philip\AppData\Local\Temp\cczqCr2e.s 			page 11


 336 014c 0E000080 		.word	-2147483634
 337 0150 40000240 		.word	1073872960
 338 0154 27000080 		.word	-2147483609
 339 0158 80000240 		.word	1073873024
 340 015c CF000080 		.word	-2147483441
 341              		.cfi_endproc
 342              	.LFE4:
 343              		.size	ClockSetup, .-ClockSetup
 344              		.section	.text.AnalogSetDefault,"ax",%progbits
 345              		.align	2
 346              		.code	16
 347              		.thumb_func
 348              		.type	AnalogSetDefault, %function
 349              	AnalogSetDefault:
 350              	.LFB5:
 233:.\Generated_Source\PSoC4/cyfitter_cfg.c **** 
 234:.\Generated_Source\PSoC4/cyfitter_cfg.c **** 
 235:.\Generated_Source\PSoC4/cyfitter_cfg.c **** /* Analog API Functions */
 236:.\Generated_Source\PSoC4/cyfitter_cfg.c **** 
 237:.\Generated_Source\PSoC4/cyfitter_cfg.c **** 
 238:.\Generated_Source\PSoC4/cyfitter_cfg.c **** /*******************************************************************************
 239:.\Generated_Source\PSoC4/cyfitter_cfg.c **** * Function Name: AnalogSetDefault
 240:.\Generated_Source\PSoC4/cyfitter_cfg.c **** ********************************************************************************
 241:.\Generated_Source\PSoC4/cyfitter_cfg.c **** *
 242:.\Generated_Source\PSoC4/cyfitter_cfg.c **** * Summary:
 243:.\Generated_Source\PSoC4/cyfitter_cfg.c **** *  Sets up the analog portions of the chip to default values based on chip
 244:.\Generated_Source\PSoC4/cyfitter_cfg.c **** *  configuration options from the project.
 245:.\Generated_Source\PSoC4/cyfitter_cfg.c **** *
 246:.\Generated_Source\PSoC4/cyfitter_cfg.c **** * Parameters:
 247:.\Generated_Source\PSoC4/cyfitter_cfg.c **** *  void
 248:.\Generated_Source\PSoC4/cyfitter_cfg.c **** *
 249:.\Generated_Source\PSoC4/cyfitter_cfg.c **** * Return:
 250:.\Generated_Source\PSoC4/cyfitter_cfg.c **** *  void
 251:.\Generated_Source\PSoC4/cyfitter_cfg.c **** *
 252:.\Generated_Source\PSoC4/cyfitter_cfg.c **** *******************************************************************************/
 253:.\Generated_Source\PSoC4/cyfitter_cfg.c **** static void AnalogSetDefault(void);
 254:.\Generated_Source\PSoC4/cyfitter_cfg.c **** static void AnalogSetDefault(void)
 255:.\Generated_Source\PSoC4/cyfitter_cfg.c **** {
 351              		.loc 1 255 0
 352              		.cfi_startproc
 353 0000 80B5     		push	{r7, lr}
 354              		.cfi_def_cfa_offset 8
 355              		.cfi_offset 7, -8
 356              		.cfi_offset 14, -4
 357 0002 00AF     		add	r7, sp, #0
 358              		.cfi_def_cfa_register 7
 256:.\Generated_Source\PSoC4/cyfitter_cfg.c **** }
 359              		.loc 1 256 0
 360 0004 BD46     		mov	sp, r7
 361              		@ sp needed
 362 0006 80BD     		pop	{r7, pc}
 363              		.cfi_endproc
 364              	.LFE5:
 365              		.size	AnalogSetDefault, .-AnalogSetDefault
 366              		.section	.psocinit
 367              		.align	2
 368              		.global	cyfitter_cfg
ARM GAS  C:\Users\Philip\AppData\Local\Temp\cczqCr2e.s 			page 12


 369              		.code	16
 370              		.thumb_func
 371              		.type	cyfitter_cfg, %function
 372              	cyfitter_cfg:
 373              	.LFB6:
 257:.\Generated_Source\PSoC4/cyfitter_cfg.c **** 
 258:.\Generated_Source\PSoC4/cyfitter_cfg.c **** #define CY_AMUX_UNUSED CYREG_CM0_ROM_DWT
 259:.\Generated_Source\PSoC4/cyfitter_cfg.c **** 
 260:.\Generated_Source\PSoC4/cyfitter_cfg.c **** 
 261:.\Generated_Source\PSoC4/cyfitter_cfg.c **** /*******************************************************************************
 262:.\Generated_Source\PSoC4/cyfitter_cfg.c **** * Function Name: cyfitter_cfg
 263:.\Generated_Source\PSoC4/cyfitter_cfg.c **** ********************************************************************************
 264:.\Generated_Source\PSoC4/cyfitter_cfg.c **** * Summary:
 265:.\Generated_Source\PSoC4/cyfitter_cfg.c **** *  This function is called by the start-up code for the selected device. It
 266:.\Generated_Source\PSoC4/cyfitter_cfg.c **** *  performs all of the necessary device configuration based on the design
 267:.\Generated_Source\PSoC4/cyfitter_cfg.c **** *  settings.  This includes settings from the Design Wide Resources (DWR) such
 268:.\Generated_Source\PSoC4/cyfitter_cfg.c **** *  as Clocks and Pins as well as any component configuration that is necessary.
 269:.\Generated_Source\PSoC4/cyfitter_cfg.c **** *
 270:.\Generated_Source\PSoC4/cyfitter_cfg.c **** * Parameters:  
 271:.\Generated_Source\PSoC4/cyfitter_cfg.c **** *   void
 272:.\Generated_Source\PSoC4/cyfitter_cfg.c **** *
 273:.\Generated_Source\PSoC4/cyfitter_cfg.c **** * Return:
 274:.\Generated_Source\PSoC4/cyfitter_cfg.c **** *   void
 275:.\Generated_Source\PSoC4/cyfitter_cfg.c **** *
 276:.\Generated_Source\PSoC4/cyfitter_cfg.c **** *******************************************************************************/
 277:.\Generated_Source\PSoC4/cyfitter_cfg.c **** CY_CFG_SECTION
 278:.\Generated_Source\PSoC4/cyfitter_cfg.c **** void cyfitter_cfg(void)
 279:.\Generated_Source\PSoC4/cyfitter_cfg.c **** {
 374              		.loc 1 279 0
 375              		.cfi_startproc
 376 0160 80B5     		push	{r7, lr}
 377              		.cfi_def_cfa_offset 8
 378              		.cfi_offset 7, -8
 379              		.cfi_offset 14, -4
 380 0162 82B0     		sub	sp, sp, #8
 381              		.cfi_def_cfa_offset 16
 382 0164 00AF     		add	r7, sp, #0
 383              		.cfi_def_cfa_register 7
 280:.\Generated_Source\PSoC4/cyfitter_cfg.c **** 	/* Disable interrupts by default. Let user enable if/when they want. */
 281:.\Generated_Source\PSoC4/cyfitter_cfg.c **** 	CyGlobalIntDisable;
 384              		.loc 1 281 0
 385              	@ 281 ".\Generated_Source\PSoC4\cyfitter_cfg.c" 1
 386 0166 72B6     		CPSID   i
 387              	@ 0 "" 2
 388              		.code	16
 389              	.LBB2:
 282:.\Generated_Source\PSoC4/cyfitter_cfg.c **** 
 283:.\Generated_Source\PSoC4/cyfitter_cfg.c **** 	{
 284:.\Generated_Source\PSoC4/cyfitter_cfg.c **** 
 285:.\Generated_Source\PSoC4/cyfitter_cfg.c **** 		CYPACKED typedef struct {
 286:.\Generated_Source\PSoC4/cyfitter_cfg.c **** 			void CYFAR *address;
 287:.\Generated_Source\PSoC4/cyfitter_cfg.c **** 			uint16 size;
 288:.\Generated_Source\PSoC4/cyfitter_cfg.c **** 		} CYPACKED_ATTR cfg_memset_t;
 289:.\Generated_Source\PSoC4/cyfitter_cfg.c **** 
 290:.\Generated_Source\PSoC4/cyfitter_cfg.c **** 		static const cfg_memset_t CYCODE cfg_memset_list [] = {
 291:.\Generated_Source\PSoC4/cyfitter_cfg.c **** 			/* address, size */
 292:.\Generated_Source\PSoC4/cyfitter_cfg.c **** 			{(void CYFAR *)(CYDEV_UDB_P0_U0_BASE), 1024u},
ARM GAS  C:\Users\Philip\AppData\Local\Temp\cczqCr2e.s 			page 13


 293:.\Generated_Source\PSoC4/cyfitter_cfg.c **** 			{(void CYFAR *)(CYDEV_UDB_DSI0_BASE), 1024u},
 294:.\Generated_Source\PSoC4/cyfitter_cfg.c **** 		};
 295:.\Generated_Source\PSoC4/cyfitter_cfg.c **** 
 296:.\Generated_Source\PSoC4/cyfitter_cfg.c **** 		uint8 CYDATA i;
 297:.\Generated_Source\PSoC4/cyfitter_cfg.c **** 
 298:.\Generated_Source\PSoC4/cyfitter_cfg.c **** 		/* Zero out critical memory blocks before beginning configuration */
 299:.\Generated_Source\PSoC4/cyfitter_cfg.c **** 		for (i = 0u; i < (sizeof(cfg_memset_list)/sizeof(cfg_memset_list[0])); i++)
 390              		.loc 1 299 0
 391 0168 FB1D     		add	r3, r7, #7
 392 016a 0022     		mov	r2, #0
 393 016c 1A70     		strb	r2, [r3]
 394 016e 23E0     		b	.L15
 395              	.L16:
 396              	.LBB3:
 300:.\Generated_Source\PSoC4/cyfitter_cfg.c **** 		{
 301:.\Generated_Source\PSoC4/cyfitter_cfg.c **** 			const cfg_memset_t CYCODE * CYDATA ms = &cfg_memset_list[i];
 397              		.loc 1 301 0 discriminator 2
 398 0170 FB1D     		add	r3, r7, #7
 399 0172 1A78     		ldrb	r2, [r3]
 400 0174 131C     		mov	r3, r2
 401 0176 5B00     		lsl	r3, r3, #1
 402 0178 9B18     		add	r3, r3, r2
 403 017a 5B00     		lsl	r3, r3, #1
 404 017c 394A     		ldr	r2, .L17
 405 017e 9B18     		add	r3, r3, r2
 406 0180 3B60     		str	r3, [r7]
 302:.\Generated_Source\PSoC4/cyfitter_cfg.c **** 			CYMEMZERO(ms->address, (size_t)(uint32)(ms->size));
 407              		.loc 1 302 0 discriminator 2
 408 0182 3B68     		ldr	r3, [r7]
 409 0184 1A78     		ldrb	r2, [r3]
 410 0186 5978     		ldrb	r1, [r3, #1]
 411 0188 0902     		lsl	r1, r1, #8
 412 018a 0A43     		orr	r2, r1
 413 018c 9978     		ldrb	r1, [r3, #2]
 414 018e 0904     		lsl	r1, r1, #16
 415 0190 0A43     		orr	r2, r1
 416 0192 DB78     		ldrb	r3, [r3, #3]
 417 0194 1B06     		lsl	r3, r3, #24
 418 0196 1343     		orr	r3, r2
 419 0198 1A1C     		mov	r2, r3
 420 019a 3B68     		ldr	r3, [r7]
 421 019c 1979     		ldrb	r1, [r3, #4]
 422 019e 5B79     		ldrb	r3, [r3, #5]
 423 01a0 1B02     		lsl	r3, r3, #8
 424 01a2 0B43     		orr	r3, r1
 425 01a4 9BB2     		uxth	r3, r3
 426 01a6 101C     		mov	r0, r2
 427 01a8 191C     		mov	r1, r3
 428 01aa FFF7FEFF 		bl	CYMEMZERO
 429              	.LBE3:
 299:.\Generated_Source\PSoC4/cyfitter_cfg.c **** 		for (i = 0u; i < (sizeof(cfg_memset_list)/sizeof(cfg_memset_list[0])); i++)
 430              		.loc 1 299 0 discriminator 2
 431 01ae FB1D     		add	r3, r7, #7
 432 01b0 1A78     		ldrb	r2, [r3]
 433 01b2 FB1D     		add	r3, r7, #7
 434 01b4 0132     		add	r2, r2, #1
 435 01b6 1A70     		strb	r2, [r3]
ARM GAS  C:\Users\Philip\AppData\Local\Temp\cczqCr2e.s 			page 14


 436              	.L15:
 299:.\Generated_Source\PSoC4/cyfitter_cfg.c **** 		for (i = 0u; i < (sizeof(cfg_memset_list)/sizeof(cfg_memset_list[0])); i++)
 437              		.loc 1 299 0 is_stmt 0 discriminator 1
 438 01b8 FB1D     		add	r3, r7, #7
 439 01ba 1B78     		ldrb	r3, [r3]
 440 01bc 012B     		cmp	r3, #1
 441 01be D7D9     		bls	.L16
 303:.\Generated_Source\PSoC4/cyfitter_cfg.c **** 		}
 304:.\Generated_Source\PSoC4/cyfitter_cfg.c **** 
 305:.\Generated_Source\PSoC4/cyfitter_cfg.c **** 		/* HSIOM Starting address: CYDEV_HSIOM_BASE */
 306:.\Generated_Source\PSoC4/cyfitter_cfg.c **** 		CY_SET_XTND_REG32((void CYFAR *)(CYDEV_HSIOM_BASE), 0x00990000u);
 442              		.loc 1 306 0 is_stmt 1
 443 01c0 294B     		ldr	r3, .L17+4
 444 01c2 9922     		mov	r2, #153
 445 01c4 1204     		lsl	r2, r2, #16
 446 01c6 1A60     		str	r2, [r3]
 307:.\Generated_Source\PSoC4/cyfitter_cfg.c **** 		CY_SET_XTND_REG32((void CYFAR *)(CYREG_HSIOM_PORT_SEL3), 0x0000EE00u);
 447              		.loc 1 307 0
 448 01c8 284B     		ldr	r3, .L17+8
 449 01ca EE22     		mov	r2, #238
 450 01cc 1202     		lsl	r2, r2, #8
 451 01ce 1A60     		str	r2, [r3]
 308:.\Generated_Source\PSoC4/cyfitter_cfg.c **** 		CY_SET_XTND_REG32((void CYFAR *)(CYREG_HSIOM_PORT_SEL4), 0x000000EEu);
 452              		.loc 1 308 0
 453 01d0 274B     		ldr	r3, .L17+12
 454 01d2 EE22     		mov	r2, #238
 455 01d4 1A60     		str	r2, [r3]
 309:.\Generated_Source\PSoC4/cyfitter_cfg.c **** 
 310:.\Generated_Source\PSoC4/cyfitter_cfg.c **** 		/* IOPINS0_0 Starting address: CYDEV_PRT0_DR */
 311:.\Generated_Source\PSoC4/cyfitter_cfg.c **** 		CY_SET_XTND_REG32((void CYFAR *)(CYREG_PRT0_DR), 0x00000020u);
 456              		.loc 1 311 0
 457 01d6 274B     		ldr	r3, .L17+16
 458 01d8 2022     		mov	r2, #32
 459 01da 1A60     		str	r2, [r3]
 312:.\Generated_Source\PSoC4/cyfitter_cfg.c **** 		CY_SET_XTND_REG32((void CYFAR *)(CYREG_PRT0_PC), 0x00031C00u);
 460              		.loc 1 312 0
 461 01dc 264B     		ldr	r3, .L17+20
 462 01de C722     		mov	r2, #199
 463 01e0 9202     		lsl	r2, r2, #10
 464 01e2 1A60     		str	r2, [r3]
 313:.\Generated_Source\PSoC4/cyfitter_cfg.c **** 		CY_SET_XTND_REG32((void CYFAR *)(CYREG_PRT0_PC2), 0x00000020u);
 465              		.loc 1 313 0
 466 01e4 254B     		ldr	r3, .L17+24
 467 01e6 2022     		mov	r2, #32
 468 01e8 1A60     		str	r2, [r3]
 314:.\Generated_Source\PSoC4/cyfitter_cfg.c **** 
 315:.\Generated_Source\PSoC4/cyfitter_cfg.c **** 		/* IOPINS0_1 Starting address: CYDEV_PRT1_DR */
 316:.\Generated_Source\PSoC4/cyfitter_cfg.c **** 		CY_SET_XTND_REG32((void CYFAR *)(CYREG_PRT1_PC), 0x00180000u);
 469              		.loc 1 316 0
 470 01ea 254B     		ldr	r3, .L17+28
 471 01ec C022     		mov	r2, #192
 472 01ee 5203     		lsl	r2, r2, #13
 473 01f0 1A60     		str	r2, [r3]
 317:.\Generated_Source\PSoC4/cyfitter_cfg.c **** 
 318:.\Generated_Source\PSoC4/cyfitter_cfg.c **** 		/* IOPINS0_3 Starting address: CYDEV_PRT3_DR */
 319:.\Generated_Source\PSoC4/cyfitter_cfg.c **** 		CY_SET_XTND_REG32((void CYFAR *)(CYREG_PRT3_PC), 0x00000D80u);
 474              		.loc 1 319 0
ARM GAS  C:\Users\Philip\AppData\Local\Temp\cczqCr2e.s 			page 15


 475 01f2 244B     		ldr	r3, .L17+32
 476 01f4 D822     		mov	r2, #216
 477 01f6 1201     		lsl	r2, r2, #4
 478 01f8 1A60     		str	r2, [r3]
 320:.\Generated_Source\PSoC4/cyfitter_cfg.c **** 
 321:.\Generated_Source\PSoC4/cyfitter_cfg.c **** 		/* IOPINS0_4 Starting address: CYDEV_PRT4_DR */
 322:.\Generated_Source\PSoC4/cyfitter_cfg.c **** 		CY_SET_XTND_REG32((void CYFAR *)(CYREG_PRT4_DR), 0x00000003u);
 479              		.loc 1 322 0
 480 01fa 234B     		ldr	r3, .L17+36
 481 01fc 0322     		mov	r2, #3
 482 01fe 1A60     		str	r2, [r3]
 323:.\Generated_Source\PSoC4/cyfitter_cfg.c **** 		CY_SET_XTND_REG32((void CYFAR *)(CYREG_PRT4_PC), 0x00000024u);
 483              		.loc 1 323 0
 484 0200 224B     		ldr	r3, .L17+40
 485 0202 2422     		mov	r2, #36
 486 0204 1A60     		str	r2, [r3]
 324:.\Generated_Source\PSoC4/cyfitter_cfg.c **** 
 325:.\Generated_Source\PSoC4/cyfitter_cfg.c **** 		/* UDB_PA_0 Starting address: CYDEV_UDB_PA0_BASE */
 326:.\Generated_Source\PSoC4/cyfitter_cfg.c **** 		CY_SET_XTND_REG32((void CYFAR *)(CYDEV_UDB_PA0_BASE), 0x00990000u);
 487              		.loc 1 326 0
 488 0206 224B     		ldr	r3, .L17+44
 489 0208 9922     		mov	r2, #153
 490 020a 1204     		lsl	r2, r2, #16
 491 020c 1A60     		str	r2, [r3]
 327:.\Generated_Source\PSoC4/cyfitter_cfg.c **** 
 328:.\Generated_Source\PSoC4/cyfitter_cfg.c **** 		/* UDB_PA_1 Starting address: CYDEV_UDB_PA1_BASE */
 329:.\Generated_Source\PSoC4/cyfitter_cfg.c **** 		CY_SET_XTND_REG32((void CYFAR *)(CYDEV_UDB_PA1_BASE), 0x00990000u);
 492              		.loc 1 329 0
 493 020e 214B     		ldr	r3, .L17+48
 494 0210 9922     		mov	r2, #153
 495 0212 1204     		lsl	r2, r2, #16
 496 0214 1A60     		str	r2, [r3]
 330:.\Generated_Source\PSoC4/cyfitter_cfg.c **** 
 331:.\Generated_Source\PSoC4/cyfitter_cfg.c **** 		/* UDB_PA_3 Starting address: CYDEV_UDB_PA3_BASE */
 332:.\Generated_Source\PSoC4/cyfitter_cfg.c **** 		CY_SET_XTND_REG32((void CYFAR *)(CYDEV_UDB_PA3_BASE), 0x00990000u);
 497              		.loc 1 332 0
 498 0216 204B     		ldr	r3, .L17+52
 499 0218 9922     		mov	r2, #153
 500 021a 1204     		lsl	r2, r2, #16
 501 021c 1A60     		str	r2, [r3]
 333:.\Generated_Source\PSoC4/cyfitter_cfg.c **** 
 334:.\Generated_Source\PSoC4/cyfitter_cfg.c **** 		/* Enable digital routing */
 335:.\Generated_Source\PSoC4/cyfitter_cfg.c **** 		CY_SET_XTND_REG8((void *)CYREG_UDB_UDBIF_BANK_CTL, CY_GET_XTND_REG8((void *)CYREG_UDB_UDBIF_BANK_
 502              		.loc 1 335 0
 503 021e 1F4B     		ldr	r3, .L17+56
 504 0220 1E4A     		ldr	r2, .L17+56
 505 0222 1278     		ldrb	r2, [r2]
 506 0224 D2B2     		uxtb	r2, r2
 507 0226 0221     		mov	r1, #2
 508 0228 0A43     		orr	r2, r1
 509 022a D2B2     		uxtb	r2, r2
 510 022c 1A70     		strb	r2, [r3]
 336:.\Generated_Source\PSoC4/cyfitter_cfg.c **** 
 337:.\Generated_Source\PSoC4/cyfitter_cfg.c **** 		/* Enable UDB array */
 338:.\Generated_Source\PSoC4/cyfitter_cfg.c **** 		CY_SET_XTND_REG8((void *)CYREG_UDB_UDBIF_WAIT_CFG, (uint8)((CY_GET_XTND_REG8((void *)CYREG_UDB_UD
 511              		.loc 1 338 0
 512 022e 1C4B     		ldr	r3, .L17+60
ARM GAS  C:\Users\Philip\AppData\Local\Temp\cczqCr2e.s 			page 16


 513 0230 1B4A     		ldr	r2, .L17+60
 514 0232 1278     		ldrb	r2, [r2]
 515 0234 D2B2     		uxtb	r2, r2
 516 0236 3C21     		mov	r1, #60
 517 0238 8A43     		bic	r2, r1
 518 023a D2B2     		uxtb	r2, r2
 519 023c 1421     		mov	r1, #20
 520 023e 0A43     		orr	r2, r1
 521 0240 D2B2     		uxtb	r2, r2
 522 0242 1A70     		strb	r2, [r3]
 339:.\Generated_Source\PSoC4/cyfitter_cfg.c **** 		CY_SET_XTND_REG8((void *)CYREG_UDB_UDBIF_BANK_CTL, (uint8)(CY_GET_XTND_REG8((void *)CYREG_UDB_UDB
 523              		.loc 1 339 0
 524 0244 154B     		ldr	r3, .L17+56
 525 0246 154A     		ldr	r2, .L17+56
 526 0248 1278     		ldrb	r2, [r2]
 527 024a D2B2     		uxtb	r2, r2
 528 024c 1621     		mov	r1, #22
 529 024e 0A43     		orr	r2, r1
 530 0250 D2B2     		uxtb	r2, r2
 531 0252 1A70     		strb	r2, [r3]
 532              	.LBE2:
 340:.\Generated_Source\PSoC4/cyfitter_cfg.c **** 	}
 341:.\Generated_Source\PSoC4/cyfitter_cfg.c **** 
 342:.\Generated_Source\PSoC4/cyfitter_cfg.c **** 	/* Setup clocks based on selections from Clock DWR */
 343:.\Generated_Source\PSoC4/cyfitter_cfg.c **** 	ClockSetup();
 533              		.loc 1 343 0
 534 0254 FFF726FF 		bl	ClockSetup
 344:.\Generated_Source\PSoC4/cyfitter_cfg.c **** 
 345:.\Generated_Source\PSoC4/cyfitter_cfg.c **** 	/* Perform basic analog initialization to defaults */
 346:.\Generated_Source\PSoC4/cyfitter_cfg.c **** 	AnalogSetDefault();
 535              		.loc 1 346 0
 536 0258 FFF7FEFF 		bl	AnalogSetDefault
 347:.\Generated_Source\PSoC4/cyfitter_cfg.c **** 
 348:.\Generated_Source\PSoC4/cyfitter_cfg.c **** }
 537              		.loc 1 348 0
 538 025c BD46     		mov	sp, r7
 539 025e 02B0     		add	sp, sp, #8
 540              		@ sp needed
 541 0260 80BD     		pop	{r7, pc}
 542              	.L18:
 543 0262 C046     		.align	2
 544              	.L17:
 545 0264 04000000 		.word	cfg_memset_list.4712
 546 0268 00000140 		.word	1073807360
 547 026c 0C000140 		.word	1073807372
 548 0270 10000140 		.word	1073807376
 549 0274 00000440 		.word	1074003968
 550 0278 08000440 		.word	1074003976
 551 027c 18000440 		.word	1074003992
 552 0280 08010440 		.word	1074004232
 553 0284 08030440 		.word	1074004744
 554 0288 00040440 		.word	1074004992
 555 028c 08040440 		.word	1074005000
 556 0290 00500F40 		.word	1074745344
 557 0294 10500F40 		.word	1074745360
 558 0298 30500F40 		.word	1074745392
 559 029c 00700F40 		.word	1074753536
ARM GAS  C:\Users\Philip\AppData\Local\Temp\cczqCr2e.s 			page 17


 560 02a0 01700F40 		.word	1074753537
 561              		.cfi_endproc
 562              	.LFE6:
 563              		.size	cyfitter_cfg, .-cyfitter_cfg
 564              		.data
 565              		.align	2
 566              		.type	imo_trim_table.4687, %object
 567              		.size	imo_trim_table.4687, 4
 568              	imo_trim_table.4687:
 569 0000 C0F1FF0F 		.word	268431808
 570              		.section	.rodata
 571              		.align	2
 572              		.type	IMO_TRIM_FREQ_TABLE_ENTRIES.4688, %object
 573              		.size	IMO_TRIM_FREQ_TABLE_ENTRIES.4688, 4
 574              	IMO_TRIM_FREQ_TABLE_ENTRIES.4688:
 575 0000 04000000 		.word	4
 576              		.align	2
 577              		.type	cfg_memset_list.4712, %object
 578              		.size	cfg_memset_list.4712, 12
 579              	cfg_memset_list.4712:
 580 0004 00300F40 		.word	1074737152
 581 0008 0004     		.short	1024
 582 000a 00400F40 		.4byte	1074741248
 583 000e 0004     		.short	1024
 584              		.text
 585              	.Letext0:
 586              		.file 2 "c:\\program files (x86)\\cypress\\psoc creator\\3.1\\psoc creator\\import\\gnu_cs\\arm\\4
 587              		.file 3 ".\\Generated_Source\\PSoC4/cytypes.h"
 588              		.section	.debug_info,"",%progbits
 589              	.Ldebug_info0:
 590 0000 3E030000 		.4byte	0x33e
 591 0004 0400     		.2byte	0x4
 592 0006 00000000 		.4byte	.Ldebug_abbrev0
 593 000a 04       		.byte	0x4
 594 000b 01       		.uleb128 0x1
 595 000c 57020000 		.4byte	.LASF43
 596 0010 01       		.byte	0x1
 597 0011 B3010000 		.4byte	.LASF44
 598 0015 9D000000 		.4byte	.LASF45
 599 0019 00000000 		.4byte	.Ldebug_ranges0+0
 600 001d 00000000 		.4byte	0
 601 0021 00000000 		.4byte	.Ldebug_line0
 602 0025 02       		.uleb128 0x2
 603 0026 04       		.byte	0x4
 604 0027 05       		.byte	0x5
 605 0028 696E7400 		.ascii	"int\000"
 606 002c 03       		.uleb128 0x3
 607 002d 06000000 		.4byte	.LASF11
 608 0031 02       		.byte	0x2
 609 0032 D4       		.byte	0xd4
 610 0033 37000000 		.4byte	0x37
 611 0037 04       		.uleb128 0x4
 612 0038 04       		.byte	0x4
 613 0039 07       		.byte	0x7
 614 003a 5C010000 		.4byte	.LASF0
 615 003e 04       		.uleb128 0x4
 616 003f 01       		.byte	0x1
ARM GAS  C:\Users\Philip\AppData\Local\Temp\cczqCr2e.s 			page 18


 617 0040 06       		.byte	0x6
 618 0041 3B020000 		.4byte	.LASF1
 619 0045 04       		.uleb128 0x4
 620 0046 01       		.byte	0x1
 621 0047 08       		.byte	0x8
 622 0048 09010000 		.4byte	.LASF2
 623 004c 04       		.uleb128 0x4
 624 004d 02       		.byte	0x2
 625 004e 05       		.byte	0x5
 626 004f 63000000 		.4byte	.LASF3
 627 0053 04       		.uleb128 0x4
 628 0054 02       		.byte	0x2
 629 0055 07       		.byte	0x7
 630 0056 50000000 		.4byte	.LASF4
 631 005a 04       		.uleb128 0x4
 632 005b 04       		.byte	0x4
 633 005c 05       		.byte	0x5
 634 005d 23020000 		.4byte	.LASF5
 635 0061 04       		.uleb128 0x4
 636 0062 04       		.byte	0x4
 637 0063 07       		.byte	0x7
 638 0064 E7000000 		.4byte	.LASF6
 639 0068 04       		.uleb128 0x4
 640 0069 08       		.byte	0x8
 641 006a 05       		.byte	0x5
 642 006b ED010000 		.4byte	.LASF7
 643 006f 04       		.uleb128 0x4
 644 0070 08       		.byte	0x8
 645 0071 07       		.byte	0x7
 646 0072 7E010000 		.4byte	.LASF8
 647 0076 04       		.uleb128 0x4
 648 0077 04       		.byte	0x4
 649 0078 07       		.byte	0x7
 650 0079 DB010000 		.4byte	.LASF9
 651 007d 05       		.uleb128 0x5
 652 007e 04       		.byte	0x4
 653 007f 04       		.uleb128 0x4
 654 0080 01       		.byte	0x1
 655 0081 08       		.byte	0x8
 656 0082 FB010000 		.4byte	.LASF10
 657 0086 03       		.uleb128 0x3
 658 0087 0E020000 		.4byte	.LASF12
 659 008b 03       		.byte	0x3
 660 008c A1       		.byte	0xa1
 661 008d 45000000 		.4byte	0x45
 662 0091 03       		.uleb128 0x3
 663 0092 4E010000 		.4byte	.LASF13
 664 0096 03       		.byte	0x3
 665 0097 A2       		.byte	0xa2
 666 0098 53000000 		.4byte	0x53
 667 009c 03       		.uleb128 0x3
 668 009d 55010000 		.4byte	.LASF14
 669 00a1 03       		.byte	0x3
 670 00a2 A3       		.byte	0xa3
 671 00a3 61000000 		.4byte	0x61
 672 00a7 03       		.uleb128 0x3
 673 00a8 F9000000 		.4byte	.LASF15
ARM GAS  C:\Users\Philip\AppData\Local\Temp\cczqCr2e.s 			page 19


 674 00ac 03       		.byte	0x3
 675 00ad A6       		.byte	0xa6
 676 00ae 5A000000 		.4byte	0x5a
 677 00b2 04       		.uleb128 0x4
 678 00b3 04       		.byte	0x4
 679 00b4 04       		.byte	0x4
 680 00b5 7B000000 		.4byte	.LASF16
 681 00b9 04       		.uleb128 0x4
 682 00ba 08       		.byte	0x8
 683 00bb 04       		.byte	0x4
 684 00bc 17010000 		.4byte	.LASF17
 685 00c0 06       		.uleb128 0x6
 686 00c1 98000000 		.4byte	.LASF18
 687 00c5 03       		.byte	0x3
 688 00c6 4B01     		.2byte	0x14b
 689 00c8 CC000000 		.4byte	0xcc
 690 00cc 07       		.uleb128 0x7
 691 00cd 86000000 		.4byte	0x86
 692 00d1 06       		.uleb128 0x6
 693 00d2 00000000 		.4byte	.LASF19
 694 00d6 03       		.byte	0x3
 695 00d7 4D01     		.2byte	0x14d
 696 00d9 DD000000 		.4byte	0xdd
 697 00dd 07       		.uleb128 0x7
 698 00de 9C000000 		.4byte	0x9c
 699 00e2 08       		.uleb128 0x8
 700 00e3 FF000000 		.4byte	.LASF20
 701 00e7 01       		.byte	0x1
 702 00e8 39       		.byte	0x39
 703 00e9 00000000 		.4byte	.LFB0
 704 00ed 1E000000 		.4byte	.LFE0-.LFB0
 705 00f1 01       		.uleb128 0x1
 706 00f2 9C       		.byte	0x9c
 707 00f3 10010000 		.4byte	0x110
 708 00f7 09       		.uleb128 0x9
 709 00f8 7300     		.ascii	"s\000"
 710 00fa 01       		.byte	0x1
 711 00fb 39       		.byte	0x39
 712 00fc 7D000000 		.4byte	0x7d
 713 0100 02       		.uleb128 0x2
 714 0101 91       		.byte	0x91
 715 0102 74       		.sleb128 -12
 716 0103 09       		.uleb128 0x9
 717 0104 6E00     		.ascii	"n\000"
 718 0106 01       		.byte	0x1
 719 0107 39       		.byte	0x39
 720 0108 2C000000 		.4byte	0x2c
 721 010c 02       		.uleb128 0x2
 722 010d 91       		.byte	0x91
 723 010e 70       		.sleb128 -16
 724 010f 00       		.byte	0
 725 0110 08       		.uleb128 0x8
 726 0111 26010000 		.4byte	.LASF21
 727 0115 01       		.byte	0x1
 728 0116 40       		.byte	0x40
 729 0117 00000000 		.4byte	.LFB1
 730 011b 22000000 		.4byte	.LFE1-.LFB1
ARM GAS  C:\Users\Philip\AppData\Local\Temp\cczqCr2e.s 			page 20


 731 011f 01       		.uleb128 0x1
 732 0120 9C       		.byte	0x9c
 733 0121 4E010000 		.4byte	0x14e
 734 0125 0A       		.uleb128 0xa
 735 0126 8E000000 		.4byte	.LASF22
 736 012a 01       		.byte	0x1
 737 012b 40       		.byte	0x40
 738 012c 7D000000 		.4byte	0x7d
 739 0130 02       		.uleb128 0x2
 740 0131 91       		.byte	0x91
 741 0132 74       		.sleb128 -12
 742 0133 09       		.uleb128 0x9
 743 0134 73726300 		.ascii	"src\000"
 744 0138 01       		.byte	0x1
 745 0139 40       		.byte	0x40
 746 013a 4E010000 		.4byte	0x14e
 747 013e 02       		.uleb128 0x2
 748 013f 91       		.byte	0x91
 749 0140 70       		.sleb128 -16
 750 0141 09       		.uleb128 0x9
 751 0142 6E00     		.ascii	"n\000"
 752 0144 01       		.byte	0x1
 753 0145 40       		.byte	0x40
 754 0146 2C000000 		.4byte	0x2c
 755 014a 02       		.uleb128 0x2
 756 014b 91       		.byte	0x91
 757 014c 6C       		.sleb128 -20
 758 014d 00       		.byte	0
 759 014e 0B       		.uleb128 0xb
 760 014f 04       		.byte	0x4
 761 0150 54010000 		.4byte	0x154
 762 0154 0C       		.uleb128 0xc
 763 0155 08       		.uleb128 0x8
 764 0156 47020000 		.4byte	.LASF23
 765 015a 01       		.byte	0x1
 766 015b 47       		.byte	0x47
 767 015c 00000000 		.4byte	.LFB2
 768 0160 22000000 		.4byte	.LFE2-.LFB2
 769 0164 01       		.uleb128 0x1
 770 0165 9C       		.byte	0x9c
 771 0166 93010000 		.4byte	0x193
 772 016a 0A       		.uleb128 0xa
 773 016b 8E000000 		.4byte	.LASF22
 774 016f 01       		.byte	0x1
 775 0170 47       		.byte	0x47
 776 0171 7D000000 		.4byte	0x7d
 777 0175 02       		.uleb128 0x2
 778 0176 91       		.byte	0x91
 779 0177 74       		.sleb128 -12
 780 0178 09       		.uleb128 0x9
 781 0179 73726300 		.ascii	"src\000"
 782 017d 01       		.byte	0x1
 783 017e 47       		.byte	0x47
 784 017f 4E010000 		.4byte	0x14e
 785 0183 02       		.uleb128 0x2
 786 0184 91       		.byte	0x91
 787 0185 70       		.sleb128 -16
ARM GAS  C:\Users\Philip\AppData\Local\Temp\cczqCr2e.s 			page 21


 788 0186 09       		.uleb128 0x9
 789 0187 6E00     		.ascii	"n\000"
 790 0189 01       		.byte	0x1
 791 018a 47       		.byte	0x47
 792 018b 2C000000 		.4byte	0x2c
 793 018f 02       		.uleb128 0x2
 794 0190 91       		.byte	0x91
 795 0191 6C       		.sleb128 -20
 796 0192 00       		.byte	0
 797 0193 0D       		.uleb128 0xd
 798 0194 6D000000 		.4byte	.LASF24
 799 0198 01       		.byte	0x1
 800 0199 8C       		.byte	0x8c
 801 019a 00000000 		.4byte	.LFB3
 802 019e A4000000 		.4byte	.LFE3-.LFB3
 803 01a2 01       		.uleb128 0x1
 804 01a3 9C       		.byte	0x9c
 805 01a4 76020000 		.4byte	0x276
 806 01a8 0A       		.uleb128 0xa
 807 01a9 1E010000 		.4byte	.LASF25
 808 01ad 01       		.byte	0x1
 809 01ae 8C       		.byte	0x8c
 810 01af 86000000 		.4byte	0x86
 811 01b3 02       		.uleb128 0x2
 812 01b4 91       		.byte	0x91
 813 01b5 6F       		.sleb128 -17
 814 01b6 0E       		.uleb128 0xe
 815 01b7 03       		.byte	0x3
 816 01b8 01       		.byte	0x1
 817 01b9 8E       		.byte	0x8e
 818 01ba E3010000 		.4byte	0x1e3
 819 01be 0F       		.uleb128 0xf
 820 01bf 09020000 		.4byte	.LASF26
 821 01c3 01       		.byte	0x1
 822 01c4 8F       		.byte	0x8f
 823 01c5 86000000 		.4byte	0x86
 824 01c9 00       		.byte	0
 825 01ca 0F       		.uleb128 0xf
 826 01cb 00020000 		.4byte	.LASF27
 827 01cf 01       		.byte	0x1
 828 01d0 90       		.byte	0x90
 829 01d1 86000000 		.4byte	0x86
 830 01d5 01       		.byte	0x1
 831 01d6 0F       		.uleb128 0xf
 832 01d7 4A000000 		.4byte	.LASF28
 833 01db 01       		.byte	0x1
 834 01dc 91       		.byte	0x91
 835 01dd 86000000 		.4byte	0x86
 836 01e1 02       		.byte	0x2
 837 01e2 00       		.byte	0
 838 01e3 03       		.uleb128 0x3
 839 01e4 1E000000 		.4byte	.LASF29
 840 01e8 01       		.byte	0x1
 841 01e9 92       		.byte	0x92
 842 01ea B6010000 		.4byte	0x1b6
 843 01ee 0E       		.uleb128 0xe
 844 01ef 0C       		.byte	0xc
ARM GAS  C:\Users\Philip\AppData\Local\Temp\cczqCr2e.s 			page 22


 845 01f0 01       		.byte	0x1
 846 01f1 94       		.byte	0x94
 847 01f2 13020000 		.4byte	0x213
 848 01f6 10       		.uleb128 0x10
 849 01f7 E3010000 		.4byte	0x1e3
 850 01fb 06020000 		.4byte	0x206
 851 01ff 11       		.uleb128 0x11
 852 0200 76000000 		.4byte	0x76
 853 0204 03       		.byte	0x3
 854 0205 00       		.byte	0
 855 0206 0F       		.uleb128 0xf
 856 0207 2C020000 		.4byte	.LASF30
 857 020b 01       		.byte	0x1
 858 020c 95       		.byte	0x95
 859 020d F6010000 		.4byte	0x1f6
 860 0211 00       		.byte	0
 861 0212 00       		.byte	0
 862 0213 03       		.uleb128 0x3
 863 0214 95010000 		.4byte	.LASF31
 864 0218 01       		.byte	0x1
 865 0219 96       		.byte	0x96
 866 021a EE010000 		.4byte	0x1ee
 867 021e 12       		.uleb128 0x12
 868 021f 14020000 		.4byte	.LASF32
 869 0223 01       		.byte	0x1
 870 0224 98       		.byte	0x98
 871 0225 2F020000 		.4byte	0x22f
 872 0229 05       		.uleb128 0x5
 873 022a 03       		.byte	0x3
 874 022b 00000000 		.4byte	imo_trim_table.4687
 875 022f 0B       		.uleb128 0xb
 876 0230 04       		.byte	0x4
 877 0231 35020000 		.4byte	0x235
 878 0235 13       		.uleb128 0x13
 879 0236 13020000 		.4byte	0x213
 880 023a 12       		.uleb128 0x12
 881 023b 32010000 		.4byte	.LASF33
 882 023f 01       		.byte	0x1
 883 0240 99       		.byte	0x99
 884 0241 76020000 		.4byte	0x276
 885 0245 05       		.uleb128 0x5
 886 0246 03       		.byte	0x3
 887 0247 00000000 		.4byte	IMO_TRIM_FREQ_TABLE_ENTRIES.4688
 888 024b 12       		.uleb128 0x12
 889 024c 81000000 		.4byte	.LASF34
 890 0250 01       		.byte	0x1
 891 0251 9B       		.byte	0x9b
 892 0252 A7000000 		.4byte	0xa7
 893 0256 02       		.uleb128 0x2
 894 0257 91       		.byte	0x91
 895 0258 74       		.sleb128 -12
 896 0259 12       		.uleb128 0x12
 897 025a 34020000 		.4byte	.LASF35
 898 025e 01       		.byte	0x1
 899 025f 9C       		.byte	0x9c
 900 0260 86000000 		.4byte	0x86
 901 0264 02       		.uleb128 0x2
ARM GAS  C:\Users\Philip\AppData\Local\Temp\cczqCr2e.s 			page 23


 902 0265 91       		.byte	0x91
 903 0266 73       		.sleb128 -13
 904 0267 12       		.uleb128 0x12
 905 0268 E4010000 		.4byte	.LASF36
 906 026c 01       		.byte	0x1
 907 026d 9D       		.byte	0x9d
 908 026e 86000000 		.4byte	0x86
 909 0272 02       		.uleb128 0x2
 910 0273 91       		.byte	0x91
 911 0274 72       		.sleb128 -14
 912 0275 00       		.byte	0
 913 0276 13       		.uleb128 0x13
 914 0277 9C000000 		.4byte	0x9c
 915 027b 14       		.uleb128 0x14
 916 027c 3F000000 		.4byte	.LASF37
 917 0280 01       		.byte	0x1
 918 0281 C3       		.byte	0xc3
 919 0282 A4000000 		.4byte	.LFB4
 920 0286 BC000000 		.4byte	.LFE4-.LFB4
 921 028a 01       		.uleb128 0x1
 922 028b 9C       		.byte	0x9c
 923 028c 15       		.uleb128 0x15
 924 028d 0D000000 		.4byte	.LASF38
 925 0291 01       		.byte	0x1
 926 0292 FE       		.byte	0xfe
 927 0293 00000000 		.4byte	.LFB5
 928 0297 08000000 		.4byte	.LFE5-.LFB5
 929 029b 01       		.uleb128 0x1
 930 029c 9C       		.byte	0x9c
 931 029d 16       		.uleb128 0x16
 932 029e 69010000 		.4byte	.LASF46
 933 02a2 01       		.byte	0x1
 934 02a3 1601     		.2byte	0x116
 935 02a5 60010000 		.4byte	.LFB6
 936 02a9 44010000 		.4byte	.LFE6-.LFB6
 937 02ad 01       		.uleb128 0x1
 938 02ae 9C       		.byte	0x9c
 939 02af 17       		.uleb128 0x17
 940 02b0 68010000 		.4byte	.LBB2
 941 02b4 EC000000 		.4byte	.LBE2-.LBB2
 942 02b8 18       		.uleb128 0x18
 943 02b9 06       		.byte	0x6
 944 02ba 01       		.byte	0x1
 945 02bb 1D01     		.2byte	0x11d
 946 02bd DC020000 		.4byte	0x2dc
 947 02c1 19       		.uleb128 0x19
 948 02c2 76010000 		.4byte	.LASF39
 949 02c6 01       		.byte	0x1
 950 02c7 1E01     		.2byte	0x11e
 951 02c9 7D000000 		.4byte	0x7d
 952 02cd 00       		.byte	0
 953 02ce 19       		.uleb128 0x19
 954 02cf 93000000 		.4byte	.LASF40
 955 02d3 01       		.byte	0x1
 956 02d4 1F01     		.2byte	0x11f
 957 02d6 91000000 		.4byte	0x91
 958 02da 04       		.byte	0x4
ARM GAS  C:\Users\Philip\AppData\Local\Temp\cczqCr2e.s 			page 24


 959 02db 00       		.byte	0
 960 02dc 06       		.uleb128 0x6
 961 02dd A6010000 		.4byte	.LASF41
 962 02e1 01       		.byte	0x1
 963 02e2 2001     		.2byte	0x120
 964 02e4 B8020000 		.4byte	0x2b8
 965 02e8 10       		.uleb128 0x10
 966 02e9 DC020000 		.4byte	0x2dc
 967 02ed F8020000 		.4byte	0x2f8
 968 02f1 11       		.uleb128 0x11
 969 02f2 76000000 		.4byte	0x76
 970 02f6 01       		.byte	0x1
 971 02f7 00       		.byte	0
 972 02f8 1A       		.uleb128 0x1a
 973 02f9 2F000000 		.4byte	.LASF42
 974 02fd 01       		.byte	0x1
 975 02fe 2201     		.2byte	0x122
 976 0300 0A030000 		.4byte	0x30a
 977 0304 05       		.uleb128 0x5
 978 0305 03       		.byte	0x3
 979 0306 04000000 		.4byte	cfg_memset_list.4712
 980 030a 13       		.uleb128 0x13
 981 030b E8020000 		.4byte	0x2e8
 982 030f 1B       		.uleb128 0x1b
 983 0310 6900     		.ascii	"i\000"
 984 0312 01       		.byte	0x1
 985 0313 2801     		.2byte	0x128
 986 0315 86000000 		.4byte	0x86
 987 0319 02       		.uleb128 0x2
 988 031a 91       		.byte	0x91
 989 031b 77       		.sleb128 -9
 990 031c 17       		.uleb128 0x17
 991 031d 70010000 		.4byte	.LBB3
 992 0321 3E000000 		.4byte	.LBE3-.LBB3
 993 0325 1B       		.uleb128 0x1b
 994 0326 6D7300   		.ascii	"ms\000"
 995 0329 01       		.byte	0x1
 996 032a 2D01     		.2byte	0x12d
 997 032c 33030000 		.4byte	0x333
 998 0330 02       		.uleb128 0x2
 999 0331 91       		.byte	0x91
 1000 0332 70       		.sleb128 -16
 1001 0333 0B       		.uleb128 0xb
 1002 0334 04       		.byte	0x4
 1003 0335 39030000 		.4byte	0x339
 1004 0339 13       		.uleb128 0x13
 1005 033a DC020000 		.4byte	0x2dc
 1006 033e 00       		.byte	0
 1007 033f 00       		.byte	0
 1008 0340 00       		.byte	0
 1009 0341 00       		.byte	0
 1010              		.section	.debug_abbrev,"",%progbits
 1011              	.Ldebug_abbrev0:
 1012 0000 01       		.uleb128 0x1
 1013 0001 11       		.uleb128 0x11
 1014 0002 01       		.byte	0x1
 1015 0003 25       		.uleb128 0x25
ARM GAS  C:\Users\Philip\AppData\Local\Temp\cczqCr2e.s 			page 25


 1016 0004 0E       		.uleb128 0xe
 1017 0005 13       		.uleb128 0x13
 1018 0006 0B       		.uleb128 0xb
 1019 0007 03       		.uleb128 0x3
 1020 0008 0E       		.uleb128 0xe
 1021 0009 1B       		.uleb128 0x1b
 1022 000a 0E       		.uleb128 0xe
 1023 000b 55       		.uleb128 0x55
 1024 000c 17       		.uleb128 0x17
 1025 000d 11       		.uleb128 0x11
 1026 000e 01       		.uleb128 0x1
 1027 000f 10       		.uleb128 0x10
 1028 0010 17       		.uleb128 0x17
 1029 0011 00       		.byte	0
 1030 0012 00       		.byte	0
 1031 0013 02       		.uleb128 0x2
 1032 0014 24       		.uleb128 0x24
 1033 0015 00       		.byte	0
 1034 0016 0B       		.uleb128 0xb
 1035 0017 0B       		.uleb128 0xb
 1036 0018 3E       		.uleb128 0x3e
 1037 0019 0B       		.uleb128 0xb
 1038 001a 03       		.uleb128 0x3
 1039 001b 08       		.uleb128 0x8
 1040 001c 00       		.byte	0
 1041 001d 00       		.byte	0
 1042 001e 03       		.uleb128 0x3
 1043 001f 16       		.uleb128 0x16
 1044 0020 00       		.byte	0
 1045 0021 03       		.uleb128 0x3
 1046 0022 0E       		.uleb128 0xe
 1047 0023 3A       		.uleb128 0x3a
 1048 0024 0B       		.uleb128 0xb
 1049 0025 3B       		.uleb128 0x3b
 1050 0026 0B       		.uleb128 0xb
 1051 0027 49       		.uleb128 0x49
 1052 0028 13       		.uleb128 0x13
 1053 0029 00       		.byte	0
 1054 002a 00       		.byte	0
 1055 002b 04       		.uleb128 0x4
 1056 002c 24       		.uleb128 0x24
 1057 002d 00       		.byte	0
 1058 002e 0B       		.uleb128 0xb
 1059 002f 0B       		.uleb128 0xb
 1060 0030 3E       		.uleb128 0x3e
 1061 0031 0B       		.uleb128 0xb
 1062 0032 03       		.uleb128 0x3
 1063 0033 0E       		.uleb128 0xe
 1064 0034 00       		.byte	0
 1065 0035 00       		.byte	0
 1066 0036 05       		.uleb128 0x5
 1067 0037 0F       		.uleb128 0xf
 1068 0038 00       		.byte	0
 1069 0039 0B       		.uleb128 0xb
 1070 003a 0B       		.uleb128 0xb
 1071 003b 00       		.byte	0
 1072 003c 00       		.byte	0
ARM GAS  C:\Users\Philip\AppData\Local\Temp\cczqCr2e.s 			page 26


 1073 003d 06       		.uleb128 0x6
 1074 003e 16       		.uleb128 0x16
 1075 003f 00       		.byte	0
 1076 0040 03       		.uleb128 0x3
 1077 0041 0E       		.uleb128 0xe
 1078 0042 3A       		.uleb128 0x3a
 1079 0043 0B       		.uleb128 0xb
 1080 0044 3B       		.uleb128 0x3b
 1081 0045 05       		.uleb128 0x5
 1082 0046 49       		.uleb128 0x49
 1083 0047 13       		.uleb128 0x13
 1084 0048 00       		.byte	0
 1085 0049 00       		.byte	0
 1086 004a 07       		.uleb128 0x7
 1087 004b 35       		.uleb128 0x35
 1088 004c 00       		.byte	0
 1089 004d 49       		.uleb128 0x49
 1090 004e 13       		.uleb128 0x13
 1091 004f 00       		.byte	0
 1092 0050 00       		.byte	0
 1093 0051 08       		.uleb128 0x8
 1094 0052 2E       		.uleb128 0x2e
 1095 0053 01       		.byte	0x1
 1096 0054 03       		.uleb128 0x3
 1097 0055 0E       		.uleb128 0xe
 1098 0056 3A       		.uleb128 0x3a
 1099 0057 0B       		.uleb128 0xb
 1100 0058 3B       		.uleb128 0x3b
 1101 0059 0B       		.uleb128 0xb
 1102 005a 27       		.uleb128 0x27
 1103 005b 19       		.uleb128 0x19
 1104 005c 11       		.uleb128 0x11
 1105 005d 01       		.uleb128 0x1
 1106 005e 12       		.uleb128 0x12
 1107 005f 06       		.uleb128 0x6
 1108 0060 40       		.uleb128 0x40
 1109 0061 18       		.uleb128 0x18
 1110 0062 9642     		.uleb128 0x2116
 1111 0064 19       		.uleb128 0x19
 1112 0065 01       		.uleb128 0x1
 1113 0066 13       		.uleb128 0x13
 1114 0067 00       		.byte	0
 1115 0068 00       		.byte	0
 1116 0069 09       		.uleb128 0x9
 1117 006a 05       		.uleb128 0x5
 1118 006b 00       		.byte	0
 1119 006c 03       		.uleb128 0x3
 1120 006d 08       		.uleb128 0x8
 1121 006e 3A       		.uleb128 0x3a
 1122 006f 0B       		.uleb128 0xb
 1123 0070 3B       		.uleb128 0x3b
 1124 0071 0B       		.uleb128 0xb
 1125 0072 49       		.uleb128 0x49
 1126 0073 13       		.uleb128 0x13
 1127 0074 02       		.uleb128 0x2
 1128 0075 18       		.uleb128 0x18
 1129 0076 00       		.byte	0
ARM GAS  C:\Users\Philip\AppData\Local\Temp\cczqCr2e.s 			page 27


 1130 0077 00       		.byte	0
 1131 0078 0A       		.uleb128 0xa
 1132 0079 05       		.uleb128 0x5
 1133 007a 00       		.byte	0
 1134 007b 03       		.uleb128 0x3
 1135 007c 0E       		.uleb128 0xe
 1136 007d 3A       		.uleb128 0x3a
 1137 007e 0B       		.uleb128 0xb
 1138 007f 3B       		.uleb128 0x3b
 1139 0080 0B       		.uleb128 0xb
 1140 0081 49       		.uleb128 0x49
 1141 0082 13       		.uleb128 0x13
 1142 0083 02       		.uleb128 0x2
 1143 0084 18       		.uleb128 0x18
 1144 0085 00       		.byte	0
 1145 0086 00       		.byte	0
 1146 0087 0B       		.uleb128 0xb
 1147 0088 0F       		.uleb128 0xf
 1148 0089 00       		.byte	0
 1149 008a 0B       		.uleb128 0xb
 1150 008b 0B       		.uleb128 0xb
 1151 008c 49       		.uleb128 0x49
 1152 008d 13       		.uleb128 0x13
 1153 008e 00       		.byte	0
 1154 008f 00       		.byte	0
 1155 0090 0C       		.uleb128 0xc
 1156 0091 26       		.uleb128 0x26
 1157 0092 00       		.byte	0
 1158 0093 00       		.byte	0
 1159 0094 00       		.byte	0
 1160 0095 0D       		.uleb128 0xd
 1161 0096 2E       		.uleb128 0x2e
 1162 0097 01       		.byte	0x1
 1163 0098 03       		.uleb128 0x3
 1164 0099 0E       		.uleb128 0xe
 1165 009a 3A       		.uleb128 0x3a
 1166 009b 0B       		.uleb128 0xb
 1167 009c 3B       		.uleb128 0x3b
 1168 009d 0B       		.uleb128 0xb
 1169 009e 27       		.uleb128 0x27
 1170 009f 19       		.uleb128 0x19
 1171 00a0 11       		.uleb128 0x11
 1172 00a1 01       		.uleb128 0x1
 1173 00a2 12       		.uleb128 0x12
 1174 00a3 06       		.uleb128 0x6
 1175 00a4 40       		.uleb128 0x40
 1176 00a5 18       		.uleb128 0x18
 1177 00a6 9742     		.uleb128 0x2117
 1178 00a8 19       		.uleb128 0x19
 1179 00a9 01       		.uleb128 0x1
 1180 00aa 13       		.uleb128 0x13
 1181 00ab 00       		.byte	0
 1182 00ac 00       		.byte	0
 1183 00ad 0E       		.uleb128 0xe
 1184 00ae 13       		.uleb128 0x13
 1185 00af 01       		.byte	0x1
 1186 00b0 0B       		.uleb128 0xb
ARM GAS  C:\Users\Philip\AppData\Local\Temp\cczqCr2e.s 			page 28


 1187 00b1 0B       		.uleb128 0xb
 1188 00b2 3A       		.uleb128 0x3a
 1189 00b3 0B       		.uleb128 0xb
 1190 00b4 3B       		.uleb128 0x3b
 1191 00b5 0B       		.uleb128 0xb
 1192 00b6 01       		.uleb128 0x1
 1193 00b7 13       		.uleb128 0x13
 1194 00b8 00       		.byte	0
 1195 00b9 00       		.byte	0
 1196 00ba 0F       		.uleb128 0xf
 1197 00bb 0D       		.uleb128 0xd
 1198 00bc 00       		.byte	0
 1199 00bd 03       		.uleb128 0x3
 1200 00be 0E       		.uleb128 0xe
 1201 00bf 3A       		.uleb128 0x3a
 1202 00c0 0B       		.uleb128 0xb
 1203 00c1 3B       		.uleb128 0x3b
 1204 00c2 0B       		.uleb128 0xb
 1205 00c3 49       		.uleb128 0x49
 1206 00c4 13       		.uleb128 0x13
 1207 00c5 38       		.uleb128 0x38
 1208 00c6 0B       		.uleb128 0xb
 1209 00c7 00       		.byte	0
 1210 00c8 00       		.byte	0
 1211 00c9 10       		.uleb128 0x10
 1212 00ca 01       		.uleb128 0x1
 1213 00cb 01       		.byte	0x1
 1214 00cc 49       		.uleb128 0x49
 1215 00cd 13       		.uleb128 0x13
 1216 00ce 01       		.uleb128 0x1
 1217 00cf 13       		.uleb128 0x13
 1218 00d0 00       		.byte	0
 1219 00d1 00       		.byte	0
 1220 00d2 11       		.uleb128 0x11
 1221 00d3 21       		.uleb128 0x21
 1222 00d4 00       		.byte	0
 1223 00d5 49       		.uleb128 0x49
 1224 00d6 13       		.uleb128 0x13
 1225 00d7 2F       		.uleb128 0x2f
 1226 00d8 0B       		.uleb128 0xb
 1227 00d9 00       		.byte	0
 1228 00da 00       		.byte	0
 1229 00db 12       		.uleb128 0x12
 1230 00dc 34       		.uleb128 0x34
 1231 00dd 00       		.byte	0
 1232 00de 03       		.uleb128 0x3
 1233 00df 0E       		.uleb128 0xe
 1234 00e0 3A       		.uleb128 0x3a
 1235 00e1 0B       		.uleb128 0xb
 1236 00e2 3B       		.uleb128 0x3b
 1237 00e3 0B       		.uleb128 0xb
 1238 00e4 49       		.uleb128 0x49
 1239 00e5 13       		.uleb128 0x13
 1240 00e6 02       		.uleb128 0x2
 1241 00e7 18       		.uleb128 0x18
 1242 00e8 00       		.byte	0
 1243 00e9 00       		.byte	0
ARM GAS  C:\Users\Philip\AppData\Local\Temp\cczqCr2e.s 			page 29


 1244 00ea 13       		.uleb128 0x13
 1245 00eb 26       		.uleb128 0x26
 1246 00ec 00       		.byte	0
 1247 00ed 49       		.uleb128 0x49
 1248 00ee 13       		.uleb128 0x13
 1249 00ef 00       		.byte	0
 1250 00f0 00       		.byte	0
 1251 00f1 14       		.uleb128 0x14
 1252 00f2 2E       		.uleb128 0x2e
 1253 00f3 00       		.byte	0
 1254 00f4 03       		.uleb128 0x3
 1255 00f5 0E       		.uleb128 0xe
 1256 00f6 3A       		.uleb128 0x3a
 1257 00f7 0B       		.uleb128 0xb
 1258 00f8 3B       		.uleb128 0x3b
 1259 00f9 0B       		.uleb128 0xb
 1260 00fa 27       		.uleb128 0x27
 1261 00fb 19       		.uleb128 0x19
 1262 00fc 11       		.uleb128 0x11
 1263 00fd 01       		.uleb128 0x1
 1264 00fe 12       		.uleb128 0x12
 1265 00ff 06       		.uleb128 0x6
 1266 0100 40       		.uleb128 0x40
 1267 0101 18       		.uleb128 0x18
 1268 0102 9642     		.uleb128 0x2116
 1269 0104 19       		.uleb128 0x19
 1270 0105 00       		.byte	0
 1271 0106 00       		.byte	0
 1272 0107 15       		.uleb128 0x15
 1273 0108 2E       		.uleb128 0x2e
 1274 0109 00       		.byte	0
 1275 010a 03       		.uleb128 0x3
 1276 010b 0E       		.uleb128 0xe
 1277 010c 3A       		.uleb128 0x3a
 1278 010d 0B       		.uleb128 0xb
 1279 010e 3B       		.uleb128 0x3b
 1280 010f 0B       		.uleb128 0xb
 1281 0110 27       		.uleb128 0x27
 1282 0111 19       		.uleb128 0x19
 1283 0112 11       		.uleb128 0x11
 1284 0113 01       		.uleb128 0x1
 1285 0114 12       		.uleb128 0x12
 1286 0115 06       		.uleb128 0x6
 1287 0116 40       		.uleb128 0x40
 1288 0117 18       		.uleb128 0x18
 1289 0118 9742     		.uleb128 0x2117
 1290 011a 19       		.uleb128 0x19
 1291 011b 00       		.byte	0
 1292 011c 00       		.byte	0
 1293 011d 16       		.uleb128 0x16
 1294 011e 2E       		.uleb128 0x2e
 1295 011f 01       		.byte	0x1
 1296 0120 3F       		.uleb128 0x3f
 1297 0121 19       		.uleb128 0x19
 1298 0122 03       		.uleb128 0x3
 1299 0123 0E       		.uleb128 0xe
 1300 0124 3A       		.uleb128 0x3a
ARM GAS  C:\Users\Philip\AppData\Local\Temp\cczqCr2e.s 			page 30


 1301 0125 0B       		.uleb128 0xb
 1302 0126 3B       		.uleb128 0x3b
 1303 0127 05       		.uleb128 0x5
 1304 0128 27       		.uleb128 0x27
 1305 0129 19       		.uleb128 0x19
 1306 012a 11       		.uleb128 0x11
 1307 012b 01       		.uleb128 0x1
 1308 012c 12       		.uleb128 0x12
 1309 012d 06       		.uleb128 0x6
 1310 012e 40       		.uleb128 0x40
 1311 012f 18       		.uleb128 0x18
 1312 0130 9642     		.uleb128 0x2116
 1313 0132 19       		.uleb128 0x19
 1314 0133 00       		.byte	0
 1315 0134 00       		.byte	0
 1316 0135 17       		.uleb128 0x17
 1317 0136 0B       		.uleb128 0xb
 1318 0137 01       		.byte	0x1
 1319 0138 11       		.uleb128 0x11
 1320 0139 01       		.uleb128 0x1
 1321 013a 12       		.uleb128 0x12
 1322 013b 06       		.uleb128 0x6
 1323 013c 00       		.byte	0
 1324 013d 00       		.byte	0
 1325 013e 18       		.uleb128 0x18
 1326 013f 13       		.uleb128 0x13
 1327 0140 01       		.byte	0x1
 1328 0141 0B       		.uleb128 0xb
 1329 0142 0B       		.uleb128 0xb
 1330 0143 3A       		.uleb128 0x3a
 1331 0144 0B       		.uleb128 0xb
 1332 0145 3B       		.uleb128 0x3b
 1333 0146 05       		.uleb128 0x5
 1334 0147 01       		.uleb128 0x1
 1335 0148 13       		.uleb128 0x13
 1336 0149 00       		.byte	0
 1337 014a 00       		.byte	0
 1338 014b 19       		.uleb128 0x19
 1339 014c 0D       		.uleb128 0xd
 1340 014d 00       		.byte	0
 1341 014e 03       		.uleb128 0x3
 1342 014f 0E       		.uleb128 0xe
 1343 0150 3A       		.uleb128 0x3a
 1344 0151 0B       		.uleb128 0xb
 1345 0152 3B       		.uleb128 0x3b
 1346 0153 05       		.uleb128 0x5
 1347 0154 49       		.uleb128 0x49
 1348 0155 13       		.uleb128 0x13
 1349 0156 38       		.uleb128 0x38
 1350 0157 0B       		.uleb128 0xb
 1351 0158 00       		.byte	0
 1352 0159 00       		.byte	0
 1353 015a 1A       		.uleb128 0x1a
 1354 015b 34       		.uleb128 0x34
 1355 015c 00       		.byte	0
 1356 015d 03       		.uleb128 0x3
 1357 015e 0E       		.uleb128 0xe
ARM GAS  C:\Users\Philip\AppData\Local\Temp\cczqCr2e.s 			page 31


 1358 015f 3A       		.uleb128 0x3a
 1359 0160 0B       		.uleb128 0xb
 1360 0161 3B       		.uleb128 0x3b
 1361 0162 05       		.uleb128 0x5
 1362 0163 49       		.uleb128 0x49
 1363 0164 13       		.uleb128 0x13
 1364 0165 02       		.uleb128 0x2
 1365 0166 18       		.uleb128 0x18
 1366 0167 00       		.byte	0
 1367 0168 00       		.byte	0
 1368 0169 1B       		.uleb128 0x1b
 1369 016a 34       		.uleb128 0x34
 1370 016b 00       		.byte	0
 1371 016c 03       		.uleb128 0x3
 1372 016d 08       		.uleb128 0x8
 1373 016e 3A       		.uleb128 0x3a
 1374 016f 0B       		.uleb128 0xb
 1375 0170 3B       		.uleb128 0x3b
 1376 0171 05       		.uleb128 0x5
 1377 0172 49       		.uleb128 0x49
 1378 0173 13       		.uleb128 0x13
 1379 0174 02       		.uleb128 0x2
 1380 0175 18       		.uleb128 0x18
 1381 0176 00       		.byte	0
 1382 0177 00       		.byte	0
 1383 0178 00       		.byte	0
 1384              		.section	.debug_aranges,"",%progbits
 1385 0000 4C000000 		.4byte	0x4c
 1386 0004 0200     		.2byte	0x2
 1387 0006 00000000 		.4byte	.Ldebug_info0
 1388 000a 04       		.byte	0x4
 1389 000b 00       		.byte	0
 1390 000c 0000     		.2byte	0
 1391 000e 0000     		.2byte	0
 1392 0010 00000000 		.4byte	.LFB0
 1393 0014 1E000000 		.4byte	.LFE0-.LFB0
 1394 0018 00000000 		.4byte	.LFB1
 1395 001c 22000000 		.4byte	.LFE1-.LFB1
 1396 0020 00000000 		.4byte	.LFB2
 1397 0024 22000000 		.4byte	.LFE2-.LFB2
 1398 0028 00000000 		.4byte	.LFB3
 1399 002c A4000000 		.4byte	.LFE3-.LFB3
 1400 0030 A4000000 		.4byte	.LFB4
 1401 0034 BC000000 		.4byte	.LFE4-.LFB4
 1402 0038 00000000 		.4byte	.LFB5
 1403 003c 08000000 		.4byte	.LFE5-.LFB5
 1404 0040 60010000 		.4byte	.LFB6
 1405 0044 44010000 		.4byte	.LFE6-.LFB6
 1406 0048 00000000 		.4byte	0
 1407 004c 00000000 		.4byte	0
 1408              		.section	.debug_ranges,"",%progbits
 1409              	.Ldebug_ranges0:
 1410 0000 00000000 		.4byte	.LFB0
 1411 0004 1E000000 		.4byte	.LFE0
 1412 0008 00000000 		.4byte	.LFB1
 1413 000c 22000000 		.4byte	.LFE1
 1414 0010 00000000 		.4byte	.LFB2
ARM GAS  C:\Users\Philip\AppData\Local\Temp\cczqCr2e.s 			page 32


 1415 0014 22000000 		.4byte	.LFE2
 1416 0018 00000000 		.4byte	.LFB3
 1417 001c A4000000 		.4byte	.LFE3
 1418 0020 A4000000 		.4byte	.LFB4
 1419 0024 60010000 		.4byte	.LFE4
 1420 0028 00000000 		.4byte	.LFB5
 1421 002c 08000000 		.4byte	.LFE5
 1422 0030 60010000 		.4byte	.LFB6
 1423 0034 A4020000 		.4byte	.LFE6
 1424 0038 00000000 		.4byte	0
 1425 003c 00000000 		.4byte	0
 1426              		.section	.debug_line,"",%progbits
 1427              	.Ldebug_line0:
 1428 0000 83010000 		.section	.debug_str,"MS",%progbits,1
 1428      0200D000 
 1428      00000201 
 1428      FB0E0D00 
 1428      01010101 
 1429              	.LASF19:
 1430 0000 72656733 		.ascii	"reg32\000"
 1430      3200
 1431              	.LASF11:
 1432 0006 73697A65 		.ascii	"size_t\000"
 1432      5F7400
 1433              	.LASF38:
 1434 000d 416E616C 		.ascii	"AnalogSetDefault\000"
 1434      6F675365 
 1434      74446566 
 1434      61756C74 
 1434      00
 1435              	.LASF29:
 1436 001e 696D6F5F 		.ascii	"imo_trim_entry_t\000"
 1436      7472696D 
 1436      5F656E74 
 1436      72795F74 
 1436      00
 1437              	.LASF42:
 1438 002f 6366675F 		.ascii	"cfg_memset_list\000"
 1438      6D656D73 
 1438      65745F6C 
 1438      69737400 
 1439              	.LASF37:
 1440 003f 436C6F63 		.ascii	"ClockSetup\000"
 1440      6B536574 
 1440      757000
 1441              	.LASF28:
 1442 004a 746D7063 		.ascii	"tmpco\000"
 1442      6F00
 1443              	.LASF4:
 1444 0050 73686F72 		.ascii	"short unsigned int\000"
 1444      7420756E 
 1444      7369676E 
 1444      65642069 
 1444      6E7400
 1445              	.LASF3:
 1446 0063 73686F72 		.ascii	"short int\000"
 1446      7420696E 
ARM GAS  C:\Users\Philip\AppData\Local\Temp\cczqCr2e.s 			page 33


 1446      7400
 1447              	.LASF24:
 1448 006d 53657449 		.ascii	"SetIMOBGTrims\000"
 1448      4D4F4247 
 1448      5472696D 
 1448      7300
 1449              	.LASF16:
 1450 007b 666C6F61 		.ascii	"float\000"
 1450      7400
 1451              	.LASF34:
 1452 0081 696D6F54 		.ascii	"imoTrimIndex\000"
 1452      72696D49 
 1452      6E646578 
 1452      00
 1453              	.LASF22:
 1454 008e 64657374 		.ascii	"dest\000"
 1454      00
 1455              	.LASF40:
 1456 0093 73697A65 		.ascii	"size\000"
 1456      00
 1457              	.LASF18:
 1458 0098 72656738 		.ascii	"reg8\000"
 1458      00
 1459              	.LASF45:
 1460 009d 433A5C55 		.ascii	"C:\\Users\\Philip\\OneDrive\\GitHub\\PSoC_Master\\P"
 1460      73657273 
 1460      5C506869 
 1460      6C69705C 
 1460      4F6E6544 
 1461 00ca 536F435F 		.ascii	"SoC_Master\\PSoC_Master.cydsn\000"
 1461      4D617374 
 1461      65725C50 
 1461      536F435F 
 1461      4D617374 
 1462              	.LASF6:
 1463 00e7 6C6F6E67 		.ascii	"long unsigned int\000"
 1463      20756E73 
 1463      69676E65 
 1463      6420696E 
 1463      7400
 1464              	.LASF15:
 1465 00f9 696E7433 		.ascii	"int32\000"
 1465      3200
 1466              	.LASF20:
 1467 00ff 43594D45 		.ascii	"CYMEMZERO\000"
 1467      4D5A4552 
 1467      4F00
 1468              	.LASF2:
 1469 0109 756E7369 		.ascii	"unsigned char\000"
 1469      676E6564 
 1469      20636861 
 1469      7200
 1470              	.LASF17:
 1471 0117 646F7562 		.ascii	"double\000"
 1471      6C6500
 1472              	.LASF25:
 1473 011e 696D6F46 		.ascii	"imoFreq\000"
ARM GAS  C:\Users\Philip\AppData\Local\Temp\cczqCr2e.s 			page 34


 1473      72657100 
 1474              	.LASF21:
 1475 0126 4359434F 		.ascii	"CYCONFIGCPY\000"
 1475      4E464947 
 1475      43505900 
 1476              	.LASF33:
 1477 0132 494D4F5F 		.ascii	"IMO_TRIM_FREQ_TABLE_ENTRIES\000"
 1477      5452494D 
 1477      5F465245 
 1477      515F5441 
 1477      424C455F 
 1478              	.LASF13:
 1479 014e 75696E74 		.ascii	"uint16\000"
 1479      313600
 1480              	.LASF14:
 1481 0155 75696E74 		.ascii	"uint32\000"
 1481      333200
 1482              	.LASF0:
 1483 015c 756E7369 		.ascii	"unsigned int\000"
 1483      676E6564 
 1483      20696E74 
 1483      00
 1484              	.LASF46:
 1485 0169 63796669 		.ascii	"cyfitter_cfg\000"
 1485      74746572 
 1485      5F636667 
 1485      00
 1486              	.LASF39:
 1487 0176 61646472 		.ascii	"address\000"
 1487      65737300 
 1488              	.LASF8:
 1489 017e 6C6F6E67 		.ascii	"long long unsigned int\000"
 1489      206C6F6E 
 1489      6720756E 
 1489      7369676E 
 1489      65642069 
 1490              	.LASF31:
 1491 0195 696D6F5F 		.ascii	"imo_trim_table_t\000"
 1491      7472696D 
 1491      5F746162 
 1491      6C655F74 
 1491      00
 1492              	.LASF41:
 1493 01a6 6366675F 		.ascii	"cfg_memset_t\000"
 1493      6D656D73 
 1493      65745F74 
 1493      00
 1494              	.LASF44:
 1495 01b3 2E5C4765 		.ascii	".\\Generated_Source\\PSoC4\\cyfitter_cfg.c\000"
 1495      6E657261 
 1495      7465645F 
 1495      536F7572 
 1495      63655C50 
 1496              	.LASF9:
 1497 01db 73697A65 		.ascii	"sizetype\000"
 1497      74797065 
 1497      00
ARM GAS  C:\Users\Philip\AppData\Local\Temp\cczqCr2e.s 			page 35


 1498              	.LASF36:
 1499 01e4 73657454 		.ascii	"setTmpCo\000"
 1499      6D70436F 
 1499      00
 1500              	.LASF7:
 1501 01ed 6C6F6E67 		.ascii	"long long int\000"
 1501      206C6F6E 
 1501      6720696E 
 1501      7400
 1502              	.LASF10:
 1503 01fb 63686172 		.ascii	"char\000"
 1503      00
 1504              	.LASF27:
 1505 0200 6162736F 		.ascii	"absolute\000"
 1505      6C757465 
 1505      00
 1506              	.LASF26:
 1507 0209 66726571 		.ascii	"freq\000"
 1507      00
 1508              	.LASF12:
 1509 020e 75696E74 		.ascii	"uint8\000"
 1509      3800
 1510              	.LASF32:
 1511 0214 696D6F5F 		.ascii	"imo_trim_table\000"
 1511      7472696D 
 1511      5F746162 
 1511      6C6500
 1512              	.LASF5:
 1513 0223 6C6F6E67 		.ascii	"long int\000"
 1513      20696E74 
 1513      00
 1514              	.LASF30:
 1515 022c 656E7472 		.ascii	"entries\000"
 1515      69657300 
 1516              	.LASF35:
 1517 0234 73657441 		.ascii	"setAbs\000"
 1517      627300
 1518              	.LASF1:
 1519 023b 7369676E 		.ascii	"signed char\000"
 1519      65642063 
 1519      68617200 
 1520              	.LASF23:
 1521 0247 4359434F 		.ascii	"CYCONFIGCPYCODE\000"
 1521      4E464947 
 1521      43505943 
 1521      4F444500 
 1522              	.LASF43:
 1523 0257 474E5520 		.ascii	"GNU C 4.8.4 20140526 (release) [ARM/embedded-4_8-br"
 1523      4320342E 
 1523      382E3420 
 1523      32303134 
 1523      30353236 
 1524 028a 616E6368 		.ascii	"anch revision 211358] -mcpu=cortex-m0 -mthumb -g -O"
 1524      20726576 
 1524      6973696F 
 1524      6E203231 
 1524      31333538 
ARM GAS  C:\Users\Philip\AppData\Local\Temp\cczqCr2e.s 			page 36


 1525 02bd 30202D66 		.ascii	"0 -ffunction-sections\000"
 1525      66756E63 
 1525      74696F6E 
 1525      2D736563 
 1525      74696F6E 
 1526              		.ident	"GCC: (GNU Tools for ARM Embedded Processors) 4.8.4 20140526 (release) [ARM/embedded-4_8-br
