ARM GAS  C:\Users\Lasse\AppData\Local\Temp\ccw4VYyh.s 			page 1


   1              		.cpu cortex-m0
   2              		.fpu softvfp
   3              		.eabi_attribute 20, 1
   4              		.eabi_attribute 21, 1
   5              		.eabi_attribute 23, 3
   6              		.eabi_attribute 24, 1
   7              		.eabi_attribute 25, 1
   8              		.eabi_attribute 26, 1
   9              		.eabi_attribute 30, 6
  10              		.eabi_attribute 34, 0
  11              		.eabi_attribute 18, 4
  12              		.code	16
  13              		.file	"main.c"
  14              		.text
  15              	.Ltext0:
  16              		.cfi_sections	.debug_frame
  17              		.section	.rodata
  18              		.align	2
  19              	.LC0:
  20 0000 54686520 		.ascii	"The UART is functional.\012\015\000"
  20      55415254 
  20      20697320 
  20      66756E63 
  20      74696F6E 
  21 001a 0000     		.section	.text.main,"ax",%progbits
  22              		.align	2
  23              		.global	main
  24              		.code	16
  25              		.thumb_func
  26              		.type	main, %function
  27              	main:
  28              	.LFB33:
  29              		.file 1 ".\\main.c"
   1:.\main.c      **** /* ========================================
   2:.\main.c      ****  * 
   3:.\main.c      ****  * AutoGreen - PSoC_Master
   4:.\main.c      ****  * main.c
   5:.\main.c      ****  * (Description)
   6:.\main.c      ****  * PRJ3 - GRP9
   7:.\main.c      ****  * 2015-04-15
   8:.\main.c      ****  *
   9:.\main.c      ****  * ========================================
  10:.\main.c      **** */
  11:.\main.c      **** 
  12:.\main.c      **** // Include files
  13:.\main.c      **** #include <project.h>
  14:.\main.c      **** #include "DSP_Class.h"
  15:.\main.c      **** #include "I2C_Class.h"
  16:.\main.c      **** #include "PSoC_Master_Class.h"
  17:.\main.c      **** #include "UART_Class.h"
  18:.\main.c      **** 
  19:.\main.c      **** 
  20:.\main.c      **** int main(){
  30              		.loc 1 20 0
  31              		.cfi_startproc
  32 0000 80B5     		push	{r7, lr}
  33              		.cfi_def_cfa_offset 8
ARM GAS  C:\Users\Lasse\AppData\Local\Temp\ccw4VYyh.s 			page 2


  34              		.cfi_offset 7, -8
  35              		.cfi_offset 14, -4
  36 0002 00AF     		add	r7, sp, #0
  37              		.cfi_def_cfa_register 7
  21:.\main.c      ****     
  22:.\main.c      ****     // Init
  23:.\main.c      ****     initDSP();
  38              		.loc 1 23 0
  39 0004 FFF7FEFF 		bl	initDSP
  24:.\main.c      ****     initI2C();
  40              		.loc 1 24 0
  41 0008 FFF7FEFF 		bl	initI2C
  25:.\main.c      ****     initPSoC_Master();
  42              		.loc 1 25 0
  43 000c FFF7FEFF 		bl	initPSoC_Master
  26:.\main.c      ****     initUART();
  44              		.loc 1 26 0
  45 0010 FFF7FEFF 		bl	initUART
  27:.\main.c      **** 
  28:.\main.c      ****     CyGlobalIntEnable;      // Global interrupt enable
  46              		.loc 1 28 0
  47              	@ 28 ".\main.c" 1
  48 0014 62B6     		CPSIE   i
  49              	@ 0 "" 2
  29:.\main.c      ****     UART_UartPutString("The UART is functional.\n\r");
  50              		.loc 1 29 0
  51              		.code	16
  52 0016 024B     		ldr	r3, .L3
  53 0018 181C     		mov	r0, r3
  54 001a FFF7FEFF 		bl	UART_UartPutString
  55              	.L2:
  30:.\main.c      ****     uint16 blabla;
  31:.\main.c      ****     for(;;)
  32:.\main.c      ****     {
  33:.\main.c      ****   
  34:.\main.c      ****     }
  56              		.loc 1 34 0 discriminator 1
  57 001e FEE7     		b	.L2
  58              	.L4:
  59              		.align	2
  60              	.L3:
  61 0020 00000000 		.word	.LC0
  62              		.cfi_endproc
  63              	.LFE33:
  64              		.size	main, .-main
  65              		.text
  66              	.Letext0:
  67              		.file 2 ".\\Generated_Source\\PSoC4/cytypes.h"
  68              		.section	.debug_info,"",%progbits
  69              	.Ldebug_info0:
  70 0000 B0000000 		.4byte	0xb0
  71 0004 0400     		.2byte	0x4
  72 0006 00000000 		.4byte	.Ldebug_abbrev0
  73 000a 04       		.byte	0x4
  74 000b 01       		.uleb128 0x1
  75 000c 4D000000 		.4byte	.LASF13
  76 0010 01       		.byte	0x1
ARM GAS  C:\Users\Lasse\AppData\Local\Temp\ccw4VYyh.s 			page 3


  77 0011 5B010000 		.4byte	.LASF14
  78 0015 E5000000 		.4byte	.LASF15
  79 0019 00000000 		.4byte	.Ldebug_ranges0+0
  80 001d 00000000 		.4byte	0
  81 0021 00000000 		.4byte	.Ldebug_line0
  82 0025 02       		.uleb128 0x2
  83 0026 01       		.byte	0x1
  84 0027 06       		.byte	0x6
  85 0028 49010000 		.4byte	.LASF0
  86 002c 02       		.uleb128 0x2
  87 002d 01       		.byte	0x1
  88 002e 08       		.byte	0x8
  89 002f C9000000 		.4byte	.LASF1
  90 0033 02       		.uleb128 0x2
  91 0034 02       		.byte	0x2
  92 0035 05       		.byte	0x5
  93 0036 2C000000 		.4byte	.LASF2
  94 003a 02       		.uleb128 0x2
  95 003b 02       		.byte	0x2
  96 003c 07       		.byte	0x7
  97 003d 36010000 		.4byte	.LASF3
  98 0041 02       		.uleb128 0x2
  99 0042 04       		.byte	0x4
 100 0043 05       		.byte	0x5
 101 0044 DC000000 		.4byte	.LASF4
 102 0048 02       		.uleb128 0x2
 103 0049 04       		.byte	0x4
 104 004a 07       		.byte	0x7
 105 004b 1A000000 		.4byte	.LASF5
 106 004f 02       		.uleb128 0x2
 107 0050 08       		.byte	0x8
 108 0051 05       		.byte	0x5
 109 0052 00000000 		.4byte	.LASF6
 110 0056 02       		.uleb128 0x2
 111 0057 08       		.byte	0x8
 112 0058 07       		.byte	0x7
 113 0059 36000000 		.4byte	.LASF7
 114 005d 03       		.uleb128 0x3
 115 005e 04       		.byte	0x4
 116 005f 05       		.byte	0x5
 117 0060 696E7400 		.ascii	"int\000"
 118 0064 02       		.uleb128 0x2
 119 0065 04       		.byte	0x4
 120 0066 07       		.byte	0x7
 121 0067 6B010000 		.4byte	.LASF8
 122 006b 04       		.uleb128 0x4
 123 006c 64010000 		.4byte	.LASF16
 124 0070 02       		.byte	0x2
 125 0071 A2       		.byte	0xa2
 126 0072 3A000000 		.4byte	0x3a
 127 0076 02       		.uleb128 0x2
 128 0077 04       		.byte	0x4
 129 0078 04       		.byte	0x4
 130 0079 55010000 		.4byte	.LASF9
 131 007d 02       		.uleb128 0x2
 132 007e 08       		.byte	0x8
 133 007f 04       		.byte	0x4
ARM GAS  C:\Users\Lasse\AppData\Local\Temp\ccw4VYyh.s 			page 4


 134 0080 2F010000 		.4byte	.LASF10
 135 0084 02       		.uleb128 0x2
 136 0085 01       		.byte	0x1
 137 0086 08       		.byte	0x8
 138 0087 D7000000 		.4byte	.LASF11
 139 008b 02       		.uleb128 0x2
 140 008c 04       		.byte	0x4
 141 008d 07       		.byte	0x7
 142 008e 78010000 		.4byte	.LASF12
 143 0092 05       		.uleb128 0x5
 144 0093 15000000 		.4byte	.LASF17
 145 0097 01       		.byte	0x1
 146 0098 14       		.byte	0x14
 147 0099 5D000000 		.4byte	0x5d
 148 009d 00000000 		.4byte	.LFB33
 149 00a1 24000000 		.4byte	.LFE33-.LFB33
 150 00a5 01       		.uleb128 0x1
 151 00a6 9C       		.byte	0x9c
 152 00a7 06       		.uleb128 0x6
 153 00a8 0E000000 		.4byte	.LASF18
 154 00ac 01       		.byte	0x1
 155 00ad 1E       		.byte	0x1e
 156 00ae 6B000000 		.4byte	0x6b
 157 00b2 00       		.byte	0
 158 00b3 00       		.byte	0
 159              		.section	.debug_abbrev,"",%progbits
 160              	.Ldebug_abbrev0:
 161 0000 01       		.uleb128 0x1
 162 0001 11       		.uleb128 0x11
 163 0002 01       		.byte	0x1
 164 0003 25       		.uleb128 0x25
 165 0004 0E       		.uleb128 0xe
 166 0005 13       		.uleb128 0x13
 167 0006 0B       		.uleb128 0xb
 168 0007 03       		.uleb128 0x3
 169 0008 0E       		.uleb128 0xe
 170 0009 1B       		.uleb128 0x1b
 171 000a 0E       		.uleb128 0xe
 172 000b 55       		.uleb128 0x55
 173 000c 17       		.uleb128 0x17
 174 000d 11       		.uleb128 0x11
 175 000e 01       		.uleb128 0x1
 176 000f 10       		.uleb128 0x10
 177 0010 17       		.uleb128 0x17
 178 0011 00       		.byte	0
 179 0012 00       		.byte	0
 180 0013 02       		.uleb128 0x2
 181 0014 24       		.uleb128 0x24
 182 0015 00       		.byte	0
 183 0016 0B       		.uleb128 0xb
 184 0017 0B       		.uleb128 0xb
 185 0018 3E       		.uleb128 0x3e
 186 0019 0B       		.uleb128 0xb
 187 001a 03       		.uleb128 0x3
 188 001b 0E       		.uleb128 0xe
 189 001c 00       		.byte	0
 190 001d 00       		.byte	0
ARM GAS  C:\Users\Lasse\AppData\Local\Temp\ccw4VYyh.s 			page 5


 191 001e 03       		.uleb128 0x3
 192 001f 24       		.uleb128 0x24
 193 0020 00       		.byte	0
 194 0021 0B       		.uleb128 0xb
 195 0022 0B       		.uleb128 0xb
 196 0023 3E       		.uleb128 0x3e
 197 0024 0B       		.uleb128 0xb
 198 0025 03       		.uleb128 0x3
 199 0026 08       		.uleb128 0x8
 200 0027 00       		.byte	0
 201 0028 00       		.byte	0
 202 0029 04       		.uleb128 0x4
 203 002a 16       		.uleb128 0x16
 204 002b 00       		.byte	0
 205 002c 03       		.uleb128 0x3
 206 002d 0E       		.uleb128 0xe
 207 002e 3A       		.uleb128 0x3a
 208 002f 0B       		.uleb128 0xb
 209 0030 3B       		.uleb128 0x3b
 210 0031 0B       		.uleb128 0xb
 211 0032 49       		.uleb128 0x49
 212 0033 13       		.uleb128 0x13
 213 0034 00       		.byte	0
 214 0035 00       		.byte	0
 215 0036 05       		.uleb128 0x5
 216 0037 2E       		.uleb128 0x2e
 217 0038 01       		.byte	0x1
 218 0039 3F       		.uleb128 0x3f
 219 003a 19       		.uleb128 0x19
 220 003b 03       		.uleb128 0x3
 221 003c 0E       		.uleb128 0xe
 222 003d 3A       		.uleb128 0x3a
 223 003e 0B       		.uleb128 0xb
 224 003f 3B       		.uleb128 0x3b
 225 0040 0B       		.uleb128 0xb
 226 0041 49       		.uleb128 0x49
 227 0042 13       		.uleb128 0x13
 228 0043 11       		.uleb128 0x11
 229 0044 01       		.uleb128 0x1
 230 0045 12       		.uleb128 0x12
 231 0046 06       		.uleb128 0x6
 232 0047 40       		.uleb128 0x40
 233 0048 18       		.uleb128 0x18
 234 0049 9642     		.uleb128 0x2116
 235 004b 19       		.uleb128 0x19
 236 004c 00       		.byte	0
 237 004d 00       		.byte	0
 238 004e 06       		.uleb128 0x6
 239 004f 34       		.uleb128 0x34
 240 0050 00       		.byte	0
 241 0051 03       		.uleb128 0x3
 242 0052 0E       		.uleb128 0xe
 243 0053 3A       		.uleb128 0x3a
 244 0054 0B       		.uleb128 0xb
 245 0055 3B       		.uleb128 0x3b
 246 0056 0B       		.uleb128 0xb
 247 0057 49       		.uleb128 0x49
ARM GAS  C:\Users\Lasse\AppData\Local\Temp\ccw4VYyh.s 			page 6


 248 0058 13       		.uleb128 0x13
 249 0059 00       		.byte	0
 250 005a 00       		.byte	0
 251 005b 00       		.byte	0
 252              		.section	.debug_aranges,"",%progbits
 253 0000 1C000000 		.4byte	0x1c
 254 0004 0200     		.2byte	0x2
 255 0006 00000000 		.4byte	.Ldebug_info0
 256 000a 04       		.byte	0x4
 257 000b 00       		.byte	0
 258 000c 0000     		.2byte	0
 259 000e 0000     		.2byte	0
 260 0010 00000000 		.4byte	.LFB33
 261 0014 24000000 		.4byte	.LFE33-.LFB33
 262 0018 00000000 		.4byte	0
 263 001c 00000000 		.4byte	0
 264              		.section	.debug_ranges,"",%progbits
 265              	.Ldebug_ranges0:
 266 0000 00000000 		.4byte	.LFB33
 267 0004 24000000 		.4byte	.LFE33
 268 0008 00000000 		.4byte	0
 269 000c 00000000 		.4byte	0
 270              		.section	.debug_line,"",%progbits
 271              	.Ldebug_line0:
 272 0000 65000000 		.section	.debug_str,"MS",%progbits,1
 272      02004500 
 272      00000201 
 272      FB0E0D00 
 272      01010101 
 273              	.LASF6:
 274 0000 6C6F6E67 		.ascii	"long long int\000"
 274      206C6F6E 
 274      6720696E 
 274      7400
 275              	.LASF18:
 276 000e 626C6162 		.ascii	"blabla\000"
 276      6C6100
 277              	.LASF17:
 278 0015 6D61696E 		.ascii	"main\000"
 278      00
 279              	.LASF5:
 280 001a 6C6F6E67 		.ascii	"long unsigned int\000"
 280      20756E73 
 280      69676E65 
 280      6420696E 
 280      7400
 281              	.LASF2:
 282 002c 73686F72 		.ascii	"short int\000"
 282      7420696E 
 282      7400
 283              	.LASF7:
 284 0036 6C6F6E67 		.ascii	"long long unsigned int\000"
 284      206C6F6E 
 284      6720756E 
 284      7369676E 
 284      65642069 
 285              	.LASF13:
ARM GAS  C:\Users\Lasse\AppData\Local\Temp\ccw4VYyh.s 			page 7


 286 004d 474E5520 		.ascii	"GNU C 4.8.4 20140526 (release) [ARM/embedded-4_8-br"
 286      4320342E 
 286      382E3420 
 286      32303134 
 286      30353236 
 287 0080 616E6368 		.ascii	"anch revision 211358] -mcpu=cortex-m0 -mthumb -g -O"
 287      20726576 
 287      6973696F 
 287      6E203231 
 287      31333538 
 288 00b3 30202D66 		.ascii	"0 -ffunction-sections\000"
 288      66756E63 
 288      74696F6E 
 288      2D736563 
 288      74696F6E 
 289              	.LASF1:
 290 00c9 756E7369 		.ascii	"unsigned char\000"
 290      676E6564 
 290      20636861 
 290      7200
 291              	.LASF11:
 292 00d7 63686172 		.ascii	"char\000"
 292      00
 293              	.LASF4:
 294 00dc 6C6F6E67 		.ascii	"long int\000"
 294      20696E74 
 294      00
 295              	.LASF15:
 296 00e5 433A5C55 		.ascii	"C:\\Users\\Lasse\\Documents\\GitHub\\PSoC_Master\\P"
 296      73657273 
 296      5C4C6173 
 296      73655C44 
 296      6F63756D 
 297 0112 536F435F 		.ascii	"SoC_Master\\PSoC_Master.cydsn\000"
 297      4D617374 
 297      65725C50 
 297      536F435F 
 297      4D617374 
 298              	.LASF10:
 299 012f 646F7562 		.ascii	"double\000"
 299      6C6500
 300              	.LASF3:
 301 0136 73686F72 		.ascii	"short unsigned int\000"
 301      7420756E 
 301      7369676E 
 301      65642069 
 301      6E7400
 302              	.LASF0:
 303 0149 7369676E 		.ascii	"signed char\000"
 303      65642063 
 303      68617200 
 304              	.LASF9:
 305 0155 666C6F61 		.ascii	"float\000"
 305      7400
 306              	.LASF14:
 307 015b 2E5C6D61 		.ascii	".\\main.c\000"
 307      696E2E63 
ARM GAS  C:\Users\Lasse\AppData\Local\Temp\ccw4VYyh.s 			page 8


 307      00
 308              	.LASF16:
 309 0164 75696E74 		.ascii	"uint16\000"
 309      313600
 310              	.LASF8:
 311 016b 756E7369 		.ascii	"unsigned int\000"
 311      676E6564 
 311      20696E74 
 311      00
 312              	.LASF12:
 313 0178 73697A65 		.ascii	"sizetype\000"
 313      74797065 
 313      00
 314              		.ident	"GCC: (GNU Tools for ARM Embedded Processors) 4.8.4 20140526 (release) [ARM/embedded-4_8-br
