--------------- Clean Started: 04/17/2015 15:38:11 Project: PSoC_Master, Configuration: ARM GCC 4.8.4 Debug ---------------
Deleting file ".\CortexM0\ARM_GCC_484\Debug\main.o"
Deleting file ".\CortexM0\ARM_GCC_484\Debug\DSP_Class.o"
Deleting file ".\CortexM0\ARM_GCC_484\Debug\PSoC_Master_Class.o"
Deleting file ".\CortexM0\ARM_GCC_484\Debug\UART_Class.o"
Deleting file ".\CortexM0\ARM_GCC_484\Debug\I2C_Class.o"
Deleting file ".\CortexM0\ARM_GCC_484\Debug\cyfitter_cfg.o"
Deleting file ".\CortexM0\ARM_GCC_484\Debug\cymetadata.o"
Deleting file ".\CortexM0\ARM_GCC_484\Debug\timer_ISR.o"
Deleting file ".\CortexM0\ARM_GCC_484\Debug\Timer.o"
Deleting file ".\CortexM0\ARM_GCC_484\Debug\Timer_PM.o"
Deleting file ".\CortexM0\ARM_GCC_484\Debug\Clock.o"
Deleting file ".\CortexM0\ARM_GCC_484\Debug\RedLED.o"
Deleting file ".\CortexM0\ARM_GCC_484\Debug\UART.o"
Deleting file ".\CortexM0\ARM_GCC_484\Debug\UART_SPI_UART.o"
Deleting file ".\CortexM0\ARM_GCC_484\Debug\UART_SPI_UART_INT.o"
Deleting file ".\CortexM0\ARM_GCC_484\Debug\UART_PM.o"
Deleting file ".\CortexM0\ARM_GCC_484\Debug\UART_UART.o"
Deleting file ".\CortexM0\ARM_GCC_484\Debug\UART_BOOT.o"
Deleting file ".\CortexM0\ARM_GCC_484\Debug\UART_UART_BOOT.o"
Deleting file ".\CortexM0\ARM_GCC_484\Debug\UART_ISR.o"
Deleting file ".\CortexM0\ARM_GCC_484\Debug\I2C.o"
Deleting file ".\CortexM0\ARM_GCC_484\Debug\I2C_I2C_INT.o"
Deleting file ".\CortexM0\ARM_GCC_484\Debug\I2C_I2C.o"
Deleting file ".\CortexM0\ARM_GCC_484\Debug\I2C_I2C_BOOT.o"
Deleting file ".\CortexM0\ARM_GCC_484\Debug\I2C_I2C_MASTER.o"
Deleting file ".\CortexM0\ARM_GCC_484\Debug\I2C_PM.o"
Deleting file ".\CortexM0\ARM_GCC_484\Debug\I2C_BOOT.o"
Deleting file ".\CortexM0\ARM_GCC_484\Debug\UART_SCBCLK.o"
Deleting file ".\CortexM0\ARM_GCC_484\Debug\UART_tx.o"
Deleting file ".\CortexM0\ARM_GCC_484\Debug\UART_rx.o"
Deleting file ".\CortexM0\ARM_GCC_484\Debug\I2C_SCBCLK.o"
Deleting file ".\CortexM0\ARM_GCC_484\Debug\I2C_sda.o"
Deleting file ".\CortexM0\ARM_GCC_484\Debug\I2C_scl.o"
Deleting file ".\CortexM0\ARM_GCC_484\Debug\I2C_SCB_IRQ.o"
Deleting file ".\CortexM0\ARM_GCC_484\Debug\Cm0Start.o"
Deleting file ".\CortexM0\ARM_GCC_484\Debug\CyBootAsmGnu.o"
Deleting file ".\CortexM0\ARM_GCC_484\Debug\CyFlash.o"
Deleting file ".\CortexM0\ARM_GCC_484\Debug\CyLib.o"
Deleting file ".\CortexM0\ARM_GCC_484\Debug\cyPm.o"
Deleting file ".\CortexM0\ARM_GCC_484\Debug\cyutils.o"
Deleting file ".\CortexM0\ARM_GCC_484\Debug\PSoC_Master.hex"
Deleting file ".\CortexM0\ARM_GCC_484\Debug\PSoC_Master.elf"
Deleting file ".\CortexM0\ARM_GCC_484\Debug\PSoC_Master.map"
Deleting file ".\PSoC_Master.cycdx"
Deleting file ".\PSoC_Master.svd"
Deleting file ".\PSoC_Master.rpt"
Deleting file ".\PSoC_Master_timing.html"
Deleting file ".\CortexM0\ARM_GCC_484\Debug\.deps\C_FILE.P"
Deleting file ".\CortexM0\ARM_GCC_484\Debug\.deps\ARM_C_FILE.P"
Deleting file ".\CortexM0\ARM_GCC_484\Debug\.deps\GNU_ARM_ASM_FILE.P"
--------------- Clean Succeeded: 04/17/2015 15:38:12 ---------------
