ARM GAS  C:\Users\Philip\AppData\Local\Temp\cc4Ovztq.s 			page 1


   1              		.cpu cortex-m0
   2              		.fpu softvfp
   3              		.eabi_attribute 20, 1
   4              		.eabi_attribute 21, 1
   5              		.eabi_attribute 23, 3
   6              		.eabi_attribute 24, 1
   7              		.eabi_attribute 25, 1
   8              		.eabi_attribute 26, 1
   9              		.eabi_attribute 30, 6
  10              		.eabi_attribute 34, 0
  11              		.eabi_attribute 18, 4
  12              		.code	16
  13              		.file	"PSoC_Master_Class.c"
  14              		.text
  15              	.Ltext0:
  16              		.cfi_sections	.debug_frame
  17              		.comm	receivedCommand,1,1
  18              		.comm	tempTemp,4,4
  19              		.comm	tempHum,4,4
  20              		.comm	tempSoilHum,12,4
  21              		.comm	tempLight,4,4
  22              		.global	theState
  23              		.bss
  24              		.type	theState, %object
  25              		.size	theState, 1
  26              	theState:
  27 0000 00       		.space	1
  28              		.global	irrigationIndex
  29              		.type	irrigationIndex, %object
  30              		.size	irrigationIndex, 1
  31              	irrigationIndex:
  32 0001 00       		.space	1
  33              		.global	uartInt
  34              		.type	uartInt, %object
  35              		.size	uartInt, 1
  36              	uartInt:
  37 0002 00       		.space	1
  38              		.comm	buff,1,1
  39              		.global	timerInt
  40              		.type	timerInt, %object
  41              		.size	timerInt, 1
  42              	timerInt:
  43 0003 00       		.space	1
  44              		.section	.text.initPSoC_Master,"ax",%progbits
  45              		.align	2
  46              		.global	initPSoC_Master
  47              		.code	16
  48              		.thumb_func
  49              		.type	initPSoC_Master, %function
  50              	initPSoC_Master:
  51              	.LFB33:
  52              		.file 1 ".\\PSoC_Master_Class.c"
   1:.\PSoC_Master_Class.c **** /* ========================================
   2:.\PSoC_Master_Class.c ****  * 
   3:.\PSoC_Master_Class.c ****  * AutoGreen - PSoC_Master
   4:.\PSoC_Master_Class.c ****  * PSoC_Master_Class.c
   5:.\PSoC_Master_Class.c ****  * (Description)
ARM GAS  C:\Users\Philip\AppData\Local\Temp\cc4Ovztq.s 			page 2


   6:.\PSoC_Master_Class.c ****  * PRJ3 - GRP9
   7:.\PSoC_Master_Class.c ****  * 2015-04-15
   8:.\PSoC_Master_Class.c ****  *
   9:.\PSoC_Master_Class.c ****  * ========================================
  10:.\PSoC_Master_Class.c **** */
  11:.\PSoC_Master_Class.c **** 
  12:.\PSoC_Master_Class.c **** // Include files
  13:.\PSoC_Master_Class.c **** #include "PSoC_Master_Class.h"
  14:.\PSoC_Master_Class.c **** #include "DSP_Class.h"
  15:.\PSoC_Master_Class.c **** #include "I2C_Class.h"
  16:.\PSoC_Master_Class.c **** #include "UART_Class.h"
  17:.\PSoC_Master_Class.c **** 
  18:.\PSoC_Master_Class.c **** //Definitions
  19:.\PSoC_Master_Class.c **** #define CONVERT_TO_ASCII 48
  20:.\PSoC_Master_Class.c **** #define LED_ON 0
  21:.\PSoC_Master_Class.c **** #define LED_OFF 1
  22:.\PSoC_Master_Class.c **** 
  23:.\PSoC_Master_Class.c **** // Private data members
  24:.\PSoC_Master_Class.c **** int32 tempTemp;
  25:.\PSoC_Master_Class.c **** int32 tempHum;
  26:.\PSoC_Master_Class.c **** int16 tempSoilHum[6];
  27:.\PSoC_Master_Class.c **** int32 tempLight;
  28:.\PSoC_Master_Class.c **** 
  29:.\PSoC_Master_Class.c **** 
  30:.\PSoC_Master_Class.c **** // Private prototypes
  31:.\PSoC_Master_Class.c **** CY_ISR_PROTO(timer_ISR);
  32:.\PSoC_Master_Class.c **** CY_ISR_PROTO(UART_ISR);
  33:.\PSoC_Master_Class.c **** 
  34:.\PSoC_Master_Class.c **** // Buffers / flags
  35:.\PSoC_Master_Class.c **** typedef enum {IDLE, ADJW, ADJH, ADJV, ADJI} state;
  36:.\PSoC_Master_Class.c **** volatile state theState = IDLE;
  37:.\PSoC_Master_Class.c **** volatile int8 irrigationIndex = 0;
  38:.\PSoC_Master_Class.c **** uint8 uartInt = 0;
  39:.\PSoC_Master_Class.c **** uint8 buff;
  40:.\PSoC_Master_Class.c **** uint8 timerInt = 0;
  41:.\PSoC_Master_Class.c **** 
  42:.\PSoC_Master_Class.c **** void initPSoC_Master(void){
  53              		.loc 1 42 0
  54              		.cfi_startproc
  55 0000 80B5     		push	{r7, lr}
  56              		.cfi_def_cfa_offset 8
  57              		.cfi_offset 7, -8
  58              		.cfi_offset 14, -4
  59 0002 00AF     		add	r7, sp, #0
  60              		.cfi_def_cfa_register 7
  43:.\PSoC_Master_Class.c **** 	tempTemp = 0;
  61              		.loc 1 43 0
  62 0004 174B     		ldr	r3, .L2
  63 0006 0022     		mov	r2, #0
  64 0008 1A60     		str	r2, [r3]
  44:.\PSoC_Master_Class.c ****     tempHum = 0;
  65              		.loc 1 44 0
  66 000a 174B     		ldr	r3, .L2+4
  67 000c 0022     		mov	r2, #0
  68 000e 1A60     		str	r2, [r3]
  45:.\PSoC_Master_Class.c ****     tempSoilHum[0] = 0;
  69              		.loc 1 45 0
ARM GAS  C:\Users\Philip\AppData\Local\Temp\cc4Ovztq.s 			page 3


  70 0010 164B     		ldr	r3, .L2+8
  71 0012 0022     		mov	r2, #0
  72 0014 1A80     		strh	r2, [r3]
  46:.\PSoC_Master_Class.c ****     tempSoilHum[1] = 0;
  73              		.loc 1 46 0
  74 0016 154B     		ldr	r3, .L2+8
  75 0018 0022     		mov	r2, #0
  76 001a 5A80     		strh	r2, [r3, #2]
  47:.\PSoC_Master_Class.c ****     tempSoilHum[2] = 0;
  77              		.loc 1 47 0
  78 001c 134B     		ldr	r3, .L2+8
  79 001e 0022     		mov	r2, #0
  80 0020 9A80     		strh	r2, [r3, #4]
  48:.\PSoC_Master_Class.c ****     tempSoilHum[3] = 0;
  81              		.loc 1 48 0
  82 0022 124B     		ldr	r3, .L2+8
  83 0024 0022     		mov	r2, #0
  84 0026 DA80     		strh	r2, [r3, #6]
  49:.\PSoC_Master_Class.c ****     tempSoilHum[4] = 0;
  85              		.loc 1 49 0
  86 0028 104B     		ldr	r3, .L2+8
  87 002a 0022     		mov	r2, #0
  88 002c 1A81     		strh	r2, [r3, #8]
  50:.\PSoC_Master_Class.c ****     tempSoilHum[5] = 0;
  89              		.loc 1 50 0
  90 002e 0F4B     		ldr	r3, .L2+8
  91 0030 0022     		mov	r2, #0
  92 0032 5A81     		strh	r2, [r3, #10]
  51:.\PSoC_Master_Class.c ****     tempLight = 0;
  93              		.loc 1 51 0
  94 0034 0E4B     		ldr	r3, .L2+12
  95 0036 0022     		mov	r2, #0
  96 0038 1A60     		str	r2, [r3]
  52:.\PSoC_Master_Class.c **** 	
  53:.\PSoC_Master_Class.c ****     // ISR
  54:.\PSoC_Master_Class.c ****     UART_ISR_StartEx(UART_ISR);     // Starts UART interrupt component
  97              		.loc 1 54 0
  98 003a 0E4B     		ldr	r3, .L2+16
  99 003c 181C     		mov	r0, r3
 100 003e FFF7FEFF 		bl	UART_ISR_StartEx
  55:.\PSoC_Master_Class.c ****     timer_ISR_StartEx(timer_ISR);   // Starts timer interrupt component
 101              		.loc 1 55 0
 102 0042 0D4B     		ldr	r3, .L2+20
 103 0044 181C     		mov	r0, r3
 104 0046 FFF7FEFF 		bl	timer_ISR_StartEx
  56:.\PSoC_Master_Class.c ****     
  57:.\PSoC_Master_Class.c ****     UART_Start();                   //  Starts UART component
 105              		.loc 1 57 0
 106 004a FFF7FEFF 		bl	UART_Start
  58:.\PSoC_Master_Class.c ****     Timer_Start();                  // Starts timer component
 107              		.loc 1 58 0
 108 004e FFF7FEFF 		bl	Timer_Start
  59:.\PSoC_Master_Class.c ****     
  60:.\PSoC_Master_Class.c ****     RedLED_Write(LED_OFF);              // Turn off red LED
 109              		.loc 1 60 0
 110 0052 0120     		mov	r0, #1
 111 0054 FFF7FEFF 		bl	RedLED_Write
ARM GAS  C:\Users\Philip\AppData\Local\Temp\cc4Ovztq.s 			page 4


  61:.\PSoC_Master_Class.c ****     BlueLED_Write(LED_OFF);             // Turn off blue LED
 112              		.loc 1 61 0
 113 0058 0120     		mov	r0, #1
 114 005a FFF7FEFF 		bl	BlueLED_Write
  62:.\PSoC_Master_Class.c **** 
  63:.\PSoC_Master_Class.c **** }
 115              		.loc 1 63 0
 116 005e BD46     		mov	sp, r7
 117              		@ sp needed
 118 0060 80BD     		pop	{r7, pc}
 119              	.L3:
 120 0062 C046     		.align	2
 121              	.L2:
 122 0064 00000000 		.word	tempTemp
 123 0068 00000000 		.word	tempHum
 124 006c 00000000 		.word	tempSoilHum
 125 0070 00000000 		.word	tempLight
 126 0074 00000000 		.word	UART_ISR
 127 0078 00000000 		.word	timer_ISR
 128              		.cfi_endproc
 129              	.LFE33:
 130              		.size	initPSoC_Master, .-initPSoC_Master
 131              		.section	.text.timer_ISR,"ax",%progbits
 132              		.align	2
 133              		.global	timer_ISR
 134              		.code	16
 135              		.thumb_func
 136              		.type	timer_ISR, %function
 137              	timer_ISR:
 138              	.LFB34:
  64:.\PSoC_Master_Class.c **** 
  65:.\PSoC_Master_Class.c **** // Timer ISR
  66:.\PSoC_Master_Class.c **** CY_ISR(timer_ISR){
 139              		.loc 1 66 0
 140              		.cfi_startproc
 141 0000 80B5     		push	{r7, lr}
 142              		.cfi_def_cfa_offset 8
 143              		.cfi_offset 7, -8
 144              		.cfi_offset 14, -4
 145 0002 00AF     		add	r7, sp, #0
 146              		.cfi_def_cfa_register 7
  67:.\PSoC_Master_Class.c ****     timerInt = 1;
 147              		.loc 1 67 0
 148 0004 024B     		ldr	r3, .L5
 149 0006 0122     		mov	r2, #1
 150 0008 1A70     		strb	r2, [r3]
  68:.\PSoC_Master_Class.c **** }
 151              		.loc 1 68 0
 152 000a BD46     		mov	sp, r7
 153              		@ sp needed
 154 000c 80BD     		pop	{r7, pc}
 155              	.L6:
 156 000e C046     		.align	2
 157              	.L5:
 158 0010 00000000 		.word	timerInt
 159              		.cfi_endproc
 160              	.LFE34:
ARM GAS  C:\Users\Philip\AppData\Local\Temp\cc4Ovztq.s 			page 5


 161              		.size	timer_ISR, .-timer_ISR
 162              		.section	.text.UART_ISR,"ax",%progbits
 163              		.align	2
 164              		.global	UART_ISR
 165              		.code	16
 166              		.thumb_func
 167              		.type	UART_ISR, %function
 168              	UART_ISR:
 169              	.LFB35:
  69:.\PSoC_Master_Class.c **** 
  70:.\PSoC_Master_Class.c **** // UART ISR
  71:.\PSoC_Master_Class.c **** CY_ISR(UART_ISR){
 170              		.loc 1 71 0
 171              		.cfi_startproc
 172 0000 80B5     		push	{r7, lr}
 173              		.cfi_def_cfa_offset 8
 174              		.cfi_offset 7, -8
 175              		.cfi_offset 14, -4
 176 0002 00AF     		add	r7, sp, #0
 177              		.cfi_def_cfa_register 7
  72:.\PSoC_Master_Class.c ****     uartInt = 1;
 178              		.loc 1 72 0
 179 0004 074B     		ldr	r3, .L8
 180 0006 0122     		mov	r2, #1
 181 0008 1A70     		strb	r2, [r3]
  73:.\PSoC_Master_Class.c ****     buff = dkRequest();
 182              		.loc 1 73 0
 183 000a FFF7FEFF 		bl	dkRequest
 184 000e 031C     		mov	r3, r0
 185 0010 1A1C     		mov	r2, r3
 186 0012 054B     		ldr	r3, .L8+4
 187 0014 1A70     		strb	r2, [r3]
  74:.\PSoC_Master_Class.c ****     UART_ClearRxInterruptSource(UART_GetRxInterruptSourceMasked());     // Clear interrupt flag
 188              		.loc 1 74 0
 189 0016 054B     		ldr	r3, .L8+8
 190 0018 054A     		ldr	r2, .L8+12
 191 001a 1268     		ldr	r2, [r2]
 192 001c 1A60     		str	r2, [r3]
  75:.\PSoC_Master_Class.c **** }
 193              		.loc 1 75 0
 194 001e BD46     		mov	sp, r7
 195              		@ sp needed
 196 0020 80BD     		pop	{r7, pc}
 197              	.L9:
 198 0022 C046     		.align	2
 199              	.L8:
 200 0024 00000000 		.word	uartInt
 201 0028 00000000 		.word	buff
 202 002c C00F0740 		.word	1074204608
 203 0030 CC0F0740 		.word	1074204620
 204              		.cfi_endproc
 205              	.LFE35:
 206              		.size	UART_ISR, .-UART_ISR
 207              		.section	.text.uartIntHandler,"ax",%progbits
 208              		.align	2
 209              		.global	uartIntHandler
 210              		.code	16
ARM GAS  C:\Users\Philip\AppData\Local\Temp\cc4Ovztq.s 			page 6


 211              		.thumb_func
 212              		.type	uartIntHandler, %function
 213              	uartIntHandler:
 214              	.LFB36:
  76:.\PSoC_Master_Class.c **** 
  77:.\PSoC_Master_Class.c **** void uartIntHandler(void){
 215              		.loc 1 77 0
 216              		.cfi_startproc
 217 0000 80B5     		push	{r7, lr}
 218              		.cfi_def_cfa_offset 8
 219              		.cfi_offset 7, -8
 220              		.cfi_offset 14, -4
 221 0002 00AF     		add	r7, sp, #0
 222              		.cfi_def_cfa_register 7
  78:.\PSoC_Master_Class.c ****     if (uartInt){
 223              		.loc 1 78 0
 224 0004 624B     		ldr	r3, .L35
 225 0006 1B78     		ldrb	r3, [r3]
 226 0008 002B     		cmp	r3, #0
 227 000a 00D1     		bne	.LCB145
 228 000c BEE0     		b	.L10	@long jump
 229              	.LCB145:
  79:.\PSoC_Master_Class.c ****         uartInt = 0;
 230              		.loc 1 79 0
 231 000e 604B     		ldr	r3, .L35
 232 0010 0022     		mov	r2, #0
 233 0012 1A70     		strb	r2, [r3]
  80:.\PSoC_Master_Class.c ****         BlueLED_Write(LED_ON);       // Turn on blue LED
 234              		.loc 1 80 0
 235 0014 0020     		mov	r0, #0
 236 0016 FFF7FEFF 		bl	BlueLED_Write
  81:.\PSoC_Master_Class.c ****         
  82:.\PSoC_Master_Class.c ****         if(theState == IDLE){
 237              		.loc 1 82 0
 238 001a 5E4B     		ldr	r3, .L35+4
 239 001c 1B78     		ldrb	r3, [r3]
 240 001e DBB2     		uxtb	r3, r3
 241 0020 002B     		cmp	r3, #0
 242 0022 3ED1     		bne	.L12
  83:.\PSoC_Master_Class.c ****             switch (buff){
 243              		.loc 1 83 0
 244 0024 5C4B     		ldr	r3, .L35+8
 245 0026 1B78     		ldrb	r3, [r3]
 246 0028 413B     		sub	r3, r3, #65
 247 002a 162B     		cmp	r3, #22
 248 002c 37D8     		bhi	.L34
 249 002e 9A00     		lsl	r2, r3, #2
 250 0030 5A4B     		ldr	r3, .L35+12
 251 0032 D318     		add	r3, r2, r3
 252 0034 1B68     		ldr	r3, [r3]
 253 0036 9F46     		mov	pc, r3
 254              		.section	.rodata
 255              		.align	2
 256              	.L15:
 257 0000 54000000 		.word	.L14
 258 0004 9E000000 		.word	.L34
 259 0008 9E000000 		.word	.L34
ARM GAS  C:\Users\Philip\AppData\Local\Temp\cc4Ovztq.s 			page 7


 260 000c 9E000000 		.word	.L34
 261 0010 9E000000 		.word	.L34
 262 0014 96000000 		.word	.L16
 263 0018 9E000000 		.word	.L34
 264 001c 62000000 		.word	.L17
 265 0020 9E000000 		.word	.L34
 266 0024 9E000000 		.word	.L34
 267 0028 74000000 		.word	.L18
 268 002c 46000000 		.word	.L19
 269 0030 9E000000 		.word	.L34
 270 0034 9E000000 		.word	.L34
 271 0038 9E000000 		.word	.L34
 272 003c 9E000000 		.word	.L34
 273 0040 9E000000 		.word	.L34
 274 0044 9E000000 		.word	.L34
 275 0048 9E000000 		.word	.L34
 276 004c 38000000 		.word	.L20
 277 0050 9E000000 		.word	.L34
 278 0054 8E000000 		.word	.L21
 279 0058 86000000 		.word	.L22
 280              		.section	.text.uartIntHandler
 281              	.L20:
  84:.\PSoC_Master_Class.c ****                 case 'T':{ //RequestTemp
  85:.\PSoC_Master_Class.c ****                     respondTemp(getTemp_DSP());		
 282              		.loc 1 85 0
 283 0038 FFF7FEFF 		bl	getTemp_DSP
 284 003c 031C     		mov	r3, r0
 285 003e 181C     		mov	r0, r3
 286 0040 FFF7FEFF 		bl	respondTemp
  86:.\PSoC_Master_Class.c ****                     break;
 287              		.loc 1 86 0
 288 0044 2CE0     		b	.L23
 289              	.L19:
  87:.\PSoC_Master_Class.c ****                 }
  88:.\PSoC_Master_Class.c ****                 case 'L':{ //RequestLight
  89:.\PSoC_Master_Class.c ****                     respondLight(getLight_DSP());
 290              		.loc 1 89 0
 291 0046 FFF7FEFF 		bl	getLight_DSP
 292 004a 031C     		mov	r3, r0
 293 004c 181C     		mov	r0, r3
 294 004e FFF7FEFF 		bl	respondLight
  90:.\PSoC_Master_Class.c ****                     break;
 295              		.loc 1 90 0
 296 0052 25E0     		b	.L23
 297              	.L14:
  91:.\PSoC_Master_Class.c ****                 }
  92:.\PSoC_Master_Class.c ****                 case 'A':{ //RequestAirhum
  93:.\PSoC_Master_Class.c ****                     respondHum(getHum_DSP());
 298              		.loc 1 93 0
 299 0054 FFF7FEFF 		bl	getHum_DSP
 300 0058 031C     		mov	r3, r0
 301 005a 181C     		mov	r0, r3
 302 005c FFF7FEFF 		bl	respondHum
  94:.\PSoC_Master_Class.c ****                     break;
 303              		.loc 1 94 0
 304 0060 1EE0     		b	.L23
 305              	.L17:
ARM GAS  C:\Users\Philip\AppData\Local\Temp\cc4Ovztq.s 			page 8


  95:.\PSoC_Master_Class.c ****                 }        
  96:.\PSoC_Master_Class.c ****                 case 'H':{ //TurnHeatOn
  97:.\PSoC_Master_Class.c ****                     // 0x7 is the maximum value.
  98:.\PSoC_Master_Class.c ****                     respondHeat(adjustHeat(0x7), 'H');
 306              		.loc 1 98 0
 307 0062 0720     		mov	r0, #7
 308 0064 FFF7FEFF 		bl	adjustHeat
 309 0068 031C     		mov	r3, r0
 310 006a 181C     		mov	r0, r3
 311 006c 4821     		mov	r1, #72
 312 006e FFF7FEFF 		bl	respondHeat
  99:.\PSoC_Master_Class.c ****                     break;
 313              		.loc 1 99 0
 314 0072 15E0     		b	.L23
 315              	.L18:
 100:.\PSoC_Master_Class.c ****                 }
 101:.\PSoC_Master_Class.c ****                 case 'K':{ //TurnHeatOff
 102:.\PSoC_Master_Class.c ****                     // 0x0 is the minimum value.
 103:.\PSoC_Master_Class.c ****                     respondHeat(adjustHeat(0x0), 'K');
 316              		.loc 1 103 0
 317 0074 0020     		mov	r0, #0
 318 0076 FFF7FEFF 		bl	adjustHeat
 319 007a 031C     		mov	r3, r0
 320 007c 181C     		mov	r0, r3
 321 007e 4B21     		mov	r1, #75
 322 0080 FFF7FEFF 		bl	respondHeat
 104:.\PSoC_Master_Class.c ****                     break;
 323              		.loc 1 104 0
 324 0084 0CE0     		b	.L23
 325              	.L22:
 105:.\PSoC_Master_Class.c ****                 }
 106:.\PSoC_Master_Class.c ****                 case 'W':{ //AdjustWindow
 107:.\PSoC_Master_Class.c ****                     theState = ADJW;
 326              		.loc 1 107 0
 327 0086 434B     		ldr	r3, .L35+4
 328 0088 0122     		mov	r2, #1
 329 008a 1A70     		strb	r2, [r3]
 108:.\PSoC_Master_Class.c ****                     break;
 330              		.loc 1 108 0
 331 008c 08E0     		b	.L23
 332              	.L21:
 109:.\PSoC_Master_Class.c ****                 }
 110:.\PSoC_Master_Class.c ****                 case 'V':{ //Ventilation
 111:.\PSoC_Master_Class.c ****                     theState = ADJV;
 333              		.loc 1 111 0
 334 008e 414B     		ldr	r3, .L35+4
 335 0090 0322     		mov	r2, #3
 336 0092 1A70     		strb	r2, [r3]
 112:.\PSoC_Master_Class.c ****                     break;
 337              		.loc 1 112 0
 338 0094 04E0     		b	.L23
 339              	.L16:
 113:.\PSoC_Master_Class.c ****                 }
 114:.\PSoC_Master_Class.c ****                 case 'F':{ //Watering
 115:.\PSoC_Master_Class.c ****                     theState = ADJI;
 340              		.loc 1 115 0
 341 0096 3F4B     		ldr	r3, .L35+4
ARM GAS  C:\Users\Philip\AppData\Local\Temp\cc4Ovztq.s 			page 9


 342 0098 0422     		mov	r2, #4
 343 009a 1A70     		strb	r2, [r3]
 116:.\PSoC_Master_Class.c ****                     break;
 344              		.loc 1 116 0
 345 009c 00E0     		b	.L23
 346              	.L34:
 117:.\PSoC_Master_Class.c ****                 }
 118:.\PSoC_Master_Class.c ****                 /*case 'S':{ //
 119:.\PSoC_Master_Class.c ****                     respondSoilHum(); //TODO: Add stuff here
 120:.\PSoC_Master_Class.c ****                     break;
 121:.\PSoC_Master_Class.c ****                 }*/
 122:.\PSoC_Master_Class.c ****                 default:{
 123:.\PSoC_Master_Class.c ****                     // Do nothing - let the DevKit8000 timeout
 124:.\PSoC_Master_Class.c ****                     break;
 347              		.loc 1 124 0
 348 009e C046     		mov	r8, r8
 349              	.L23:
 350 00a0 6EE0     		b	.L24
 351              	.L12:
 125:.\PSoC_Master_Class.c ****                 }
 126:.\PSoC_Master_Class.c ****             }
 127:.\PSoC_Master_Class.c ****         }
 128:.\PSoC_Master_Class.c ****         else if(theState == ADJW){
 352              		.loc 1 128 0
 353 00a2 3C4B     		ldr	r3, .L35+4
 354 00a4 1B78     		ldrb	r3, [r3]
 355 00a6 DBB2     		uxtb	r3, r3
 356 00a8 012B     		cmp	r3, #1
 357 00aa 16D1     		bne	.L25
 129:.\PSoC_Master_Class.c ****             if(buff-CONVERT_TO_ASCII == 1){
 358              		.loc 1 129 0
 359 00ac 3A4B     		ldr	r3, .L35+8
 360 00ae 1B78     		ldrb	r3, [r3]
 361 00b0 312B     		cmp	r3, #49
 362 00b2 07D1     		bne	.L26
 130:.\PSoC_Master_Class.c ****                 respondWin(adjustWindow(0xFF));
 363              		.loc 1 130 0
 364 00b4 FF20     		mov	r0, #255
 365 00b6 FFF7FEFF 		bl	adjustWindow
 366 00ba 031C     		mov	r3, r0
 367 00bc 181C     		mov	r0, r3
 368 00be FFF7FEFF 		bl	respondWin
 369 00c2 06E0     		b	.L27
 370              	.L26:
 131:.\PSoC_Master_Class.c ****             }
 132:.\PSoC_Master_Class.c ****             else{
 133:.\PSoC_Master_Class.c ****                 respondWin(adjustWindow(0x00));
 371              		.loc 1 133 0
 372 00c4 0020     		mov	r0, #0
 373 00c6 FFF7FEFF 		bl	adjustWindow
 374 00ca 031C     		mov	r3, r0
 375 00cc 181C     		mov	r0, r3
 376 00ce FFF7FEFF 		bl	respondWin
 377              	.L27:
 134:.\PSoC_Master_Class.c ****             }
 135:.\PSoC_Master_Class.c ****             theState = IDLE;
 378              		.loc 1 135 0 discriminator 1
ARM GAS  C:\Users\Philip\AppData\Local\Temp\cc4Ovztq.s 			page 10


 379 00d2 304B     		ldr	r3, .L35+4
 380 00d4 0022     		mov	r2, #0
 381 00d6 1A70     		strb	r2, [r3]
 382 00d8 52E0     		b	.L24
 383              	.L25:
 136:.\PSoC_Master_Class.c ****         }
 137:.\PSoC_Master_Class.c ****         else if(theState == ADJV){
 384              		.loc 1 137 0
 385 00da 2E4B     		ldr	r3, .L35+4
 386 00dc 1B78     		ldrb	r3, [r3]
 387 00de DBB2     		uxtb	r3, r3
 388 00e0 032B     		cmp	r3, #3
 389 00e2 16D1     		bne	.L28
 138:.\PSoC_Master_Class.c ****             if(buff-CONVERT_TO_ASCII == 1){
 390              		.loc 1 138 0
 391 00e4 2C4B     		ldr	r3, .L35+8
 392 00e6 1B78     		ldrb	r3, [r3]
 393 00e8 312B     		cmp	r3, #49
 394 00ea 07D1     		bne	.L29
 139:.\PSoC_Master_Class.c ****                 respondVent(adjustVentilation(0xFF));
 395              		.loc 1 139 0
 396 00ec FF20     		mov	r0, #255
 397 00ee FFF7FEFF 		bl	adjustVentilation
 398 00f2 031C     		mov	r3, r0
 399 00f4 181C     		mov	r0, r3
 400 00f6 FFF7FEFF 		bl	respondVent
 401 00fa 06E0     		b	.L30
 402              	.L29:
 140:.\PSoC_Master_Class.c ****             }
 141:.\PSoC_Master_Class.c ****             else{
 142:.\PSoC_Master_Class.c ****                 respondVent(adjustVentilation(0x00));
 403              		.loc 1 142 0
 404 00fc 0020     		mov	r0, #0
 405 00fe FFF7FEFF 		bl	adjustVentilation
 406 0102 031C     		mov	r3, r0
 407 0104 181C     		mov	r0, r3
 408 0106 FFF7FEFF 		bl	respondVent
 409              	.L30:
 143:.\PSoC_Master_Class.c ****             }
 144:.\PSoC_Master_Class.c ****             theState = IDLE;
 410              		.loc 1 144 0 discriminator 2
 411 010a 224B     		ldr	r3, .L35+4
 412 010c 0022     		mov	r2, #0
 413 010e 1A70     		strb	r2, [r3]
 414 0110 36E0     		b	.L24
 415              	.L28:
 145:.\PSoC_Master_Class.c ****         }
 146:.\PSoC_Master_Class.c ****         else if(theState == ADJI){
 416              		.loc 1 146 0
 417 0112 204B     		ldr	r3, .L35+4
 418 0114 1B78     		ldrb	r3, [r3]
 419 0116 DBB2     		uxtb	r3, r3
 420 0118 042B     		cmp	r3, #4
 421 011a 31D1     		bne	.L24
 147:.\PSoC_Master_Class.c ****             if (!irrigationIndex){
 422              		.loc 1 147 0
 423 011c 204B     		ldr	r3, .L35+16
ARM GAS  C:\Users\Philip\AppData\Local\Temp\cc4Ovztq.s 			page 11


 424 011e 1B78     		ldrb	r3, [r3]
 425 0120 DBB2     		uxtb	r3, r3
 426 0122 002B     		cmp	r3, #0
 427 0124 05D1     		bne	.L31
 148:.\PSoC_Master_Class.c ****                 irrigationIndex = buff;
 428              		.loc 1 148 0
 429 0126 1C4B     		ldr	r3, .L35+8
 430 0128 1B78     		ldrb	r3, [r3]
 431 012a DAB2     		uxtb	r2, r3
 432 012c 1C4B     		ldr	r3, .L35+16
 433 012e 1A70     		strb	r2, [r3]
 434 0130 26E0     		b	.L24
 435              	.L31:
 149:.\PSoC_Master_Class.c ****             }
 150:.\PSoC_Master_Class.c ****             else{
 151:.\PSoC_Master_Class.c ****                 if (buff-CONVERT_TO_ASCII == 1){
 436              		.loc 1 151 0
 437 0132 194B     		ldr	r3, .L35+8
 438 0134 1B78     		ldrb	r3, [r3]
 439 0136 312B     		cmp	r3, #49
 440 0138 0ED1     		bne	.L32
 152:.\PSoC_Master_Class.c ****                     respondIrri(adjustIrrigation(irrigationIndex-CONVERT_TO_ASCII-1, 0xFF));
 441              		.loc 1 152 0
 442 013a 194B     		ldr	r3, .L35+16
 443 013c 1B78     		ldrb	r3, [r3]
 444 013e DBB2     		uxtb	r3, r3
 445 0140 DBB2     		uxtb	r3, r3
 446 0142 313B     		sub	r3, r3, #49
 447 0144 DBB2     		uxtb	r3, r3
 448 0146 181C     		mov	r0, r3
 449 0148 FF21     		mov	r1, #255
 450 014a FFF7FEFF 		bl	adjustIrrigation
 451 014e 031C     		mov	r3, r0
 452 0150 181C     		mov	r0, r3
 453 0152 FFF7FEFF 		bl	respondIrri
 454 0156 0DE0     		b	.L33
 455              	.L32:
 153:.\PSoC_Master_Class.c ****                 }
 154:.\PSoC_Master_Class.c ****                 else{
 155:.\PSoC_Master_Class.c ****                     respondIrri(adjustIrrigation(irrigationIndex-CONVERT_TO_ASCII-1, 0x00));
 456              		.loc 1 155 0
 457 0158 114B     		ldr	r3, .L35+16
 458 015a 1B78     		ldrb	r3, [r3]
 459 015c DBB2     		uxtb	r3, r3
 460 015e DBB2     		uxtb	r3, r3
 461 0160 313B     		sub	r3, r3, #49
 462 0162 DBB2     		uxtb	r3, r3
 463 0164 181C     		mov	r0, r3
 464 0166 0021     		mov	r1, #0
 465 0168 FFF7FEFF 		bl	adjustIrrigation
 466 016c 031C     		mov	r3, r0
 467 016e 181C     		mov	r0, r3
 468 0170 FFF7FEFF 		bl	respondIrri
 469              	.L33:
 156:.\PSoC_Master_Class.c ****                 }
 157:.\PSoC_Master_Class.c ****                 irrigationIndex = 0;
 470              		.loc 1 157 0
ARM GAS  C:\Users\Philip\AppData\Local\Temp\cc4Ovztq.s 			page 12


 471 0174 0A4B     		ldr	r3, .L35+16
 472 0176 0022     		mov	r2, #0
 473 0178 1A70     		strb	r2, [r3]
 158:.\PSoC_Master_Class.c ****                 theState = IDLE;
 474              		.loc 1 158 0
 475 017a 064B     		ldr	r3, .L35+4
 476 017c 0022     		mov	r2, #0
 477 017e 1A70     		strb	r2, [r3]
 478              	.L24:
 159:.\PSoC_Master_Class.c ****             }
 160:.\PSoC_Master_Class.c ****         }
 161:.\PSoC_Master_Class.c ****         buff = 0;
 479              		.loc 1 161 0
 480 0180 054B     		ldr	r3, .L35+8
 481 0182 0022     		mov	r2, #0
 482 0184 1A70     		strb	r2, [r3]
 162:.\PSoC_Master_Class.c ****         BlueLED_Write(LED_OFF);         // Turn off blue LED
 483              		.loc 1 162 0
 484 0186 0120     		mov	r0, #1
 485 0188 FFF7FEFF 		bl	BlueLED_Write
 486              	.L10:
 163:.\PSoC_Master_Class.c ****     }
 164:.\PSoC_Master_Class.c **** }
 487              		.loc 1 164 0
 488 018c BD46     		mov	sp, r7
 489              		@ sp needed
 490 018e 80BD     		pop	{r7, pc}
 491              	.L36:
 492              		.align	2
 493              	.L35:
 494 0190 00000000 		.word	uartInt
 495 0194 00000000 		.word	theState
 496 0198 00000000 		.word	buff
 497 019c 00000000 		.word	.L15
 498 01a0 00000000 		.word	irrigationIndex
 499              		.cfi_endproc
 500              	.LFE36:
 501              		.size	uartIntHandler, .-uartIntHandler
 502              		.section	.text.timerIntHandler,"ax",%progbits
 503              		.align	2
 504              		.global	timerIntHandler
 505              		.code	16
 506              		.thumb_func
 507              		.type	timerIntHandler, %function
 508              	timerIntHandler:
 509              	.LFB37:
 165:.\PSoC_Master_Class.c **** 
 166:.\PSoC_Master_Class.c **** void timerIntHandler(void){
 510              		.loc 1 166 0
 511              		.cfi_startproc
 512 0000 80B5     		push	{r7, lr}
 513              		.cfi_def_cfa_offset 8
 514              		.cfi_offset 7, -8
 515              		.cfi_offset 14, -4
 516 0002 82B0     		sub	sp, sp, #8
 517              		.cfi_def_cfa_offset 16
 518 0004 00AF     		add	r7, sp, #0
ARM GAS  C:\Users\Philip\AppData\Local\Temp\cc4Ovztq.s 			page 13


 519              		.cfi_def_cfa_register 7
 167:.\PSoC_Master_Class.c ****     if(timerInt){
 520              		.loc 1 167 0
 521 0006 214B     		ldr	r3, .L41
 522 0008 1B78     		ldrb	r3, [r3]
 523 000a 002B     		cmp	r3, #0
 524 000c 3BD0     		beq	.L37
 168:.\PSoC_Master_Class.c ****         timerInt = 0;   // Reset flag
 525              		.loc 1 168 0
 526 000e 1F4B     		ldr	r3, .L41
 527 0010 0022     		mov	r2, #0
 528 0012 1A70     		strb	r2, [r3]
 169:.\PSoC_Master_Class.c ****         RedLED_Write(LED_ON);           // Turn on red LED
 529              		.loc 1 169 0
 530 0014 0020     		mov	r0, #0
 531 0016 FFF7FEFF 		bl	RedLED_Write
 170:.\PSoC_Master_Class.c ****         
 171:.\PSoC_Master_Class.c ****         // getTempAndHum(&tempTemp, &tempHum);  // TODO this is old
 172:.\PSoC_Master_Class.c ****         getTemp(&tempTemp);
 532              		.loc 1 172 0
 533 001a 1D4B     		ldr	r3, .L41+4
 534 001c 181C     		mov	r0, r3
 535 001e FFF7FEFF 		bl	getTemp
 173:.\PSoC_Master_Class.c ****         
 174:.\PSoC_Master_Class.c ****         inputTemp(&tempTemp);
 536              		.loc 1 174 0
 537 0022 1B4B     		ldr	r3, .L41+4
 538 0024 181C     		mov	r0, r3
 539 0026 FFF7FEFF 		bl	inputTemp
 540              	.LBB2:
 175:.\PSoC_Master_Class.c ****         // inputHum(&tempHum);      // TODO there is no way to take Hum measurements
 176:.\PSoC_Master_Class.c ****         {
 177:.\PSoC_Master_Class.c ****             uint8 i;
 178:.\PSoC_Master_Class.c ****             for(i = 0; i<6 ; i++){
 541              		.loc 1 178 0
 542 002a FB1D     		add	r3, r7, #7
 543 002c 0022     		mov	r2, #0
 544 002e 1A70     		strb	r2, [r3]
 545 0030 1AE0     		b	.L39
 546              	.L40:
 179:.\PSoC_Master_Class.c ****                 getSoilHum(i, &tempSoilHum[i]);
 547              		.loc 1 179 0 discriminator 2
 548 0032 FB1D     		add	r3, r7, #7
 549 0034 1B78     		ldrb	r3, [r3]
 550 0036 5A00     		lsl	r2, r3, #1
 551 0038 164B     		ldr	r3, .L41+8
 552 003a D318     		add	r3, r2, r3
 553 003c FA1D     		add	r2, r7, #7
 554 003e 1278     		ldrb	r2, [r2]
 555 0040 101C     		mov	r0, r2
 556 0042 191C     		mov	r1, r3
 557 0044 FFF7FEFF 		bl	getSoilHum
 180:.\PSoC_Master_Class.c ****                 inputSoilHum(i,&tempSoilHum[i]);
 558              		.loc 1 180 0 discriminator 2
 559 0048 FB1D     		add	r3, r7, #7
 560 004a 1B78     		ldrb	r3, [r3]
 561 004c 5A00     		lsl	r2, r3, #1
ARM GAS  C:\Users\Philip\AppData\Local\Temp\cc4Ovztq.s 			page 14


 562 004e 114B     		ldr	r3, .L41+8
 563 0050 D318     		add	r3, r2, r3
 564 0052 FA1D     		add	r2, r7, #7
 565 0054 1278     		ldrb	r2, [r2]
 566 0056 101C     		mov	r0, r2
 567 0058 191C     		mov	r1, r3
 568 005a FFF7FEFF 		bl	inputSoilHum
 178:.\PSoC_Master_Class.c ****             for(i = 0; i<6 ; i++){
 569              		.loc 1 178 0 discriminator 2
 570 005e FB1D     		add	r3, r7, #7
 571 0060 1A78     		ldrb	r2, [r3]
 572 0062 FB1D     		add	r3, r7, #7
 573 0064 0132     		add	r2, r2, #1
 574 0066 1A70     		strb	r2, [r3]
 575              	.L39:
 178:.\PSoC_Master_Class.c ****             for(i = 0; i<6 ; i++){
 576              		.loc 1 178 0 is_stmt 0 discriminator 1
 577 0068 FB1D     		add	r3, r7, #7
 578 006a 1B78     		ldrb	r3, [r3]
 579 006c 052B     		cmp	r3, #5
 580 006e E0D9     		bls	.L40
 581              	.LBE2:
 181:.\PSoC_Master_Class.c ****             }
 182:.\PSoC_Master_Class.c ****         }
 183:.\PSoC_Master_Class.c ****         getLight(&tempLight);
 582              		.loc 1 183 0 is_stmt 1
 583 0070 094B     		ldr	r3, .L41+12
 584 0072 181C     		mov	r0, r3
 585 0074 FFF7FEFF 		bl	getLight
 184:.\PSoC_Master_Class.c ****         inputLight(&tempLight);
 586              		.loc 1 184 0
 587 0078 074B     		ldr	r3, .L41+12
 588 007a 181C     		mov	r0, r3
 589 007c FFF7FEFF 		bl	inputLight
 185:.\PSoC_Master_Class.c ****         
 186:.\PSoC_Master_Class.c ****         RedLED_Write(LED_OFF);              // Turn off red LED    
 590              		.loc 1 186 0
 591 0080 0120     		mov	r0, #1
 592 0082 FFF7FEFF 		bl	RedLED_Write
 593              	.L37:
 187:.\PSoC_Master_Class.c ****     }    
 188:.\PSoC_Master_Class.c **** }
 594              		.loc 1 188 0
 595 0086 BD46     		mov	sp, r7
 596 0088 02B0     		add	sp, sp, #8
 597              		@ sp needed
 598 008a 80BD     		pop	{r7, pc}
 599              	.L42:
 600              		.align	2
 601              	.L41:
 602 008c 00000000 		.word	timerInt
 603 0090 00000000 		.word	tempTemp
 604 0094 00000000 		.word	tempSoilHum
 605 0098 00000000 		.word	tempLight
 606              		.cfi_endproc
 607              	.LFE37:
 608              		.size	timerIntHandler, .-timerIntHandler
ARM GAS  C:\Users\Philip\AppData\Local\Temp\cc4Ovztq.s 			page 15


 609              		.text
 610              	.Letext0:
 611              		.file 2 ".\\Generated_Source\\PSoC4/cytypes.h"
 612              		.file 3 ".\\UART_Class.h"
 613              		.section	.debug_info,"",%progbits
 614              	.Ldebug_info0:
 615 0000 32020000 		.4byte	0x232
 616 0004 0400     		.2byte	0x4
 617 0006 00000000 		.4byte	.Ldebug_abbrev0
 618 000a 04       		.byte	0x4
 619 000b 01       		.uleb128 0x1
 620 000c 77000000 		.4byte	.LASF39
 621 0010 01       		.byte	0x1
 622 0011 22000000 		.4byte	.LASF40
 623 0015 49010000 		.4byte	.LASF41
 624 0019 00000000 		.4byte	.Ldebug_ranges0+0
 625 001d 00000000 		.4byte	0
 626 0021 00000000 		.4byte	.Ldebug_line0
 627 0025 02       		.uleb128 0x2
 628 0026 01       		.byte	0x1
 629 0027 06       		.byte	0x6
 630 0028 4B020000 		.4byte	.LASF0
 631 002c 02       		.uleb128 0x2
 632 002d 01       		.byte	0x1
 633 002e 08       		.byte	0x8
 634 002f F3000000 		.4byte	.LASF1
 635 0033 02       		.uleb128 0x2
 636 0034 02       		.byte	0x2
 637 0035 05       		.byte	0x5
 638 0036 22020000 		.4byte	.LASF2
 639 003a 02       		.uleb128 0x2
 640 003b 02       		.byte	0x2
 641 003c 07       		.byte	0x7
 642 003d 48000000 		.4byte	.LASF3
 643 0041 02       		.uleb128 0x2
 644 0042 04       		.byte	0x4
 645 0043 05       		.byte	0x5
 646 0044 42020000 		.4byte	.LASF4
 647 0048 02       		.uleb128 0x2
 648 0049 04       		.byte	0x4
 649 004a 07       		.byte	0x7
 650 004b 07010000 		.4byte	.LASF5
 651 004f 02       		.uleb128 0x2
 652 0050 08       		.byte	0x8
 653 0051 05       		.byte	0x5
 654 0052 0A020000 		.4byte	.LASF6
 655 0056 02       		.uleb128 0x2
 656 0057 08       		.byte	0x8
 657 0058 07       		.byte	0x7
 658 0059 C9010000 		.4byte	.LASF7
 659 005d 03       		.uleb128 0x3
 660 005e 04       		.byte	0x4
 661 005f 05       		.byte	0x5
 662 0060 696E7400 		.ascii	"int\000"
 663 0064 02       		.uleb128 0x2
 664 0065 04       		.byte	0x4
 665 0066 07       		.byte	0x7
ARM GAS  C:\Users\Philip\AppData\Local\Temp\cc4Ovztq.s 			page 16


 666 0067 BC010000 		.4byte	.LASF8
 667 006b 04       		.uleb128 0x4
 668 006c 3C020000 		.4byte	.LASF9
 669 0070 02       		.byte	0x2
 670 0071 A1       		.byte	0xa1
 671 0072 2C000000 		.4byte	0x2c
 672 0076 04       		.uleb128 0x4
 673 0077 A1010000 		.4byte	.LASF10
 674 007b 02       		.byte	0x2
 675 007c A3       		.byte	0xa3
 676 007d 48000000 		.4byte	0x48
 677 0081 04       		.uleb128 0x4
 678 0082 9C010000 		.4byte	.LASF11
 679 0086 02       		.byte	0x2
 680 0087 A4       		.byte	0xa4
 681 0088 25000000 		.4byte	0x25
 682 008c 04       		.uleb128 0x4
 683 008d 01010000 		.4byte	.LASF12
 684 0091 02       		.byte	0x2
 685 0092 A5       		.byte	0xa5
 686 0093 33000000 		.4byte	0x33
 687 0097 04       		.uleb128 0x4
 688 0098 19010000 		.4byte	.LASF13
 689 009c 02       		.byte	0x2
 690 009d A6       		.byte	0xa6
 691 009e 41000000 		.4byte	0x41
 692 00a2 02       		.uleb128 0x2
 693 00a3 04       		.byte	0x4
 694 00a4 04       		.byte	0x4
 695 00a5 71000000 		.4byte	.LASF14
 696 00a9 02       		.uleb128 0x2
 697 00aa 08       		.byte	0x8
 698 00ab 04       		.byte	0x4
 699 00ac 42010000 		.4byte	.LASF15
 700 00b0 02       		.uleb128 0x2
 701 00b1 01       		.byte	0x1
 702 00b2 08       		.byte	0x8
 703 00b3 18020000 		.4byte	.LASF16
 704 00b7 05       		.uleb128 0x5
 705 00b8 00000000 		.4byte	.LASF17
 706 00bc 02       		.byte	0x2
 707 00bd 4D01     		.2byte	0x14d
 708 00bf C3000000 		.4byte	0xc3
 709 00c3 06       		.uleb128 0x6
 710 00c4 76000000 		.4byte	0x76
 711 00c8 02       		.uleb128 0x2
 712 00c9 04       		.byte	0x4
 713 00ca 07       		.byte	0x7
 714 00cb 01020000 		.4byte	.LASF18
 715 00cf 07       		.uleb128 0x7
 716 00d0 01       		.byte	0x1
 717 00d1 01       		.byte	0x1
 718 00d2 23       		.byte	0x23
 719 00d3 F6000000 		.4byte	0xf6
 720 00d7 08       		.uleb128 0x8
 721 00d8 5B000000 		.4byte	.LASF19
 722 00dc 00       		.sleb128 0
ARM GAS  C:\Users\Philip\AppData\Local\Temp\cc4Ovztq.s 			page 17


 723 00dd 08       		.uleb128 0x8
 724 00de B7010000 		.4byte	.LASF20
 725 00e2 01       		.sleb128 1
 726 00e3 08       		.uleb128 0x8
 727 00e4 1D020000 		.4byte	.LASF21
 728 00e8 02       		.sleb128 2
 729 00e9 08       		.uleb128 0x8
 730 00ea 61020000 		.4byte	.LASF22
 731 00ee 03       		.sleb128 3
 732 00ef 08       		.uleb128 0x8
 733 00f0 3D010000 		.4byte	.LASF23
 734 00f4 04       		.sleb128 4
 735 00f5 00       		.byte	0
 736 00f6 04       		.uleb128 0x4
 737 00f7 1C000000 		.4byte	.LASF24
 738 00fb 01       		.byte	0x1
 739 00fc 23       		.byte	0x23
 740 00fd CF000000 		.4byte	0xcf
 741 0101 09       		.uleb128 0x9
 742 0102 2C020000 		.4byte	.LASF25
 743 0106 01       		.byte	0x1
 744 0107 2A       		.byte	0x2a
 745 0108 00000000 		.4byte	.LFB33
 746 010c 7C000000 		.4byte	.LFE33-.LFB33
 747 0110 01       		.uleb128 0x1
 748 0111 9C       		.byte	0x9c
 749 0112 0A       		.uleb128 0xa
 750 0113 06000000 		.4byte	.LASF26
 751 0117 01       		.byte	0x1
 752 0118 42       		.byte	0x42
 753 0119 00000000 		.4byte	.LFB34
 754 011d 14000000 		.4byte	.LFE34-.LFB34
 755 0121 01       		.uleb128 0x1
 756 0122 9C       		.byte	0x9c
 757 0123 09       		.uleb128 0x9
 758 0124 E0010000 		.4byte	.LASF27
 759 0128 01       		.byte	0x1
 760 0129 47       		.byte	0x47
 761 012a 00000000 		.4byte	.LFB35
 762 012e 34000000 		.4byte	.LFE35-.LFB35
 763 0132 01       		.uleb128 0x1
 764 0133 9C       		.byte	0x9c
 765 0134 09       		.uleb128 0x9
 766 0135 A8010000 		.4byte	.LASF28
 767 0139 01       		.byte	0x1
 768 013a 4D       		.byte	0x4d
 769 013b 00000000 		.4byte	.LFB36
 770 013f A4010000 		.4byte	.LFE36-.LFB36
 771 0143 01       		.uleb128 0x1
 772 0144 9C       		.byte	0x9c
 773 0145 0B       		.uleb128 0xb
 774 0146 38000000 		.4byte	.LASF42
 775 014a 01       		.byte	0x1
 776 014b A6       		.byte	0xa6
 777 014c 00000000 		.4byte	.LFB37
 778 0150 9C000000 		.4byte	.LFE37-.LFB37
 779 0154 01       		.uleb128 0x1
ARM GAS  C:\Users\Philip\AppData\Local\Temp\cc4Ovztq.s 			page 18


 780 0155 9C       		.byte	0x9c
 781 0156 71010000 		.4byte	0x171
 782 015a 0C       		.uleb128 0xc
 783 015b 2A000000 		.4byte	.LBB2
 784 015f 46000000 		.4byte	.LBE2-.LBB2
 785 0163 0D       		.uleb128 0xd
 786 0164 6900     		.ascii	"i\000"
 787 0166 01       		.byte	0x1
 788 0167 B1       		.byte	0xb1
 789 0168 6B000000 		.4byte	0x6b
 790 016c 02       		.uleb128 0x2
 791 016d 91       		.byte	0x91
 792 016e 77       		.sleb128 -9
 793 016f 00       		.byte	0
 794 0170 00       		.byte	0
 795 0171 0E       		.uleb128 0xe
 796 0172 F1010000 		.4byte	.LASF29
 797 0176 03       		.byte	0x3
 798 0177 12       		.byte	0x12
 799 0178 6B000000 		.4byte	0x6b
 800 017c 05       		.uleb128 0x5
 801 017d 03       		.byte	0x3
 802 017e 00000000 		.4byte	receivedCommand
 803 0182 0E       		.uleb128 0xe
 804 0183 93010000 		.4byte	.LASF30
 805 0187 01       		.byte	0x1
 806 0188 18       		.byte	0x18
 807 0189 97000000 		.4byte	0x97
 808 018d 05       		.uleb128 0x5
 809 018e 03       		.byte	0x3
 810 018f 00000000 		.4byte	tempTemp
 811 0193 0E       		.uleb128 0xe
 812 0194 69000000 		.4byte	.LASF31
 813 0198 01       		.byte	0x1
 814 0199 19       		.byte	0x19
 815 019a 97000000 		.4byte	0x97
 816 019e 05       		.uleb128 0x5
 817 019f 03       		.byte	0x3
 818 01a0 00000000 		.4byte	tempHum
 819 01a4 0F       		.uleb128 0xf
 820 01a5 8C000000 		.4byte	0x8c
 821 01a9 B4010000 		.4byte	0x1b4
 822 01ad 10       		.uleb128 0x10
 823 01ae C8000000 		.4byte	0xc8
 824 01b2 05       		.byte	0x5
 825 01b3 00       		.byte	0
 826 01b4 0E       		.uleb128 0xe
 827 01b5 10000000 		.4byte	.LASF32
 828 01b9 01       		.byte	0x1
 829 01ba 1A       		.byte	0x1a
 830 01bb A4010000 		.4byte	0x1a4
 831 01bf 05       		.uleb128 0x5
 832 01c0 03       		.byte	0x3
 833 01c1 00000000 		.4byte	tempSoilHum
 834 01c5 0E       		.uleb128 0xe
 835 01c6 57020000 		.4byte	.LASF33
 836 01ca 01       		.byte	0x1
ARM GAS  C:\Users\Philip\AppData\Local\Temp\cc4Ovztq.s 			page 19


 837 01cb 1B       		.byte	0x1b
 838 01cc 97000000 		.4byte	0x97
 839 01d0 05       		.uleb128 0x5
 840 01d1 03       		.byte	0x3
 841 01d2 00000000 		.4byte	tempLight
 842 01d6 0E       		.uleb128 0xe
 843 01d7 2F010000 		.4byte	.LASF34
 844 01db 01       		.byte	0x1
 845 01dc 24       		.byte	0x24
 846 01dd E7010000 		.4byte	0x1e7
 847 01e1 05       		.uleb128 0x5
 848 01e2 03       		.byte	0x3
 849 01e3 00000000 		.4byte	theState
 850 01e7 06       		.uleb128 0x6
 851 01e8 F6000000 		.4byte	0xf6
 852 01ec 0E       		.uleb128 0xe
 853 01ed 1F010000 		.4byte	.LASF35
 854 01f1 01       		.byte	0x1
 855 01f2 25       		.byte	0x25
 856 01f3 FD010000 		.4byte	0x1fd
 857 01f7 05       		.uleb128 0x5
 858 01f8 03       		.byte	0x3
 859 01f9 00000000 		.4byte	irrigationIndex
 860 01fd 06       		.uleb128 0x6
 861 01fe 81000000 		.4byte	0x81
 862 0202 0E       		.uleb128 0xe
 863 0203 E9010000 		.4byte	.LASF36
 864 0207 01       		.byte	0x1
 865 0208 26       		.byte	0x26
 866 0209 6B000000 		.4byte	0x6b
 867 020d 05       		.uleb128 0x5
 868 020e 03       		.byte	0x3
 869 020f 00000000 		.4byte	uartInt
 870 0213 0E       		.uleb128 0xe
 871 0214 38010000 		.4byte	.LASF37
 872 0218 01       		.byte	0x1
 873 0219 27       		.byte	0x27
 874 021a 6B000000 		.4byte	0x6b
 875 021e 05       		.uleb128 0x5
 876 021f 03       		.byte	0x3
 877 0220 00000000 		.4byte	buff
 878 0224 0E       		.uleb128 0xe
 879 0225 60000000 		.4byte	.LASF38
 880 0229 01       		.byte	0x1
 881 022a 28       		.byte	0x28
 882 022b 6B000000 		.4byte	0x6b
 883 022f 05       		.uleb128 0x5
 884 0230 03       		.byte	0x3
 885 0231 00000000 		.4byte	timerInt
 886 0235 00       		.byte	0
 887              		.section	.debug_abbrev,"",%progbits
 888              	.Ldebug_abbrev0:
 889 0000 01       		.uleb128 0x1
 890 0001 11       		.uleb128 0x11
 891 0002 01       		.byte	0x1
 892 0003 25       		.uleb128 0x25
 893 0004 0E       		.uleb128 0xe
ARM GAS  C:\Users\Philip\AppData\Local\Temp\cc4Ovztq.s 			page 20


 894 0005 13       		.uleb128 0x13
 895 0006 0B       		.uleb128 0xb
 896 0007 03       		.uleb128 0x3
 897 0008 0E       		.uleb128 0xe
 898 0009 1B       		.uleb128 0x1b
 899 000a 0E       		.uleb128 0xe
 900 000b 55       		.uleb128 0x55
 901 000c 17       		.uleb128 0x17
 902 000d 11       		.uleb128 0x11
 903 000e 01       		.uleb128 0x1
 904 000f 10       		.uleb128 0x10
 905 0010 17       		.uleb128 0x17
 906 0011 00       		.byte	0
 907 0012 00       		.byte	0
 908 0013 02       		.uleb128 0x2
 909 0014 24       		.uleb128 0x24
 910 0015 00       		.byte	0
 911 0016 0B       		.uleb128 0xb
 912 0017 0B       		.uleb128 0xb
 913 0018 3E       		.uleb128 0x3e
 914 0019 0B       		.uleb128 0xb
 915 001a 03       		.uleb128 0x3
 916 001b 0E       		.uleb128 0xe
 917 001c 00       		.byte	0
 918 001d 00       		.byte	0
 919 001e 03       		.uleb128 0x3
 920 001f 24       		.uleb128 0x24
 921 0020 00       		.byte	0
 922 0021 0B       		.uleb128 0xb
 923 0022 0B       		.uleb128 0xb
 924 0023 3E       		.uleb128 0x3e
 925 0024 0B       		.uleb128 0xb
 926 0025 03       		.uleb128 0x3
 927 0026 08       		.uleb128 0x8
 928 0027 00       		.byte	0
 929 0028 00       		.byte	0
 930 0029 04       		.uleb128 0x4
 931 002a 16       		.uleb128 0x16
 932 002b 00       		.byte	0
 933 002c 03       		.uleb128 0x3
 934 002d 0E       		.uleb128 0xe
 935 002e 3A       		.uleb128 0x3a
 936 002f 0B       		.uleb128 0xb
 937 0030 3B       		.uleb128 0x3b
 938 0031 0B       		.uleb128 0xb
 939 0032 49       		.uleb128 0x49
 940 0033 13       		.uleb128 0x13
 941 0034 00       		.byte	0
 942 0035 00       		.byte	0
 943 0036 05       		.uleb128 0x5
 944 0037 16       		.uleb128 0x16
 945 0038 00       		.byte	0
 946 0039 03       		.uleb128 0x3
 947 003a 0E       		.uleb128 0xe
 948 003b 3A       		.uleb128 0x3a
 949 003c 0B       		.uleb128 0xb
 950 003d 3B       		.uleb128 0x3b
ARM GAS  C:\Users\Philip\AppData\Local\Temp\cc4Ovztq.s 			page 21


 951 003e 05       		.uleb128 0x5
 952 003f 49       		.uleb128 0x49
 953 0040 13       		.uleb128 0x13
 954 0041 00       		.byte	0
 955 0042 00       		.byte	0
 956 0043 06       		.uleb128 0x6
 957 0044 35       		.uleb128 0x35
 958 0045 00       		.byte	0
 959 0046 49       		.uleb128 0x49
 960 0047 13       		.uleb128 0x13
 961 0048 00       		.byte	0
 962 0049 00       		.byte	0
 963 004a 07       		.uleb128 0x7
 964 004b 04       		.uleb128 0x4
 965 004c 01       		.byte	0x1
 966 004d 0B       		.uleb128 0xb
 967 004e 0B       		.uleb128 0xb
 968 004f 3A       		.uleb128 0x3a
 969 0050 0B       		.uleb128 0xb
 970 0051 3B       		.uleb128 0x3b
 971 0052 0B       		.uleb128 0xb
 972 0053 01       		.uleb128 0x1
 973 0054 13       		.uleb128 0x13
 974 0055 00       		.byte	0
 975 0056 00       		.byte	0
 976 0057 08       		.uleb128 0x8
 977 0058 28       		.uleb128 0x28
 978 0059 00       		.byte	0
 979 005a 03       		.uleb128 0x3
 980 005b 0E       		.uleb128 0xe
 981 005c 1C       		.uleb128 0x1c
 982 005d 0D       		.uleb128 0xd
 983 005e 00       		.byte	0
 984 005f 00       		.byte	0
 985 0060 09       		.uleb128 0x9
 986 0061 2E       		.uleb128 0x2e
 987 0062 00       		.byte	0
 988 0063 3F       		.uleb128 0x3f
 989 0064 19       		.uleb128 0x19
 990 0065 03       		.uleb128 0x3
 991 0066 0E       		.uleb128 0xe
 992 0067 3A       		.uleb128 0x3a
 993 0068 0B       		.uleb128 0xb
 994 0069 3B       		.uleb128 0x3b
 995 006a 0B       		.uleb128 0xb
 996 006b 27       		.uleb128 0x27
 997 006c 19       		.uleb128 0x19
 998 006d 11       		.uleb128 0x11
 999 006e 01       		.uleb128 0x1
 1000 006f 12       		.uleb128 0x12
 1001 0070 06       		.uleb128 0x6
 1002 0071 40       		.uleb128 0x40
 1003 0072 18       		.uleb128 0x18
 1004 0073 9642     		.uleb128 0x2116
 1005 0075 19       		.uleb128 0x19
 1006 0076 00       		.byte	0
 1007 0077 00       		.byte	0
ARM GAS  C:\Users\Philip\AppData\Local\Temp\cc4Ovztq.s 			page 22


 1008 0078 0A       		.uleb128 0xa
 1009 0079 2E       		.uleb128 0x2e
 1010 007a 00       		.byte	0
 1011 007b 3F       		.uleb128 0x3f
 1012 007c 19       		.uleb128 0x19
 1013 007d 03       		.uleb128 0x3
 1014 007e 0E       		.uleb128 0xe
 1015 007f 3A       		.uleb128 0x3a
 1016 0080 0B       		.uleb128 0xb
 1017 0081 3B       		.uleb128 0x3b
 1018 0082 0B       		.uleb128 0xb
 1019 0083 27       		.uleb128 0x27
 1020 0084 19       		.uleb128 0x19
 1021 0085 11       		.uleb128 0x11
 1022 0086 01       		.uleb128 0x1
 1023 0087 12       		.uleb128 0x12
 1024 0088 06       		.uleb128 0x6
 1025 0089 40       		.uleb128 0x40
 1026 008a 18       		.uleb128 0x18
 1027 008b 9742     		.uleb128 0x2117
 1028 008d 19       		.uleb128 0x19
 1029 008e 00       		.byte	0
 1030 008f 00       		.byte	0
 1031 0090 0B       		.uleb128 0xb
 1032 0091 2E       		.uleb128 0x2e
 1033 0092 01       		.byte	0x1
 1034 0093 3F       		.uleb128 0x3f
 1035 0094 19       		.uleb128 0x19
 1036 0095 03       		.uleb128 0x3
 1037 0096 0E       		.uleb128 0xe
 1038 0097 3A       		.uleb128 0x3a
 1039 0098 0B       		.uleb128 0xb
 1040 0099 3B       		.uleb128 0x3b
 1041 009a 0B       		.uleb128 0xb
 1042 009b 27       		.uleb128 0x27
 1043 009c 19       		.uleb128 0x19
 1044 009d 11       		.uleb128 0x11
 1045 009e 01       		.uleb128 0x1
 1046 009f 12       		.uleb128 0x12
 1047 00a0 06       		.uleb128 0x6
 1048 00a1 40       		.uleb128 0x40
 1049 00a2 18       		.uleb128 0x18
 1050 00a3 9642     		.uleb128 0x2116
 1051 00a5 19       		.uleb128 0x19
 1052 00a6 01       		.uleb128 0x1
 1053 00a7 13       		.uleb128 0x13
 1054 00a8 00       		.byte	0
 1055 00a9 00       		.byte	0
 1056 00aa 0C       		.uleb128 0xc
 1057 00ab 0B       		.uleb128 0xb
 1058 00ac 01       		.byte	0x1
 1059 00ad 11       		.uleb128 0x11
 1060 00ae 01       		.uleb128 0x1
 1061 00af 12       		.uleb128 0x12
 1062 00b0 06       		.uleb128 0x6
 1063 00b1 00       		.byte	0
 1064 00b2 00       		.byte	0
ARM GAS  C:\Users\Philip\AppData\Local\Temp\cc4Ovztq.s 			page 23


 1065 00b3 0D       		.uleb128 0xd
 1066 00b4 34       		.uleb128 0x34
 1067 00b5 00       		.byte	0
 1068 00b6 03       		.uleb128 0x3
 1069 00b7 08       		.uleb128 0x8
 1070 00b8 3A       		.uleb128 0x3a
 1071 00b9 0B       		.uleb128 0xb
 1072 00ba 3B       		.uleb128 0x3b
 1073 00bb 0B       		.uleb128 0xb
 1074 00bc 49       		.uleb128 0x49
 1075 00bd 13       		.uleb128 0x13
 1076 00be 02       		.uleb128 0x2
 1077 00bf 18       		.uleb128 0x18
 1078 00c0 00       		.byte	0
 1079 00c1 00       		.byte	0
 1080 00c2 0E       		.uleb128 0xe
 1081 00c3 34       		.uleb128 0x34
 1082 00c4 00       		.byte	0
 1083 00c5 03       		.uleb128 0x3
 1084 00c6 0E       		.uleb128 0xe
 1085 00c7 3A       		.uleb128 0x3a
 1086 00c8 0B       		.uleb128 0xb
 1087 00c9 3B       		.uleb128 0x3b
 1088 00ca 0B       		.uleb128 0xb
 1089 00cb 49       		.uleb128 0x49
 1090 00cc 13       		.uleb128 0x13
 1091 00cd 3F       		.uleb128 0x3f
 1092 00ce 19       		.uleb128 0x19
 1093 00cf 02       		.uleb128 0x2
 1094 00d0 18       		.uleb128 0x18
 1095 00d1 00       		.byte	0
 1096 00d2 00       		.byte	0
 1097 00d3 0F       		.uleb128 0xf
 1098 00d4 01       		.uleb128 0x1
 1099 00d5 01       		.byte	0x1
 1100 00d6 49       		.uleb128 0x49
 1101 00d7 13       		.uleb128 0x13
 1102 00d8 01       		.uleb128 0x1
 1103 00d9 13       		.uleb128 0x13
 1104 00da 00       		.byte	0
 1105 00db 00       		.byte	0
 1106 00dc 10       		.uleb128 0x10
 1107 00dd 21       		.uleb128 0x21
 1108 00de 00       		.byte	0
 1109 00df 49       		.uleb128 0x49
 1110 00e0 13       		.uleb128 0x13
 1111 00e1 2F       		.uleb128 0x2f
 1112 00e2 0B       		.uleb128 0xb
 1113 00e3 00       		.byte	0
 1114 00e4 00       		.byte	0
 1115 00e5 00       		.byte	0
 1116              		.section	.debug_aranges,"",%progbits
 1117 0000 3C000000 		.4byte	0x3c
 1118 0004 0200     		.2byte	0x2
 1119 0006 00000000 		.4byte	.Ldebug_info0
 1120 000a 04       		.byte	0x4
 1121 000b 00       		.byte	0
ARM GAS  C:\Users\Philip\AppData\Local\Temp\cc4Ovztq.s 			page 24


 1122 000c 0000     		.2byte	0
 1123 000e 0000     		.2byte	0
 1124 0010 00000000 		.4byte	.LFB33
 1125 0014 7C000000 		.4byte	.LFE33-.LFB33
 1126 0018 00000000 		.4byte	.LFB34
 1127 001c 14000000 		.4byte	.LFE34-.LFB34
 1128 0020 00000000 		.4byte	.LFB35
 1129 0024 34000000 		.4byte	.LFE35-.LFB35
 1130 0028 00000000 		.4byte	.LFB36
 1131 002c A4010000 		.4byte	.LFE36-.LFB36
 1132 0030 00000000 		.4byte	.LFB37
 1133 0034 9C000000 		.4byte	.LFE37-.LFB37
 1134 0038 00000000 		.4byte	0
 1135 003c 00000000 		.4byte	0
 1136              		.section	.debug_ranges,"",%progbits
 1137              	.Ldebug_ranges0:
 1138 0000 00000000 		.4byte	.LFB33
 1139 0004 7C000000 		.4byte	.LFE33
 1140 0008 00000000 		.4byte	.LFB34
 1141 000c 14000000 		.4byte	.LFE34
 1142 0010 00000000 		.4byte	.LFB35
 1143 0014 34000000 		.4byte	.LFE35
 1144 0018 00000000 		.4byte	.LFB36
 1145 001c A4010000 		.4byte	.LFE36
 1146 0020 00000000 		.4byte	.LFB37
 1147 0024 9C000000 		.4byte	.LFE37
 1148 0028 00000000 		.4byte	0
 1149 002c 00000000 		.4byte	0
 1150              		.section	.debug_line,"",%progbits
 1151              	.Ldebug_line0:
 1152 0000 22010000 		.section	.debug_str,"MS",%progbits,1
 1152      02006400 
 1152      00000201 
 1152      FB0E0D00 
 1152      01010101 
 1153              	.LASF17:
 1154 0000 72656733 		.ascii	"reg32\000"
 1154      3200
 1155              	.LASF26:
 1156 0006 74696D65 		.ascii	"timer_ISR\000"
 1156      725F4953 
 1156      5200
 1157              	.LASF32:
 1158 0010 74656D70 		.ascii	"tempSoilHum\000"
 1158      536F696C 
 1158      48756D00 
 1159              	.LASF24:
 1160 001c 73746174 		.ascii	"state\000"
 1160      6500
 1161              	.LASF40:
 1162 0022 2E5C5053 		.ascii	".\\PSoC_Master_Class.c\000"
 1162      6F435F4D 
 1162      61737465 
 1162      725F436C 
 1162      6173732E 
 1163              	.LASF42:
 1164 0038 74696D65 		.ascii	"timerIntHandler\000"
ARM GAS  C:\Users\Philip\AppData\Local\Temp\cc4Ovztq.s 			page 25


 1164      72496E74 
 1164      48616E64 
 1164      6C657200 
 1165              	.LASF3:
 1166 0048 73686F72 		.ascii	"short unsigned int\000"
 1166      7420756E 
 1166      7369676E 
 1166      65642069 
 1166      6E7400
 1167              	.LASF19:
 1168 005b 49444C45 		.ascii	"IDLE\000"
 1168      00
 1169              	.LASF38:
 1170 0060 74696D65 		.ascii	"timerInt\000"
 1170      72496E74 
 1170      00
 1171              	.LASF31:
 1172 0069 74656D70 		.ascii	"tempHum\000"
 1172      48756D00 
 1173              	.LASF14:
 1174 0071 666C6F61 		.ascii	"float\000"
 1174      7400
 1175              	.LASF39:
 1176 0077 474E5520 		.ascii	"GNU C 4.8.4 20140526 (release) [ARM/embedded-4_8-br"
 1176      4320342E 
 1176      382E3420 
 1176      32303134 
 1176      30353236 
 1177 00aa 616E6368 		.ascii	"anch revision 211358] -mcpu=cortex-m0 -mthumb -g -O"
 1177      20726576 
 1177      6973696F 
 1177      6E203231 
 1177      31333538 
 1178 00dd 30202D66 		.ascii	"0 -ffunction-sections\000"
 1178      66756E63 
 1178      74696F6E 
 1178      2D736563 
 1178      74696F6E 
 1179              	.LASF1:
 1180 00f3 756E7369 		.ascii	"unsigned char\000"
 1180      676E6564 
 1180      20636861 
 1180      7200
 1181              	.LASF12:
 1182 0101 696E7431 		.ascii	"int16\000"
 1182      3600
 1183              	.LASF5:
 1184 0107 6C6F6E67 		.ascii	"long unsigned int\000"
 1184      20756E73 
 1184      69676E65 
 1184      6420696E 
 1184      7400
 1185              	.LASF13:
 1186 0119 696E7433 		.ascii	"int32\000"
 1186      3200
 1187              	.LASF35:
 1188 011f 69727269 		.ascii	"irrigationIndex\000"
ARM GAS  C:\Users\Philip\AppData\Local\Temp\cc4Ovztq.s 			page 26


 1188      67617469 
 1188      6F6E496E 
 1188      64657800 
 1189              	.LASF34:
 1190 012f 74686553 		.ascii	"theState\000"
 1190      74617465 
 1190      00
 1191              	.LASF37:
 1192 0138 62756666 		.ascii	"buff\000"
 1192      00
 1193              	.LASF23:
 1194 013d 41444A49 		.ascii	"ADJI\000"
 1194      00
 1195              	.LASF15:
 1196 0142 646F7562 		.ascii	"double\000"
 1196      6C6500
 1197              	.LASF41:
 1198 0149 433A5C55 		.ascii	"C:\\Users\\Philip\\OneDrive\\GitHub\\PSoC_Master\\P"
 1198      73657273 
 1198      5C506869 
 1198      6C69705C 
 1198      4F6E6544 
 1199 0176 536F435F 		.ascii	"SoC_Master\\PSoC_Master.cydsn\000"
 1199      4D617374 
 1199      65725C50 
 1199      536F435F 
 1199      4D617374 
 1200              	.LASF30:
 1201 0193 74656D70 		.ascii	"tempTemp\000"
 1201      54656D70 
 1201      00
 1202              	.LASF11:
 1203 019c 696E7438 		.ascii	"int8\000"
 1203      00
 1204              	.LASF10:
 1205 01a1 75696E74 		.ascii	"uint32\000"
 1205      333200
 1206              	.LASF28:
 1207 01a8 75617274 		.ascii	"uartIntHandler\000"
 1207      496E7448 
 1207      616E646C 
 1207      657200
 1208              	.LASF20:
 1209 01b7 41444A57 		.ascii	"ADJW\000"
 1209      00
 1210              	.LASF8:
 1211 01bc 756E7369 		.ascii	"unsigned int\000"
 1211      676E6564 
 1211      20696E74 
 1211      00
 1212              	.LASF7:
 1213 01c9 6C6F6E67 		.ascii	"long long unsigned int\000"
 1213      206C6F6E 
 1213      6720756E 
 1213      7369676E 
 1213      65642069 
 1214              	.LASF27:
ARM GAS  C:\Users\Philip\AppData\Local\Temp\cc4Ovztq.s 			page 27


 1215 01e0 55415254 		.ascii	"UART_ISR\000"
 1215      5F495352 
 1215      00
 1216              	.LASF36:
 1217 01e9 75617274 		.ascii	"uartInt\000"
 1217      496E7400 
 1218              	.LASF29:
 1219 01f1 72656365 		.ascii	"receivedCommand\000"
 1219      69766564 
 1219      436F6D6D 
 1219      616E6400 
 1220              	.LASF18:
 1221 0201 73697A65 		.ascii	"sizetype\000"
 1221      74797065 
 1221      00
 1222              	.LASF6:
 1223 020a 6C6F6E67 		.ascii	"long long int\000"
 1223      206C6F6E 
 1223      6720696E 
 1223      7400
 1224              	.LASF16:
 1225 0218 63686172 		.ascii	"char\000"
 1225      00
 1226              	.LASF21:
 1227 021d 41444A48 		.ascii	"ADJH\000"
 1227      00
 1228              	.LASF2:
 1229 0222 73686F72 		.ascii	"short int\000"
 1229      7420696E 
 1229      7400
 1230              	.LASF25:
 1231 022c 696E6974 		.ascii	"initPSoC_Master\000"
 1231      50536F43 
 1231      5F4D6173 
 1231      74657200 
 1232              	.LASF9:
 1233 023c 75696E74 		.ascii	"uint8\000"
 1233      3800
 1234              	.LASF4:
 1235 0242 6C6F6E67 		.ascii	"long int\000"
 1235      20696E74 
 1235      00
 1236              	.LASF0:
 1237 024b 7369676E 		.ascii	"signed char\000"
 1237      65642063 
 1237      68617200 
 1238              	.LASF33:
 1239 0257 74656D70 		.ascii	"tempLight\000"
 1239      4C696768 
 1239      7400
 1240              	.LASF22:
 1241 0261 41444A56 		.ascii	"ADJV\000"
 1241      00
 1242              		.ident	"GCC: (GNU Tools for ARM Embedded Processors) 4.8.4 20140526 (release) [ARM/embedded-4_8-br
