ARM GAS  C:\Users\Lasse\AppData\Local\Temp\ccYV4AZh.s 			page 1


   1              		.cpu cortex-m0
   2              		.fpu softvfp
   3              		.eabi_attribute 20, 1
   4              		.eabi_attribute 21, 1
   5              		.eabi_attribute 23, 3
   6              		.eabi_attribute 24, 1
   7              		.eabi_attribute 25, 1
   8              		.eabi_attribute 26, 1
   9              		.eabi_attribute 30, 6
  10              		.eabi_attribute 34, 0
  11              		.eabi_attribute 18, 4
  12              		.code	16
  13              		.file	"UART_Class.c"
  14              		.text
  15              	.Ltext0:
  16              		.cfi_sections	.debug_frame
  17              		.comm	receivedCommand,1,1
  18              		.section	.text.initUART,"ax",%progbits
  19              		.align	2
  20              		.global	initUART
  21              		.code	16
  22              		.thumb_func
  23              		.type	initUART, %function
  24              	initUART:
  25              	.LFB33:
  26              		.file 1 ".\\UART_Class.c"
   1:.\UART_Class.c **** /* ========================================
   2:.\UART_Class.c ****  * 
   3:.\UART_Class.c ****  * AutoGreen - PSoC_Master
   4:.\UART_Class.c ****  * UART_Class.c
   5:.\UART_Class.c ****  * (Description)
   6:.\UART_Class.c ****  * PRJ3 - GRP9
   7:.\UART_Class.c ****  * 2015-04-15
   8:.\UART_Class.c ****  *
   9:.\UART_Class.c ****  * ========================================
  10:.\UART_Class.c **** */
  11:.\UART_Class.c **** 
  12:.\UART_Class.c **** // Include files
  13:.\UART_Class.c **** #include "UART_Class.h"
  14:.\UART_Class.c **** 
  15:.\UART_Class.c **** // Private data members
  16:.\UART_Class.c **** uint8 receivedCommand;
  17:.\UART_Class.c **** 
  18:.\UART_Class.c **** // Private prototypes
  19:.\UART_Class.c **** 
  20:.\UART_Class.c **** 
  21:.\UART_Class.c **** void initUART(void){
  27              		.loc 1 21 0
  28              		.cfi_startproc
  29 0000 80B5     		push	{r7, lr}
  30              		.cfi_def_cfa_offset 8
  31              		.cfi_offset 7, -8
  32              		.cfi_offset 14, -4
  33 0002 00AF     		add	r7, sp, #0
  34              		.cfi_def_cfa_register 7
  22:.\UART_Class.c **** 
  23:.\UART_Class.c **** }
ARM GAS  C:\Users\Lasse\AppData\Local\Temp\ccYV4AZh.s 			page 2


  35              		.loc 1 23 0
  36 0004 BD46     		mov	sp, r7
  37              		@ sp needed
  38 0006 80BD     		pop	{r7, pc}
  39              		.cfi_endproc
  40              	.LFE33:
  41              		.size	initUART, .-initUART
  42              		.section	.text.respondTemp,"ax",%progbits
  43              		.align	2
  44              		.global	respondTemp
  45              		.code	16
  46              		.thumb_func
  47              		.type	respondTemp, %function
  48              	respondTemp:
  49              	.LFB34:
  24:.\UART_Class.c **** 
  25:.\UART_Class.c **** int8 respondTemp(uint8 temp){
  50              		.loc 1 25 0
  51              		.cfi_startproc
  52 0000 80B5     		push	{r7, lr}
  53              		.cfi_def_cfa_offset 8
  54              		.cfi_offset 7, -8
  55              		.cfi_offset 14, -4
  56 0002 84B0     		sub	sp, sp, #16
  57              		.cfi_def_cfa_offset 24
  58 0004 00AF     		add	r7, sp, #0
  59              		.cfi_def_cfa_register 7
  60 0006 021C     		mov	r2, r0
  61 0008 FB1D     		add	r3, r7, #7
  62 000a 1A70     		strb	r2, [r3]
  26:.\UART_Class.c ****     temp = 0;
  63              		.loc 1 26 0
  64 000c 3B1C     		mov	r3, r7
  65 000e 0F33     		add	r3, r3, #15
  66 0010 0022     		mov	r2, #0
  67 0012 1A70     		strb	r2, [r3]
  27:.\UART_Class.c ****     return 0;
  68              		.loc 1 27 0
  69 0014 0023     		mov	r3, #0
  70 0016 5BB2     		sxtb	r3, r3
  28:.\UART_Class.c **** }
  71              		.loc 1 28 0
  72 0018 181C     		mov	r0, r3
  73 001a BD46     		mov	sp, r7
  74 001c 04B0     		add	sp, sp, #16
  75              		@ sp needed
  76 001e 80BD     		pop	{r7, pc}
  77              		.cfi_endproc
  78              	.LFE34:
  79              		.size	respondTemp, .-respondTemp
  80              		.section	.text.respondHum,"ax",%progbits
  81              		.align	2
  82              		.global	respondHum
  83              		.code	16
  84              		.thumb_func
  85              		.type	respondHum, %function
  86              	respondHum:
ARM GAS  C:\Users\Lasse\AppData\Local\Temp\ccYV4AZh.s 			page 3


  87              	.LFB35:
  29:.\UART_Class.c **** 
  30:.\UART_Class.c **** int8 respondHum(uint8 hum){
  88              		.loc 1 30 0
  89              		.cfi_startproc
  90 0000 80B5     		push	{r7, lr}
  91              		.cfi_def_cfa_offset 8
  92              		.cfi_offset 7, -8
  93              		.cfi_offset 14, -4
  94 0002 84B0     		sub	sp, sp, #16
  95              		.cfi_def_cfa_offset 24
  96 0004 00AF     		add	r7, sp, #0
  97              		.cfi_def_cfa_register 7
  98 0006 021C     		mov	r2, r0
  99 0008 FB1D     		add	r3, r7, #7
 100 000a 1A70     		strb	r2, [r3]
  31:.\UART_Class.c ****     hum = 0;
 101              		.loc 1 31 0
 102 000c 3B1C     		mov	r3, r7
 103 000e 0F33     		add	r3, r3, #15
 104 0010 0022     		mov	r2, #0
 105 0012 1A70     		strb	r2, [r3]
  32:.\UART_Class.c ****     return 0;
 106              		.loc 1 32 0
 107 0014 0023     		mov	r3, #0
 108 0016 5BB2     		sxtb	r3, r3
  33:.\UART_Class.c **** }
 109              		.loc 1 33 0
 110 0018 181C     		mov	r0, r3
 111 001a BD46     		mov	sp, r7
 112 001c 04B0     		add	sp, sp, #16
 113              		@ sp needed
 114 001e 80BD     		pop	{r7, pc}
 115              		.cfi_endproc
 116              	.LFE35:
 117              		.size	respondHum, .-respondHum
 118              		.section	.text.respondLight,"ax",%progbits
 119              		.align	2
 120              		.global	respondLight
 121              		.code	16
 122              		.thumb_func
 123              		.type	respondLight, %function
 124              	respondLight:
 125              	.LFB36:
  34:.\UART_Class.c **** 
  35:.\UART_Class.c **** int8 respondLight(uint8 light){
 126              		.loc 1 35 0
 127              		.cfi_startproc
 128 0000 80B5     		push	{r7, lr}
 129              		.cfi_def_cfa_offset 8
 130              		.cfi_offset 7, -8
 131              		.cfi_offset 14, -4
 132 0002 84B0     		sub	sp, sp, #16
 133              		.cfi_def_cfa_offset 24
 134 0004 00AF     		add	r7, sp, #0
 135              		.cfi_def_cfa_register 7
 136 0006 021C     		mov	r2, r0
ARM GAS  C:\Users\Lasse\AppData\Local\Temp\ccYV4AZh.s 			page 4


 137 0008 FB1D     		add	r3, r7, #7
 138 000a 1A70     		strb	r2, [r3]
  36:.\UART_Class.c ****     light = 0;
 139              		.loc 1 36 0
 140 000c 3B1C     		mov	r3, r7
 141 000e 0F33     		add	r3, r3, #15
 142 0010 0022     		mov	r2, #0
 143 0012 1A70     		strb	r2, [r3]
  37:.\UART_Class.c ****     return 0;
 144              		.loc 1 37 0
 145 0014 0023     		mov	r3, #0
 146 0016 5BB2     		sxtb	r3, r3
  38:.\UART_Class.c **** }
 147              		.loc 1 38 0
 148 0018 181C     		mov	r0, r3
 149 001a BD46     		mov	sp, r7
 150 001c 04B0     		add	sp, sp, #16
 151              		@ sp needed
 152 001e 80BD     		pop	{r7, pc}
 153              		.cfi_endproc
 154              	.LFE36:
 155              		.size	respondLight, .-respondLight
 156              		.section	.text.respondSoilHum,"ax",%progbits
 157              		.align	2
 158              		.global	respondSoilHum
 159              		.code	16
 160              		.thumb_func
 161              		.type	respondSoilHum, %function
 162              	respondSoilHum:
 163              	.LFB37:
  39:.\UART_Class.c **** 
  40:.\UART_Class.c **** int8 respondSoilHum(uint8 index, uint8 soilHum){
 164              		.loc 1 40 0
 165              		.cfi_startproc
 166 0000 80B5     		push	{r7, lr}
 167              		.cfi_def_cfa_offset 8
 168              		.cfi_offset 7, -8
 169              		.cfi_offset 14, -4
 170 0002 84B0     		sub	sp, sp, #16
 171              		.cfi_def_cfa_offset 24
 172 0004 00AF     		add	r7, sp, #0
 173              		.cfi_def_cfa_register 7
 174 0006 0A1C     		mov	r2, r1
 175 0008 FB1D     		add	r3, r7, #7
 176 000a 011C     		add	r1, r0, #0
 177 000c 1970     		strb	r1, [r3]
 178 000e BB1D     		add	r3, r7, #6
 179 0010 1A70     		strb	r2, [r3]
  41:.\UART_Class.c ****     index = 0;
 180              		.loc 1 41 0
 181 0012 3B1C     		mov	r3, r7
 182 0014 0F33     		add	r3, r3, #15
 183 0016 0022     		mov	r2, #0
 184 0018 1A70     		strb	r2, [r3]
  42:.\UART_Class.c ****     soilHum = 0;
 185              		.loc 1 42 0
 186 001a 3B1C     		mov	r3, r7
ARM GAS  C:\Users\Lasse\AppData\Local\Temp\ccYV4AZh.s 			page 5


 187 001c 0E33     		add	r3, r3, #14
 188 001e 0022     		mov	r2, #0
 189 0020 1A70     		strb	r2, [r3]
  43:.\UART_Class.c ****     return 0;
 190              		.loc 1 43 0
 191 0022 0023     		mov	r3, #0
 192 0024 5BB2     		sxtb	r3, r3
  44:.\UART_Class.c **** }
 193              		.loc 1 44 0
 194 0026 181C     		mov	r0, r3
 195 0028 BD46     		mov	sp, r7
 196 002a 04B0     		add	sp, sp, #16
 197              		@ sp needed
 198 002c 80BD     		pop	{r7, pc}
 199              		.cfi_endproc
 200              	.LFE37:
 201              		.size	respondSoilHum, .-respondSoilHum
 202 002e C046     		.section	.text.respondHeat,"ax",%progbits
 203              		.align	2
 204              		.global	respondHeat
 205              		.code	16
 206              		.thumb_func
 207              		.type	respondHeat, %function
 208              	respondHeat:
 209              	.LFB38:
  45:.\UART_Class.c **** 
  46:.\UART_Class.c **** int8 respondHeat(int8 heatStatus, uint8 onOff){
 210              		.loc 1 46 0
 211              		.cfi_startproc
 212 0000 80B5     		push	{r7, lr}
 213              		.cfi_def_cfa_offset 8
 214              		.cfi_offset 7, -8
 215              		.cfi_offset 14, -4
 216 0002 84B0     		sub	sp, sp, #16
 217              		.cfi_def_cfa_offset 24
 218 0004 00AF     		add	r7, sp, #0
 219              		.cfi_def_cfa_register 7
 220 0006 0A1C     		mov	r2, r1
 221 0008 FB1D     		add	r3, r7, #7
 222 000a 011C     		add	r1, r0, #0
 223 000c 1970     		strb	r1, [r3]
 224 000e BB1D     		add	r3, r7, #6
 225 0010 1A70     		strb	r2, [r3]
  47:.\UART_Class.c ****     heatStatus = 0;
 226              		.loc 1 47 0
 227 0012 3B1C     		mov	r3, r7
 228 0014 0F33     		add	r3, r3, #15
 229 0016 0022     		mov	r2, #0
 230 0018 1A70     		strb	r2, [r3]
  48:.\UART_Class.c ****     onOff = 0;
 231              		.loc 1 48 0
 232 001a 3B1C     		mov	r3, r7
 233 001c 0E33     		add	r3, r3, #14
 234 001e 0022     		mov	r2, #0
 235 0020 1A70     		strb	r2, [r3]
  49:.\UART_Class.c ****     return 0;
 236              		.loc 1 49 0
ARM GAS  C:\Users\Lasse\AppData\Local\Temp\ccYV4AZh.s 			page 6


 237 0022 0023     		mov	r3, #0
 238 0024 5BB2     		sxtb	r3, r3
  50:.\UART_Class.c **** }
 239              		.loc 1 50 0
 240 0026 181C     		mov	r0, r3
 241 0028 BD46     		mov	sp, r7
 242 002a 04B0     		add	sp, sp, #16
 243              		@ sp needed
 244 002c 80BD     		pop	{r7, pc}
 245              		.cfi_endproc
 246              	.LFE38:
 247              		.size	respondHeat, .-respondHeat
 248 002e C046     		.section	.text.respondWin,"ax",%progbits
 249              		.align	2
 250              		.global	respondWin
 251              		.code	16
 252              		.thumb_func
 253              		.type	respondWin, %function
 254              	respondWin:
 255              	.LFB39:
  51:.\UART_Class.c **** 
  52:.\UART_Class.c **** int8 respondWin(int8 winStatus){
 256              		.loc 1 52 0
 257              		.cfi_startproc
 258 0000 80B5     		push	{r7, lr}
 259              		.cfi_def_cfa_offset 8
 260              		.cfi_offset 7, -8
 261              		.cfi_offset 14, -4
 262 0002 84B0     		sub	sp, sp, #16
 263              		.cfi_def_cfa_offset 24
 264 0004 00AF     		add	r7, sp, #0
 265              		.cfi_def_cfa_register 7
 266 0006 021C     		mov	r2, r0
 267 0008 FB1D     		add	r3, r7, #7
 268 000a 1A70     		strb	r2, [r3]
  53:.\UART_Class.c ****     winStatus = 0;
 269              		.loc 1 53 0
 270 000c 3B1C     		mov	r3, r7
 271 000e 0F33     		add	r3, r3, #15
 272 0010 0022     		mov	r2, #0
 273 0012 1A70     		strb	r2, [r3]
  54:.\UART_Class.c ****     return 0;
 274              		.loc 1 54 0
 275 0014 0023     		mov	r3, #0
 276 0016 5BB2     		sxtb	r3, r3
  55:.\UART_Class.c **** }
 277              		.loc 1 55 0
 278 0018 181C     		mov	r0, r3
 279 001a BD46     		mov	sp, r7
 280 001c 04B0     		add	sp, sp, #16
 281              		@ sp needed
 282 001e 80BD     		pop	{r7, pc}
 283              		.cfi_endproc
 284              	.LFE39:
 285              		.size	respondWin, .-respondWin
 286              		.section	.text.respondVent,"ax",%progbits
 287              		.align	2
ARM GAS  C:\Users\Lasse\AppData\Local\Temp\ccYV4AZh.s 			page 7


 288              		.global	respondVent
 289              		.code	16
 290              		.thumb_func
 291              		.type	respondVent, %function
 292              	respondVent:
 293              	.LFB40:
  56:.\UART_Class.c **** 
  57:.\UART_Class.c **** int8 respondVent(int8 ventStatus){
 294              		.loc 1 57 0
 295              		.cfi_startproc
 296 0000 80B5     		push	{r7, lr}
 297              		.cfi_def_cfa_offset 8
 298              		.cfi_offset 7, -8
 299              		.cfi_offset 14, -4
 300 0002 84B0     		sub	sp, sp, #16
 301              		.cfi_def_cfa_offset 24
 302 0004 00AF     		add	r7, sp, #0
 303              		.cfi_def_cfa_register 7
 304 0006 021C     		mov	r2, r0
 305 0008 FB1D     		add	r3, r7, #7
 306 000a 1A70     		strb	r2, [r3]
  58:.\UART_Class.c ****     ventStatus = 0;
 307              		.loc 1 58 0
 308 000c 3B1C     		mov	r3, r7
 309 000e 0F33     		add	r3, r3, #15
 310 0010 0022     		mov	r2, #0
 311 0012 1A70     		strb	r2, [r3]
  59:.\UART_Class.c ****     return 0;
 312              		.loc 1 59 0
 313 0014 0023     		mov	r3, #0
 314 0016 5BB2     		sxtb	r3, r3
  60:.\UART_Class.c **** }
 315              		.loc 1 60 0
 316 0018 181C     		mov	r0, r3
 317 001a BD46     		mov	sp, r7
 318 001c 04B0     		add	sp, sp, #16
 319              		@ sp needed
 320 001e 80BD     		pop	{r7, pc}
 321              		.cfi_endproc
 322              	.LFE40:
 323              		.size	respondVent, .-respondVent
 324              		.section	.text.respondIrri,"ax",%progbits
 325              		.align	2
 326              		.global	respondIrri
 327              		.code	16
 328              		.thumb_func
 329              		.type	respondIrri, %function
 330              	respondIrri:
 331              	.LFB41:
  61:.\UART_Class.c **** 
  62:.\UART_Class.c **** int8 respondIrri(int8 irriStatus){
 332              		.loc 1 62 0
 333              		.cfi_startproc
 334 0000 80B5     		push	{r7, lr}
 335              		.cfi_def_cfa_offset 8
 336              		.cfi_offset 7, -8
 337              		.cfi_offset 14, -4
ARM GAS  C:\Users\Lasse\AppData\Local\Temp\ccYV4AZh.s 			page 8


 338 0002 84B0     		sub	sp, sp, #16
 339              		.cfi_def_cfa_offset 24
 340 0004 00AF     		add	r7, sp, #0
 341              		.cfi_def_cfa_register 7
 342 0006 021C     		mov	r2, r0
 343 0008 FB1D     		add	r3, r7, #7
 344 000a 1A70     		strb	r2, [r3]
  63:.\UART_Class.c ****     irriStatus = 0;
 345              		.loc 1 63 0
 346 000c 3B1C     		mov	r3, r7
 347 000e 0F33     		add	r3, r3, #15
 348 0010 0022     		mov	r2, #0
 349 0012 1A70     		strb	r2, [r3]
  64:.\UART_Class.c ****     return 0;
 350              		.loc 1 64 0
 351 0014 0023     		mov	r3, #0
 352 0016 5BB2     		sxtb	r3, r3
  65:.\UART_Class.c **** }
 353              		.loc 1 65 0
 354 0018 181C     		mov	r0, r3
 355 001a BD46     		mov	sp, r7
 356 001c 04B0     		add	sp, sp, #16
 357              		@ sp needed
 358 001e 80BD     		pop	{r7, pc}
 359              		.cfi_endproc
 360              	.LFE41:
 361              		.size	respondIrri, .-respondIrri
 362              		.section	.text.dkRequest,"ax",%progbits
 363              		.align	2
 364              		.global	dkRequest
 365              		.code	16
 366              		.thumb_func
 367              		.type	dkRequest, %function
 368              	dkRequest:
 369              	.LFB42:
  66:.\UART_Class.c **** 
  67:.\UART_Class.c **** uint8 dkRequest(void){
 370              		.loc 1 67 0
 371              		.cfi_startproc
 372 0000 80B5     		push	{r7, lr}
 373              		.cfi_def_cfa_offset 8
 374              		.cfi_offset 7, -8
 375              		.cfi_offset 14, -4
 376 0002 00AF     		add	r7, sp, #0
 377              		.cfi_def_cfa_register 7
  68:.\UART_Class.c ****     return 0;
 378              		.loc 1 68 0
 379 0004 0023     		mov	r3, #0
  69:.\UART_Class.c **** }
 380              		.loc 1 69 0
 381 0006 181C     		mov	r0, r3
 382 0008 BD46     		mov	sp, r7
 383              		@ sp needed
 384 000a 80BD     		pop	{r7, pc}
 385              		.cfi_endproc
 386              	.LFE42:
 387              		.size	dkRequest, .-dkRequest
ARM GAS  C:\Users\Lasse\AppData\Local\Temp\ccYV4AZh.s 			page 9


 388              		.text
 389              	.Letext0:
 390              		.file 2 ".\\Generated_Source\\PSoC4/cytypes.h"
 391              		.section	.debug_info,"",%progbits
 392              	.Ldebug_info0:
 393 0000 2D020000 		.4byte	0x22d
 394 0004 0400     		.2byte	0x4
 395 0006 00000000 		.4byte	.Ldebug_abbrev0
 396 000a 04       		.byte	0x4
 397 000b 01       		.uleb128 0x1
 398 000c 89000000 		.4byte	.LASF32
 399 0010 01       		.byte	0x1
 400 0011 24020000 		.4byte	.LASF33
 401 0015 11000000 		.4byte	.LASF34
 402 0019 00000000 		.4byte	.Ldebug_ranges0+0
 403 001d 00000000 		.4byte	0
 404 0021 00000000 		.4byte	.Ldebug_line0
 405 0025 02       		.uleb128 0x2
 406 0026 01       		.byte	0x1
 407 0027 06       		.byte	0x6
 408 0028 42020000 		.4byte	.LASF0
 409 002c 02       		.uleb128 0x2
 410 002d 01       		.byte	0x1
 411 002e 08       		.byte	0x8
 412 002f 05010000 		.4byte	.LASF1
 413 0033 02       		.uleb128 0x2
 414 0034 02       		.byte	0x2
 415 0035 05       		.byte	0x5
 416 0036 14020000 		.4byte	.LASF2
 417 003a 02       		.uleb128 0x2
 418 003b 02       		.byte	0x2
 419 003c 07       		.byte	0x7
 420 003d 64000000 		.4byte	.LASF3
 421 0041 02       		.uleb128 0x2
 422 0042 04       		.byte	0x4
 423 0043 05       		.byte	0x5
 424 0044 5B000000 		.4byte	.LASF4
 425 0048 02       		.uleb128 0x2
 426 0049 04       		.byte	0x4
 427 004a 07       		.byte	0x7
 428 004b 22010000 		.4byte	.LASF5
 429 004f 02       		.uleb128 0x2
 430 0050 08       		.byte	0x8
 431 0051 05       		.byte	0x5
 432 0052 EA010000 		.4byte	.LASF6
 433 0056 02       		.uleb128 0x2
 434 0057 08       		.byte	0x8
 435 0058 07       		.byte	0x7
 436 0059 97010000 		.4byte	.LASF7
 437 005d 03       		.uleb128 0x3
 438 005e 04       		.byte	0x4
 439 005f 05       		.byte	0x5
 440 0060 696E7400 		.ascii	"int\000"
 441 0064 02       		.uleb128 0x2
 442 0065 04       		.byte	0x4
 443 0066 07       		.byte	0x7
 444 0067 73010000 		.4byte	.LASF8
ARM GAS  C:\Users\Lasse\AppData\Local\Temp\ccYV4AZh.s 			page 10


 445 006b 04       		.uleb128 0x4
 446 006c 39010000 		.4byte	.LASF9
 447 0070 02       		.byte	0x2
 448 0071 A1       		.byte	0xa1
 449 0072 2C000000 		.4byte	0x2c
 450 0076 04       		.uleb128 0x4
 451 0077 6E010000 		.4byte	.LASF10
 452 007b 02       		.byte	0x2
 453 007c A4       		.byte	0xa4
 454 007d 25000000 		.4byte	0x25
 455 0081 02       		.uleb128 0x2
 456 0082 04       		.byte	0x4
 457 0083 04       		.byte	0x4
 458 0084 83000000 		.4byte	.LASF11
 459 0088 02       		.uleb128 0x2
 460 0089 08       		.byte	0x8
 461 008a 04       		.byte	0x4
 462 008b 4A010000 		.4byte	.LASF12
 463 008f 02       		.uleb128 0x2
 464 0090 01       		.byte	0x1
 465 0091 08       		.byte	0x8
 466 0092 F8010000 		.4byte	.LASF13
 467 0096 02       		.uleb128 0x2
 468 0097 04       		.byte	0x4
 469 0098 07       		.byte	0x7
 470 0099 E1010000 		.4byte	.LASF14
 471 009d 05       		.uleb128 0x5
 472 009e 19010000 		.4byte	.LASF35
 473 00a2 01       		.byte	0x1
 474 00a3 15       		.byte	0x15
 475 00a4 00000000 		.4byte	.LFB33
 476 00a8 08000000 		.4byte	.LFE33-.LFB33
 477 00ac 01       		.uleb128 0x1
 478 00ad 9C       		.byte	0x9c
 479 00ae 06       		.uleb128 0x6
 480 00af AE010000 		.4byte	.LASF15
 481 00b3 01       		.byte	0x1
 482 00b4 19       		.byte	0x19
 483 00b5 76000000 		.4byte	0x76
 484 00b9 00000000 		.4byte	.LFB34
 485 00bd 20000000 		.4byte	.LFE34-.LFB34
 486 00c1 01       		.uleb128 0x1
 487 00c2 9C       		.byte	0x9c
 488 00c3 D6000000 		.4byte	0xd6
 489 00c7 07       		.uleb128 0x7
 490 00c8 34010000 		.4byte	.LASF17
 491 00cc 01       		.byte	0x1
 492 00cd 19       		.byte	0x19
 493 00ce 6B000000 		.4byte	0x6b
 494 00d2 02       		.uleb128 0x2
 495 00d3 91       		.byte	0x91
 496 00d4 6F       		.sleb128 -17
 497 00d5 00       		.byte	0
 498 00d6 06       		.uleb128 0x6
 499 00d7 80010000 		.4byte	.LASF16
 500 00db 01       		.byte	0x1
 501 00dc 1E       		.byte	0x1e
ARM GAS  C:\Users\Lasse\AppData\Local\Temp\ccYV4AZh.s 			page 11


 502 00dd 76000000 		.4byte	0x76
 503 00e1 00000000 		.4byte	.LFB35
 504 00e5 20000000 		.4byte	.LFE35-.LFB35
 505 00e9 01       		.uleb128 0x1
 506 00ea 9C       		.byte	0x9c
 507 00eb FE000000 		.4byte	0xfe
 508 00ef 08       		.uleb128 0x8
 509 00f0 68756D00 		.ascii	"hum\000"
 510 00f4 01       		.byte	0x1
 511 00f5 1E       		.byte	0x1e
 512 00f6 6B000000 		.4byte	0x6b
 513 00fa 02       		.uleb128 0x2
 514 00fb 91       		.byte	0x91
 515 00fc 6F       		.sleb128 -17
 516 00fd 00       		.byte	0
 517 00fe 06       		.uleb128 0x6
 518 00ff BA010000 		.4byte	.LASF18
 519 0103 01       		.byte	0x1
 520 0104 23       		.byte	0x23
 521 0105 76000000 		.4byte	0x76
 522 0109 00000000 		.4byte	.LFB36
 523 010d 20000000 		.4byte	.LFE36-.LFB36
 524 0111 01       		.uleb128 0x1
 525 0112 9C       		.byte	0x9c
 526 0113 26010000 		.4byte	0x126
 527 0117 07       		.uleb128 0x7
 528 0118 00000000 		.4byte	.LASF19
 529 011c 01       		.byte	0x1
 530 011d 23       		.byte	0x23
 531 011e 6B000000 		.4byte	0x6b
 532 0122 02       		.uleb128 0x2
 533 0123 91       		.byte	0x91
 534 0124 6F       		.sleb128 -17
 535 0125 00       		.byte	0
 536 0126 06       		.uleb128 0x6
 537 0127 33020000 		.4byte	.LASF20
 538 012b 01       		.byte	0x1
 539 012c 28       		.byte	0x28
 540 012d 76000000 		.4byte	0x76
 541 0131 00000000 		.4byte	.LFB37
 542 0135 2E000000 		.4byte	.LFE37-.LFB37
 543 0139 01       		.uleb128 0x1
 544 013a 9C       		.byte	0x9c
 545 013b 5C010000 		.4byte	0x15c
 546 013f 07       		.uleb128 0x7
 547 0140 1E020000 		.4byte	.LASF21
 548 0144 01       		.byte	0x1
 549 0145 28       		.byte	0x28
 550 0146 6B000000 		.4byte	0x6b
 551 014a 02       		.uleb128 0x2
 552 014b 91       		.byte	0x91
 553 014c 6F       		.sleb128 -17
 554 014d 07       		.uleb128 0x7
 555 014e 51010000 		.4byte	.LASF22
 556 0152 01       		.byte	0x1
 557 0153 28       		.byte	0x28
 558 0154 6B000000 		.4byte	0x6b
ARM GAS  C:\Users\Lasse\AppData\Local\Temp\ccYV4AZh.s 			page 12


 559 0158 02       		.uleb128 0x2
 560 0159 91       		.byte	0x91
 561 015a 6E       		.sleb128 -18
 562 015b 00       		.byte	0
 563 015c 06       		.uleb128 0x6
 564 015d FD010000 		.4byte	.LASF23
 565 0161 01       		.byte	0x1
 566 0162 2E       		.byte	0x2e
 567 0163 76000000 		.4byte	0x76
 568 0167 00000000 		.4byte	.LFB38
 569 016b 2E000000 		.4byte	.LFE38-.LFB38
 570 016f 01       		.uleb128 0x1
 571 0170 9C       		.byte	0x9c
 572 0171 92010000 		.4byte	0x192
 573 0175 07       		.uleb128 0x7
 574 0176 06000000 		.4byte	.LASF24
 575 017a 01       		.byte	0x1
 576 017b 2E       		.byte	0x2e
 577 017c 76000000 		.4byte	0x76
 578 0180 02       		.uleb128 0x2
 579 0181 91       		.byte	0x91
 580 0182 6F       		.sleb128 -17
 581 0183 07       		.uleb128 0x7
 582 0184 13010000 		.4byte	.LASF25
 583 0188 01       		.byte	0x1
 584 0189 2E       		.byte	0x2e
 585 018a 6B000000 		.4byte	0x6b
 586 018e 02       		.uleb128 0x2
 587 018f 91       		.byte	0x91
 588 0190 6E       		.sleb128 -18
 589 0191 00       		.byte	0
 590 0192 06       		.uleb128 0x6
 591 0193 3F010000 		.4byte	.LASF26
 592 0197 01       		.byte	0x1
 593 0198 34       		.byte	0x34
 594 0199 76000000 		.4byte	0x76
 595 019d 00000000 		.4byte	.LFB39
 596 01a1 20000000 		.4byte	.LFE39-.LFB39
 597 01a5 01       		.uleb128 0x1
 598 01a6 9C       		.byte	0x9c
 599 01a7 BA010000 		.4byte	0x1ba
 600 01ab 07       		.uleb128 0x7
 601 01ac C7010000 		.4byte	.LASF27
 602 01b0 01       		.byte	0x1
 603 01b1 34       		.byte	0x34
 604 01b2 76000000 		.4byte	0x76
 605 01b6 02       		.uleb128 0x2
 606 01b7 91       		.byte	0x91
 607 01b8 6F       		.sleb128 -17
 608 01b9 00       		.byte	0
 609 01ba 06       		.uleb128 0x6
 610 01bb 8B010000 		.4byte	.LASF28
 611 01bf 01       		.byte	0x1
 612 01c0 39       		.byte	0x39
 613 01c1 76000000 		.4byte	0x76
 614 01c5 00000000 		.4byte	.LFB40
 615 01c9 20000000 		.4byte	.LFE40-.LFB40
ARM GAS  C:\Users\Lasse\AppData\Local\Temp\ccYV4AZh.s 			page 13


 616 01cd 01       		.uleb128 0x1
 617 01ce 9C       		.byte	0x9c
 618 01cf E2010000 		.4byte	0x1e2
 619 01d3 07       		.uleb128 0x7
 620 01d4 63010000 		.4byte	.LASF29
 621 01d8 01       		.byte	0x1
 622 01d9 39       		.byte	0x39
 623 01da 76000000 		.4byte	0x76
 624 01de 02       		.uleb128 0x2
 625 01df 91       		.byte	0x91
 626 01e0 6F       		.sleb128 -17
 627 01e1 00       		.byte	0
 628 01e2 06       		.uleb128 0x6
 629 01e3 77000000 		.4byte	.LASF30
 630 01e7 01       		.byte	0x1
 631 01e8 3E       		.byte	0x3e
 632 01e9 76000000 		.4byte	0x76
 633 01ed 00000000 		.4byte	.LFB41
 634 01f1 20000000 		.4byte	.LFE41-.LFB41
 635 01f5 01       		.uleb128 0x1
 636 01f6 9C       		.byte	0x9c
 637 01f7 0A020000 		.4byte	0x20a
 638 01fb 07       		.uleb128 0x7
 639 01fc 09020000 		.4byte	.LASF31
 640 0200 01       		.byte	0x1
 641 0201 3E       		.byte	0x3e
 642 0202 76000000 		.4byte	0x76
 643 0206 02       		.uleb128 0x2
 644 0207 91       		.byte	0x91
 645 0208 6F       		.sleb128 -17
 646 0209 00       		.byte	0
 647 020a 09       		.uleb128 0x9
 648 020b 59010000 		.4byte	.LASF36
 649 020f 01       		.byte	0x1
 650 0210 43       		.byte	0x43
 651 0211 6B000000 		.4byte	0x6b
 652 0215 00000000 		.4byte	.LFB42
 653 0219 0C000000 		.4byte	.LFE42-.LFB42
 654 021d 01       		.uleb128 0x1
 655 021e 9C       		.byte	0x9c
 656 021f 0A       		.uleb128 0xa
 657 0220 D1010000 		.4byte	.LASF37
 658 0224 01       		.byte	0x1
 659 0225 10       		.byte	0x10
 660 0226 6B000000 		.4byte	0x6b
 661 022a 05       		.uleb128 0x5
 662 022b 03       		.byte	0x3
 663 022c 00000000 		.4byte	receivedCommand
 664 0230 00       		.byte	0
 665              		.section	.debug_abbrev,"",%progbits
 666              	.Ldebug_abbrev0:
 667 0000 01       		.uleb128 0x1
 668 0001 11       		.uleb128 0x11
 669 0002 01       		.byte	0x1
 670 0003 25       		.uleb128 0x25
 671 0004 0E       		.uleb128 0xe
 672 0005 13       		.uleb128 0x13
ARM GAS  C:\Users\Lasse\AppData\Local\Temp\ccYV4AZh.s 			page 14


 673 0006 0B       		.uleb128 0xb
 674 0007 03       		.uleb128 0x3
 675 0008 0E       		.uleb128 0xe
 676 0009 1B       		.uleb128 0x1b
 677 000a 0E       		.uleb128 0xe
 678 000b 55       		.uleb128 0x55
 679 000c 17       		.uleb128 0x17
 680 000d 11       		.uleb128 0x11
 681 000e 01       		.uleb128 0x1
 682 000f 10       		.uleb128 0x10
 683 0010 17       		.uleb128 0x17
 684 0011 00       		.byte	0
 685 0012 00       		.byte	0
 686 0013 02       		.uleb128 0x2
 687 0014 24       		.uleb128 0x24
 688 0015 00       		.byte	0
 689 0016 0B       		.uleb128 0xb
 690 0017 0B       		.uleb128 0xb
 691 0018 3E       		.uleb128 0x3e
 692 0019 0B       		.uleb128 0xb
 693 001a 03       		.uleb128 0x3
 694 001b 0E       		.uleb128 0xe
 695 001c 00       		.byte	0
 696 001d 00       		.byte	0
 697 001e 03       		.uleb128 0x3
 698 001f 24       		.uleb128 0x24
 699 0020 00       		.byte	0
 700 0021 0B       		.uleb128 0xb
 701 0022 0B       		.uleb128 0xb
 702 0023 3E       		.uleb128 0x3e
 703 0024 0B       		.uleb128 0xb
 704 0025 03       		.uleb128 0x3
 705 0026 08       		.uleb128 0x8
 706 0027 00       		.byte	0
 707 0028 00       		.byte	0
 708 0029 04       		.uleb128 0x4
 709 002a 16       		.uleb128 0x16
 710 002b 00       		.byte	0
 711 002c 03       		.uleb128 0x3
 712 002d 0E       		.uleb128 0xe
 713 002e 3A       		.uleb128 0x3a
 714 002f 0B       		.uleb128 0xb
 715 0030 3B       		.uleb128 0x3b
 716 0031 0B       		.uleb128 0xb
 717 0032 49       		.uleb128 0x49
 718 0033 13       		.uleb128 0x13
 719 0034 00       		.byte	0
 720 0035 00       		.byte	0
 721 0036 05       		.uleb128 0x5
 722 0037 2E       		.uleb128 0x2e
 723 0038 00       		.byte	0
 724 0039 3F       		.uleb128 0x3f
 725 003a 19       		.uleb128 0x19
 726 003b 03       		.uleb128 0x3
 727 003c 0E       		.uleb128 0xe
 728 003d 3A       		.uleb128 0x3a
 729 003e 0B       		.uleb128 0xb
ARM GAS  C:\Users\Lasse\AppData\Local\Temp\ccYV4AZh.s 			page 15


 730 003f 3B       		.uleb128 0x3b
 731 0040 0B       		.uleb128 0xb
 732 0041 27       		.uleb128 0x27
 733 0042 19       		.uleb128 0x19
 734 0043 11       		.uleb128 0x11
 735 0044 01       		.uleb128 0x1
 736 0045 12       		.uleb128 0x12
 737 0046 06       		.uleb128 0x6
 738 0047 40       		.uleb128 0x40
 739 0048 18       		.uleb128 0x18
 740 0049 9742     		.uleb128 0x2117
 741 004b 19       		.uleb128 0x19
 742 004c 00       		.byte	0
 743 004d 00       		.byte	0
 744 004e 06       		.uleb128 0x6
 745 004f 2E       		.uleb128 0x2e
 746 0050 01       		.byte	0x1
 747 0051 3F       		.uleb128 0x3f
 748 0052 19       		.uleb128 0x19
 749 0053 03       		.uleb128 0x3
 750 0054 0E       		.uleb128 0xe
 751 0055 3A       		.uleb128 0x3a
 752 0056 0B       		.uleb128 0xb
 753 0057 3B       		.uleb128 0x3b
 754 0058 0B       		.uleb128 0xb
 755 0059 27       		.uleb128 0x27
 756 005a 19       		.uleb128 0x19
 757 005b 49       		.uleb128 0x49
 758 005c 13       		.uleb128 0x13
 759 005d 11       		.uleb128 0x11
 760 005e 01       		.uleb128 0x1
 761 005f 12       		.uleb128 0x12
 762 0060 06       		.uleb128 0x6
 763 0061 40       		.uleb128 0x40
 764 0062 18       		.uleb128 0x18
 765 0063 9742     		.uleb128 0x2117
 766 0065 19       		.uleb128 0x19
 767 0066 01       		.uleb128 0x1
 768 0067 13       		.uleb128 0x13
 769 0068 00       		.byte	0
 770 0069 00       		.byte	0
 771 006a 07       		.uleb128 0x7
 772 006b 05       		.uleb128 0x5
 773 006c 00       		.byte	0
 774 006d 03       		.uleb128 0x3
 775 006e 0E       		.uleb128 0xe
 776 006f 3A       		.uleb128 0x3a
 777 0070 0B       		.uleb128 0xb
 778 0071 3B       		.uleb128 0x3b
 779 0072 0B       		.uleb128 0xb
 780 0073 49       		.uleb128 0x49
 781 0074 13       		.uleb128 0x13
 782 0075 02       		.uleb128 0x2
 783 0076 18       		.uleb128 0x18
 784 0077 00       		.byte	0
 785 0078 00       		.byte	0
 786 0079 08       		.uleb128 0x8
ARM GAS  C:\Users\Lasse\AppData\Local\Temp\ccYV4AZh.s 			page 16


 787 007a 05       		.uleb128 0x5
 788 007b 00       		.byte	0
 789 007c 03       		.uleb128 0x3
 790 007d 08       		.uleb128 0x8
 791 007e 3A       		.uleb128 0x3a
 792 007f 0B       		.uleb128 0xb
 793 0080 3B       		.uleb128 0x3b
 794 0081 0B       		.uleb128 0xb
 795 0082 49       		.uleb128 0x49
 796 0083 13       		.uleb128 0x13
 797 0084 02       		.uleb128 0x2
 798 0085 18       		.uleb128 0x18
 799 0086 00       		.byte	0
 800 0087 00       		.byte	0
 801 0088 09       		.uleb128 0x9
 802 0089 2E       		.uleb128 0x2e
 803 008a 00       		.byte	0
 804 008b 3F       		.uleb128 0x3f
 805 008c 19       		.uleb128 0x19
 806 008d 03       		.uleb128 0x3
 807 008e 0E       		.uleb128 0xe
 808 008f 3A       		.uleb128 0x3a
 809 0090 0B       		.uleb128 0xb
 810 0091 3B       		.uleb128 0x3b
 811 0092 0B       		.uleb128 0xb
 812 0093 27       		.uleb128 0x27
 813 0094 19       		.uleb128 0x19
 814 0095 49       		.uleb128 0x49
 815 0096 13       		.uleb128 0x13
 816 0097 11       		.uleb128 0x11
 817 0098 01       		.uleb128 0x1
 818 0099 12       		.uleb128 0x12
 819 009a 06       		.uleb128 0x6
 820 009b 40       		.uleb128 0x40
 821 009c 18       		.uleb128 0x18
 822 009d 9742     		.uleb128 0x2117
 823 009f 19       		.uleb128 0x19
 824 00a0 00       		.byte	0
 825 00a1 00       		.byte	0
 826 00a2 0A       		.uleb128 0xa
 827 00a3 34       		.uleb128 0x34
 828 00a4 00       		.byte	0
 829 00a5 03       		.uleb128 0x3
 830 00a6 0E       		.uleb128 0xe
 831 00a7 3A       		.uleb128 0x3a
 832 00a8 0B       		.uleb128 0xb
 833 00a9 3B       		.uleb128 0x3b
 834 00aa 0B       		.uleb128 0xb
 835 00ab 49       		.uleb128 0x49
 836 00ac 13       		.uleb128 0x13
 837 00ad 3F       		.uleb128 0x3f
 838 00ae 19       		.uleb128 0x19
 839 00af 02       		.uleb128 0x2
 840 00b0 18       		.uleb128 0x18
 841 00b1 00       		.byte	0
 842 00b2 00       		.byte	0
 843 00b3 00       		.byte	0
ARM GAS  C:\Users\Lasse\AppData\Local\Temp\ccYV4AZh.s 			page 17


 844              		.section	.debug_aranges,"",%progbits
 845 0000 64000000 		.4byte	0x64
 846 0004 0200     		.2byte	0x2
 847 0006 00000000 		.4byte	.Ldebug_info0
 848 000a 04       		.byte	0x4
 849 000b 00       		.byte	0
 850 000c 0000     		.2byte	0
 851 000e 0000     		.2byte	0
 852 0010 00000000 		.4byte	.LFB33
 853 0014 08000000 		.4byte	.LFE33-.LFB33
 854 0018 00000000 		.4byte	.LFB34
 855 001c 20000000 		.4byte	.LFE34-.LFB34
 856 0020 00000000 		.4byte	.LFB35
 857 0024 20000000 		.4byte	.LFE35-.LFB35
 858 0028 00000000 		.4byte	.LFB36
 859 002c 20000000 		.4byte	.LFE36-.LFB36
 860 0030 00000000 		.4byte	.LFB37
 861 0034 2E000000 		.4byte	.LFE37-.LFB37
 862 0038 00000000 		.4byte	.LFB38
 863 003c 2E000000 		.4byte	.LFE38-.LFB38
 864 0040 00000000 		.4byte	.LFB39
 865 0044 20000000 		.4byte	.LFE39-.LFB39
 866 0048 00000000 		.4byte	.LFB40
 867 004c 20000000 		.4byte	.LFE40-.LFB40
 868 0050 00000000 		.4byte	.LFB41
 869 0054 20000000 		.4byte	.LFE41-.LFB41
 870 0058 00000000 		.4byte	.LFB42
 871 005c 0C000000 		.4byte	.LFE42-.LFB42
 872 0060 00000000 		.4byte	0
 873 0064 00000000 		.4byte	0
 874              		.section	.debug_ranges,"",%progbits
 875              	.Ldebug_ranges0:
 876 0000 00000000 		.4byte	.LFB33
 877 0004 08000000 		.4byte	.LFE33
 878 0008 00000000 		.4byte	.LFB34
 879 000c 20000000 		.4byte	.LFE34
 880 0010 00000000 		.4byte	.LFB35
 881 0014 20000000 		.4byte	.LFE35
 882 0018 00000000 		.4byte	.LFB36
 883 001c 20000000 		.4byte	.LFE36
 884 0020 00000000 		.4byte	.LFB37
 885 0024 2E000000 		.4byte	.LFE37
 886 0028 00000000 		.4byte	.LFB38
 887 002c 2E000000 		.4byte	.LFE38
 888 0030 00000000 		.4byte	.LFB39
 889 0034 20000000 		.4byte	.LFE39
 890 0038 00000000 		.4byte	.LFB40
 891 003c 20000000 		.4byte	.LFE40
 892 0040 00000000 		.4byte	.LFB41
 893 0044 20000000 		.4byte	.LFE41
 894 0048 00000000 		.4byte	.LFB42
 895 004c 0C000000 		.4byte	.LFE42
 896 0050 00000000 		.4byte	0
 897 0054 00000000 		.4byte	0
 898              		.section	.debug_line,"",%progbits
 899              	.Ldebug_line0:
 900 0000 05010000 		.section	.debug_str,"MS",%progbits,1
ARM GAS  C:\Users\Lasse\AppData\Local\Temp\ccYV4AZh.s 			page 18


 900      02004B00 
 900      00000201 
 900      FB0E0D00 
 900      01010101 
 901              	.LASF19:
 902 0000 6C696768 		.ascii	"light\000"
 902      7400
 903              	.LASF24:
 904 0006 68656174 		.ascii	"heatStatus\000"
 904      53746174 
 904      757300
 905              	.LASF34:
 906 0011 433A5C55 		.ascii	"C:\\Users\\Lasse\\Documents\\GitHub\\PSoC_Master\\P"
 906      73657273 
 906      5C4C6173 
 906      73655C44 
 906      6F63756D 
 907 003e 536F435F 		.ascii	"SoC_Master\\PSoC_Master.cydsn\000"
 907      4D617374 
 907      65725C50 
 907      536F435F 
 907      4D617374 
 908              	.LASF4:
 909 005b 6C6F6E67 		.ascii	"long int\000"
 909      20696E74 
 909      00
 910              	.LASF3:
 911 0064 73686F72 		.ascii	"short unsigned int\000"
 911      7420756E 
 911      7369676E 
 911      65642069 
 911      6E7400
 912              	.LASF30:
 913 0077 72657370 		.ascii	"respondIrri\000"
 913      6F6E6449 
 913      72726900 
 914              	.LASF11:
 915 0083 666C6F61 		.ascii	"float\000"
 915      7400
 916              	.LASF32:
 917 0089 474E5520 		.ascii	"GNU C 4.8.4 20140526 (release) [ARM/embedded-4_8-br"
 917      4320342E 
 917      382E3420 
 917      32303134 
 917      30353236 
 918 00bc 616E6368 		.ascii	"anch revision 211358] -mcpu=cortex-m0 -mthumb -g -O"
 918      20726576 
 918      6973696F 
 918      6E203231 
 918      31333538 
 919 00ef 30202D66 		.ascii	"0 -ffunction-sections\000"
 919      66756E63 
 919      74696F6E 
 919      2D736563 
 919      74696F6E 
 920              	.LASF1:
 921 0105 756E7369 		.ascii	"unsigned char\000"
ARM GAS  C:\Users\Lasse\AppData\Local\Temp\ccYV4AZh.s 			page 19


 921      676E6564 
 921      20636861 
 921      7200
 922              	.LASF25:
 923 0113 6F6E4F66 		.ascii	"onOff\000"
 923      6600
 924              	.LASF35:
 925 0119 696E6974 		.ascii	"initUART\000"
 925      55415254 
 925      00
 926              	.LASF5:
 927 0122 6C6F6E67 		.ascii	"long unsigned int\000"
 927      20756E73 
 927      69676E65 
 927      6420696E 
 927      7400
 928              	.LASF17:
 929 0134 74656D70 		.ascii	"temp\000"
 929      00
 930              	.LASF9:
 931 0139 75696E74 		.ascii	"uint8\000"
 931      3800
 932              	.LASF26:
 933 013f 72657370 		.ascii	"respondWin\000"
 933      6F6E6457 
 933      696E00
 934              	.LASF12:
 935 014a 646F7562 		.ascii	"double\000"
 935      6C6500
 936              	.LASF22:
 937 0151 736F696C 		.ascii	"soilHum\000"
 937      48756D00 
 938              	.LASF36:
 939 0159 646B5265 		.ascii	"dkRequest\000"
 939      71756573 
 939      7400
 940              	.LASF29:
 941 0163 76656E74 		.ascii	"ventStatus\000"
 941      53746174 
 941      757300
 942              	.LASF10:
 943 016e 696E7438 		.ascii	"int8\000"
 943      00
 944              	.LASF8:
 945 0173 756E7369 		.ascii	"unsigned int\000"
 945      676E6564 
 945      20696E74 
 945      00
 946              	.LASF16:
 947 0180 72657370 		.ascii	"respondHum\000"
 947      6F6E6448 
 947      756D00
 948              	.LASF28:
 949 018b 72657370 		.ascii	"respondVent\000"
 949      6F6E6456 
 949      656E7400 
 950              	.LASF7:
ARM GAS  C:\Users\Lasse\AppData\Local\Temp\ccYV4AZh.s 			page 20


 951 0197 6C6F6E67 		.ascii	"long long unsigned int\000"
 951      206C6F6E 
 951      6720756E 
 951      7369676E 
 951      65642069 
 952              	.LASF15:
 953 01ae 72657370 		.ascii	"respondTemp\000"
 953      6F6E6454 
 953      656D7000 
 954              	.LASF18:
 955 01ba 72657370 		.ascii	"respondLight\000"
 955      6F6E644C 
 955      69676874 
 955      00
 956              	.LASF27:
 957 01c7 77696E53 		.ascii	"winStatus\000"
 957      74617475 
 957      7300
 958              	.LASF37:
 959 01d1 72656365 		.ascii	"receivedCommand\000"
 959      69766564 
 959      436F6D6D 
 959      616E6400 
 960              	.LASF14:
 961 01e1 73697A65 		.ascii	"sizetype\000"
 961      74797065 
 961      00
 962              	.LASF6:
 963 01ea 6C6F6E67 		.ascii	"long long int\000"
 963      206C6F6E 
 963      6720696E 
 963      7400
 964              	.LASF13:
 965 01f8 63686172 		.ascii	"char\000"
 965      00
 966              	.LASF23:
 967 01fd 72657370 		.ascii	"respondHeat\000"
 967      6F6E6448 
 967      65617400 
 968              	.LASF31:
 969 0209 69727269 		.ascii	"irriStatus\000"
 969      53746174 
 969      757300
 970              	.LASF2:
 971 0214 73686F72 		.ascii	"short int\000"
 971      7420696E 
 971      7400
 972              	.LASF21:
 973 021e 696E6465 		.ascii	"index\000"
 973      7800
 974              	.LASF33:
 975 0224 2E5C5541 		.ascii	".\\UART_Class.c\000"
 975      52545F43 
 975      6C617373 
 975      2E6300
 976              	.LASF20:
 977 0233 72657370 		.ascii	"respondSoilHum\000"
ARM GAS  C:\Users\Lasse\AppData\Local\Temp\ccYV4AZh.s 			page 21


 977      6F6E6453 
 977      6F696C48 
 977      756D00
 978              	.LASF0:
 979 0242 7369676E 		.ascii	"signed char\000"
 979      65642063 
 979      68617200 
 980              		.ident	"GCC: (GNU Tools for ARM Embedded Processors) 4.8.4 20140526 (release) [ARM/embedded-4_8-br
