ARM GAS  C:\Users\Philip\AppData\Local\Temp\cc5J8Kbm.s 			page 1


   1              		.cpu cortex-m0
   2              		.fpu softvfp
   3              		.eabi_attribute 20, 1
   4              		.eabi_attribute 21, 1
   5              		.eabi_attribute 23, 3
   6              		.eabi_attribute 24, 1
   7              		.eabi_attribute 25, 1
   8              		.eabi_attribute 26, 1
   9              		.eabi_attribute 30, 6
  10              		.eabi_attribute 34, 0
  11              		.eabi_attribute 18, 4
  12              		.code	16
  13              		.file	"main.c"
  14              		.text
  15              	.Ltext0:
  16              		.cfi_sections	.debug_frame
  17              		.comm	receivedCommand,1,1
  18              		.section	.text.main,"ax",%progbits
  19              		.align	2
  20              		.global	main
  21              		.code	16
  22              		.thumb_func
  23              		.type	main, %function
  24              	main:
  25              	.LFB33:
  26              		.file 1 ".\\main.c"
   1:.\main.c      **** /* ========================================
   2:.\main.c      ****  * 
   3:.\main.c      ****  * AutoGreen - PSoC_Master
   4:.\main.c      ****  * main.c
   5:.\main.c      ****  * (Description)
   6:.\main.c      ****  * PRJ3 - GRP9
   7:.\main.c      ****  * 2015-04-15
   8:.\main.c      ****  *
   9:.\main.c      ****  * ========================================
  10:.\main.c      **** */
  11:.\main.c      **** 
  12:.\main.c      **** // Include files
  13:.\main.c      **** #include <project.h>
  14:.\main.c      **** #include "DSP_Class.h"
  15:.\main.c      **** #include "I2C_Class.h"
  16:.\main.c      **** #include "PSoC_Master_Class.h"
  17:.\main.c      **** #include "UART_Class.h"
  18:.\main.c      **** 
  19:.\main.c      **** 
  20:.\main.c      **** int main(){
  27              		.loc 1 20 0
  28              		.cfi_startproc
  29 0000 80B5     		push	{r7, lr}
  30              		.cfi_def_cfa_offset 8
  31              		.cfi_offset 7, -8
  32              		.cfi_offset 14, -4
  33 0002 00AF     		add	r7, sp, #0
  34              		.cfi_def_cfa_register 7
  21:.\main.c      ****     // Init
  22:.\main.c      ****     initDSP();
  35              		.loc 1 22 0
ARM GAS  C:\Users\Philip\AppData\Local\Temp\cc5J8Kbm.s 			page 2


  36 0004 FFF7FEFF 		bl	initDSP
  23:.\main.c      ****     initI2C();
  37              		.loc 1 23 0
  38 0008 FFF7FEFF 		bl	initI2C
  24:.\main.c      ****     initPSoC_Master();
  39              		.loc 1 24 0
  40 000c FFF7FEFF 		bl	initPSoC_Master
  25:.\main.c      ****     initUART();
  41              		.loc 1 25 0
  42 0010 FFF7FEFF 		bl	initUART
  26:.\main.c      **** 
  27:.\main.c      ****     CyGlobalIntEnable;      // Global interrupt enable
  43              		.loc 1 27 0
  44              	@ 27 ".\main.c" 1
  45 0014 62B6     		CPSIE   i
  46              	@ 0 "" 2
  47              		.code	16
  48              	.L2:
  28:.\main.c      **** 
  29:.\main.c      ****     for(;;){
  30:.\main.c      ****         uartIntHandler();
  49              		.loc 1 30 0 discriminator 1
  50 0016 FFF7FEFF 		bl	uartIntHandler
  31:.\main.c      ****         timerIntHandler();
  51              		.loc 1 31 0 discriminator 1
  52 001a FFF7FEFF 		bl	timerIntHandler
  32:.\main.c      ****     }
  53              		.loc 1 32 0 discriminator 1
  54 001e FAE7     		b	.L2
  55              		.cfi_endproc
  56              	.LFE33:
  57              		.size	main, .-main
  58              		.text
  59              	.Letext0:
  60              		.file 2 ".\\Generated_Source\\PSoC4/cytypes.h"
  61              		.file 3 ".\\UART_Class.h"
  62              		.section	.debug_info,"",%progbits
  63              	.Ldebug_info0:
  64 0000 B5000000 		.4byte	0xb5
  65 0004 0400     		.2byte	0x4
  66 0006 00000000 		.4byte	.Ldebug_abbrev0
  67 000a 04       		.byte	0x4
  68 000b 01       		.uleb128 0x1
  69 000c 4F000000 		.4byte	.LASF13
  70 0010 01       		.byte	0x1
  71 0011 77010000 		.4byte	.LASF14
  72 0015 08010000 		.4byte	.LASF15
  73 0019 00000000 		.4byte	.Ldebug_ranges0+0
  74 001d 00000000 		.4byte	0
  75 0021 00000000 		.4byte	.Ldebug_line0
  76 0025 02       		.uleb128 0x2
  77 0026 01       		.byte	0x1
  78 0027 06       		.byte	0x6
  79 0028 65010000 		.4byte	.LASF0
  80 002c 02       		.uleb128 0x2
  81 002d 01       		.byte	0x1
  82 002e 08       		.byte	0x8
ARM GAS  C:\Users\Philip\AppData\Local\Temp\cc5J8Kbm.s 			page 3


  83 002f DB000000 		.4byte	.LASF1
  84 0033 02       		.uleb128 0x2
  85 0034 02       		.byte	0x2
  86 0035 05       		.byte	0x5
  87 0036 F7000000 		.4byte	.LASF2
  88 003a 02       		.uleb128 0x2
  89 003b 02       		.byte	0x2
  90 003c 07       		.byte	0x7
  91 003d 52010000 		.4byte	.LASF3
  92 0041 02       		.uleb128 0x2
  93 0042 04       		.byte	0x4
  94 0043 05       		.byte	0x5
  95 0044 EE000000 		.4byte	.LASF4
  96 0048 02       		.uleb128 0x2
  97 0049 04       		.byte	0x4
  98 004a 07       		.byte	0x7
  99 004b 26000000 		.4byte	.LASF5
 100 004f 02       		.uleb128 0x2
 101 0050 08       		.byte	0x8
 102 0051 05       		.byte	0x5
 103 0052 00000000 		.4byte	.LASF6
 104 0056 02       		.uleb128 0x2
 105 0057 08       		.byte	0x8
 106 0058 07       		.byte	0x7
 107 0059 38000000 		.4byte	.LASF7
 108 005d 03       		.uleb128 0x3
 109 005e 04       		.byte	0x4
 110 005f 05       		.byte	0x5
 111 0060 696E7400 		.ascii	"int\000"
 112 0064 02       		.uleb128 0x2
 113 0065 04       		.byte	0x4
 114 0066 07       		.byte	0x7
 115 0067 0E000000 		.4byte	.LASF8
 116 006b 04       		.uleb128 0x4
 117 006c 20000000 		.4byte	.LASF16
 118 0070 02       		.byte	0x2
 119 0071 A1       		.byte	0xa1
 120 0072 2C000000 		.4byte	0x2c
 121 0076 02       		.uleb128 0x2
 122 0077 04       		.byte	0x4
 123 0078 04       		.byte	0x4
 124 0079 71010000 		.4byte	.LASF9
 125 007d 02       		.uleb128 0x2
 126 007e 08       		.byte	0x8
 127 007f 04       		.byte	0x4
 128 0080 01010000 		.4byte	.LASF10
 129 0084 02       		.uleb128 0x2
 130 0085 01       		.byte	0x1
 131 0086 08       		.byte	0x8
 132 0087 E9000000 		.4byte	.LASF11
 133 008b 02       		.uleb128 0x2
 134 008c 04       		.byte	0x4
 135 008d 07       		.byte	0x7
 136 008e 80010000 		.4byte	.LASF12
 137 0092 05       		.uleb128 0x5
 138 0093 1B000000 		.4byte	.LASF17
 139 0097 01       		.byte	0x1
ARM GAS  C:\Users\Philip\AppData\Local\Temp\cc5J8Kbm.s 			page 4


 140 0098 14       		.byte	0x14
 141 0099 5D000000 		.4byte	0x5d
 142 009d 00000000 		.4byte	.LFB33
 143 00a1 20000000 		.4byte	.LFE33-.LFB33
 144 00a5 01       		.uleb128 0x1
 145 00a6 9C       		.byte	0x9c
 146 00a7 06       		.uleb128 0x6
 147 00a8 CB000000 		.4byte	.LASF18
 148 00ac 03       		.byte	0x3
 149 00ad 12       		.byte	0x12
 150 00ae 6B000000 		.4byte	0x6b
 151 00b2 05       		.uleb128 0x5
 152 00b3 03       		.byte	0x3
 153 00b4 00000000 		.4byte	receivedCommand
 154 00b8 00       		.byte	0
 155              		.section	.debug_abbrev,"",%progbits
 156              	.Ldebug_abbrev0:
 157 0000 01       		.uleb128 0x1
 158 0001 11       		.uleb128 0x11
 159 0002 01       		.byte	0x1
 160 0003 25       		.uleb128 0x25
 161 0004 0E       		.uleb128 0xe
 162 0005 13       		.uleb128 0x13
 163 0006 0B       		.uleb128 0xb
 164 0007 03       		.uleb128 0x3
 165 0008 0E       		.uleb128 0xe
 166 0009 1B       		.uleb128 0x1b
 167 000a 0E       		.uleb128 0xe
 168 000b 55       		.uleb128 0x55
 169 000c 17       		.uleb128 0x17
 170 000d 11       		.uleb128 0x11
 171 000e 01       		.uleb128 0x1
 172 000f 10       		.uleb128 0x10
 173 0010 17       		.uleb128 0x17
 174 0011 00       		.byte	0
 175 0012 00       		.byte	0
 176 0013 02       		.uleb128 0x2
 177 0014 24       		.uleb128 0x24
 178 0015 00       		.byte	0
 179 0016 0B       		.uleb128 0xb
 180 0017 0B       		.uleb128 0xb
 181 0018 3E       		.uleb128 0x3e
 182 0019 0B       		.uleb128 0xb
 183 001a 03       		.uleb128 0x3
 184 001b 0E       		.uleb128 0xe
 185 001c 00       		.byte	0
 186 001d 00       		.byte	0
 187 001e 03       		.uleb128 0x3
 188 001f 24       		.uleb128 0x24
 189 0020 00       		.byte	0
 190 0021 0B       		.uleb128 0xb
 191 0022 0B       		.uleb128 0xb
 192 0023 3E       		.uleb128 0x3e
 193 0024 0B       		.uleb128 0xb
 194 0025 03       		.uleb128 0x3
 195 0026 08       		.uleb128 0x8
 196 0027 00       		.byte	0
ARM GAS  C:\Users\Philip\AppData\Local\Temp\cc5J8Kbm.s 			page 5


 197 0028 00       		.byte	0
 198 0029 04       		.uleb128 0x4
 199 002a 16       		.uleb128 0x16
 200 002b 00       		.byte	0
 201 002c 03       		.uleb128 0x3
 202 002d 0E       		.uleb128 0xe
 203 002e 3A       		.uleb128 0x3a
 204 002f 0B       		.uleb128 0xb
 205 0030 3B       		.uleb128 0x3b
 206 0031 0B       		.uleb128 0xb
 207 0032 49       		.uleb128 0x49
 208 0033 13       		.uleb128 0x13
 209 0034 00       		.byte	0
 210 0035 00       		.byte	0
 211 0036 05       		.uleb128 0x5
 212 0037 2E       		.uleb128 0x2e
 213 0038 00       		.byte	0
 214 0039 3F       		.uleb128 0x3f
 215 003a 19       		.uleb128 0x19
 216 003b 03       		.uleb128 0x3
 217 003c 0E       		.uleb128 0xe
 218 003d 3A       		.uleb128 0x3a
 219 003e 0B       		.uleb128 0xb
 220 003f 3B       		.uleb128 0x3b
 221 0040 0B       		.uleb128 0xb
 222 0041 49       		.uleb128 0x49
 223 0042 13       		.uleb128 0x13
 224 0043 11       		.uleb128 0x11
 225 0044 01       		.uleb128 0x1
 226 0045 12       		.uleb128 0x12
 227 0046 06       		.uleb128 0x6
 228 0047 40       		.uleb128 0x40
 229 0048 18       		.uleb128 0x18
 230 0049 9642     		.uleb128 0x2116
 231 004b 19       		.uleb128 0x19
 232 004c 00       		.byte	0
 233 004d 00       		.byte	0
 234 004e 06       		.uleb128 0x6
 235 004f 34       		.uleb128 0x34
 236 0050 00       		.byte	0
 237 0051 03       		.uleb128 0x3
 238 0052 0E       		.uleb128 0xe
 239 0053 3A       		.uleb128 0x3a
 240 0054 0B       		.uleb128 0xb
 241 0055 3B       		.uleb128 0x3b
 242 0056 0B       		.uleb128 0xb
 243 0057 49       		.uleb128 0x49
 244 0058 13       		.uleb128 0x13
 245 0059 3F       		.uleb128 0x3f
 246 005a 19       		.uleb128 0x19
 247 005b 02       		.uleb128 0x2
 248 005c 18       		.uleb128 0x18
 249 005d 00       		.byte	0
 250 005e 00       		.byte	0
 251 005f 00       		.byte	0
 252              		.section	.debug_aranges,"",%progbits
 253 0000 1C000000 		.4byte	0x1c
ARM GAS  C:\Users\Philip\AppData\Local\Temp\cc5J8Kbm.s 			page 6


 254 0004 0200     		.2byte	0x2
 255 0006 00000000 		.4byte	.Ldebug_info0
 256 000a 04       		.byte	0x4
 257 000b 00       		.byte	0
 258 000c 0000     		.2byte	0
 259 000e 0000     		.2byte	0
 260 0010 00000000 		.4byte	.LFB33
 261 0014 20000000 		.4byte	.LFE33-.LFB33
 262 0018 00000000 		.4byte	0
 263 001c 00000000 		.4byte	0
 264              		.section	.debug_ranges,"",%progbits
 265              	.Ldebug_ranges0:
 266 0000 00000000 		.4byte	.LFB33
 267 0004 20000000 		.4byte	.LFE33
 268 0008 00000000 		.4byte	0
 269 000c 00000000 		.4byte	0
 270              		.section	.debug_line,"",%progbits
 271              	.Ldebug_line0:
 272 0000 80000000 		.section	.debug_str,"MS",%progbits,1
 272      02005700 
 272      00000201 
 272      FB0E0D00 
 272      01010101 
 273              	.LASF6:
 274 0000 6C6F6E67 		.ascii	"long long int\000"
 274      206C6F6E 
 274      6720696E 
 274      7400
 275              	.LASF8:
 276 000e 756E7369 		.ascii	"unsigned int\000"
 276      676E6564 
 276      20696E74 
 276      00
 277              	.LASF17:
 278 001b 6D61696E 		.ascii	"main\000"
 278      00
 279              	.LASF16:
 280 0020 75696E74 		.ascii	"uint8\000"
 280      3800
 281              	.LASF5:
 282 0026 6C6F6E67 		.ascii	"long unsigned int\000"
 282      20756E73 
 282      69676E65 
 282      6420696E 
 282      7400
 283              	.LASF7:
 284 0038 6C6F6E67 		.ascii	"long long unsigned int\000"
 284      206C6F6E 
 284      6720756E 
 284      7369676E 
 284      65642069 
 285              	.LASF13:
 286 004f 474E5520 		.ascii	"GNU C 4.8.4 20140526 (release) [ARM/embedded-4_8-br"
 286      4320342E 
 286      382E3420 
 286      32303134 
 286      30353236 
ARM GAS  C:\Users\Philip\AppData\Local\Temp\cc5J8Kbm.s 			page 7


 287 0082 616E6368 		.ascii	"anch revision 211358] -mcpu=cortex-m0 -mthumb -g -O"
 287      20726576 
 287      6973696F 
 287      6E203231 
 287      31333538 
 288 00b5 30202D66 		.ascii	"0 -ffunction-sections\000"
 288      66756E63 
 288      74696F6E 
 288      2D736563 
 288      74696F6E 
 289              	.LASF18:
 290 00cb 72656365 		.ascii	"receivedCommand\000"
 290      69766564 
 290      436F6D6D 
 290      616E6400 
 291              	.LASF1:
 292 00db 756E7369 		.ascii	"unsigned char\000"
 292      676E6564 
 292      20636861 
 292      7200
 293              	.LASF11:
 294 00e9 63686172 		.ascii	"char\000"
 294      00
 295              	.LASF4:
 296 00ee 6C6F6E67 		.ascii	"long int\000"
 296      20696E74 
 296      00
 297              	.LASF2:
 298 00f7 73686F72 		.ascii	"short int\000"
 298      7420696E 
 298      7400
 299              	.LASF10:
 300 0101 646F7562 		.ascii	"double\000"
 300      6C6500
 301              	.LASF15:
 302 0108 433A5C55 		.ascii	"C:\\Users\\Philip\\OneDrive\\GitHub\\PSoC_Master\\P"
 302      73657273 
 302      5C506869 
 302      6C69705C 
 302      4F6E6544 
 303 0135 536F435F 		.ascii	"SoC_Master\\PSoC_Master.cydsn\000"
 303      4D617374 
 303      65725C50 
 303      536F435F 
 303      4D617374 
 304              	.LASF3:
 305 0152 73686F72 		.ascii	"short unsigned int\000"
 305      7420756E 
 305      7369676E 
 305      65642069 
 305      6E7400
 306              	.LASF0:
 307 0165 7369676E 		.ascii	"signed char\000"
 307      65642063 
 307      68617200 
 308              	.LASF9:
 309 0171 666C6F61 		.ascii	"float\000"
ARM GAS  C:\Users\Philip\AppData\Local\Temp\cc5J8Kbm.s 			page 8


 309      7400
 310              	.LASF14:
 311 0177 2E5C6D61 		.ascii	".\\main.c\000"
 311      696E2E63 
 311      00
 312              	.LASF12:
 313 0180 73697A65 		.ascii	"sizetype\000"
 313      74797065 
 313      00
 314              		.ident	"GCC: (GNU Tools for ARM Embedded Processors) 4.8.4 20140526 (release) [ARM/embedded-4_8-br
