ARM GAS  C:\Users\Philip\AppData\Local\Temp\ccEYDDpp.s 			page 1


   1              		.cpu cortex-m0
   2              		.fpu softvfp
   3              		.eabi_attribute 20, 1
   4              		.eabi_attribute 21, 1
   5              		.eabi_attribute 23, 3
   6              		.eabi_attribute 24, 1
   7              		.eabi_attribute 25, 1
   8              		.eabi_attribute 26, 1
   9              		.eabi_attribute 30, 6
  10              		.eabi_attribute 34, 0
  11              		.eabi_attribute 18, 4
  12              		.code	16
  13              		.file	"PSoC_Master_Class.c"
  14              		.text
  15              	.Ltext0:
  16              		.cfi_sections	.debug_frame
  17              		.comm	tempTemp,4,4
  18              		.comm	tempSoilHum,12,4
  19              		.global	theState
  20              		.bss
  21              		.type	theState, %object
  22              		.size	theState, 1
  23              	theState:
  24 0000 00       		.space	1
  25              		.global	irrigationIndex
  26              		.type	irrigationIndex, %object
  27              		.size	irrigationIndex, 1
  28              	irrigationIndex:
  29 0001 00       		.space	1
  30              		.comm	buff,1,1
  31              		.global	uartInt
  32              		.type	uartInt, %object
  33              		.size	uartInt, 1
  34              	uartInt:
  35 0002 00       		.space	1
  36              		.global	timerInt
  37              		.type	timerInt, %object
  38              		.size	timerInt, 1
  39              	timerInt:
  40 0003 00       		.space	1
  41              		.section	.text.initPSoC_Master,"ax",%progbits
  42              		.align	2
  43              		.global	initPSoC_Master
  44              		.code	16
  45              		.thumb_func
  46              		.type	initPSoC_Master, %function
  47              	initPSoC_Master:
  48              	.LFB33:
  49              		.file 1 ".\\PSoC_Master_Class.c"
   1:.\PSoC_Master_Class.c **** /* ========================================
   2:.\PSoC_Master_Class.c ****  * 
   3:.\PSoC_Master_Class.c ****  * AutoGreen - PSoC_Master
   4:.\PSoC_Master_Class.c ****  * PSoC_Master_Class.c
   5:.\PSoC_Master_Class.c ****  * (Description)
   6:.\PSoC_Master_Class.c ****  * PRJ3 - GRP9
   7:.\PSoC_Master_Class.c ****  * 2015-04-15
   8:.\PSoC_Master_Class.c ****  *
ARM GAS  C:\Users\Philip\AppData\Local\Temp\ccEYDDpp.s 			page 2


   9:.\PSoC_Master_Class.c ****  * ========================================
  10:.\PSoC_Master_Class.c **** */
  11:.\PSoC_Master_Class.c **** 
  12:.\PSoC_Master_Class.c **** // Include files
  13:.\PSoC_Master_Class.c **** #include "PSoC_Master_Class.h"
  14:.\PSoC_Master_Class.c **** #include "DSP_Class.h"
  15:.\PSoC_Master_Class.c **** #include "I2C_Class.h"
  16:.\PSoC_Master_Class.c **** #include "UART_Class.h"
  17:.\PSoC_Master_Class.c **** 
  18:.\PSoC_Master_Class.c **** //Definitions
  19:.\PSoC_Master_Class.c **** #define CONVERT_TO_ASCII 48
  20:.\PSoC_Master_Class.c **** #define LED_ON 0
  21:.\PSoC_Master_Class.c **** #define LED_OFF 1
  22:.\PSoC_Master_Class.c **** 
  23:.\PSoC_Master_Class.c **** // Private data members
  24:.\PSoC_Master_Class.c **** int32 tempTemp;
  25:.\PSoC_Master_Class.c **** int16 tempSoilHum[6];
  26:.\PSoC_Master_Class.c **** 
  27:.\PSoC_Master_Class.c **** 
  28:.\PSoC_Master_Class.c **** // Private prototypes
  29:.\PSoC_Master_Class.c **** CY_ISR_PROTO(timer_ISR);
  30:.\PSoC_Master_Class.c **** CY_ISR_PROTO(UART_ISR);
  31:.\PSoC_Master_Class.c **** 
  32:.\PSoC_Master_Class.c **** //----------flags0----------
  33:.\PSoC_Master_Class.c **** // Buffers / flags
  34:.\PSoC_Master_Class.c **** typedef enum {IDLE, ADJW, ADJH, ADJV, ADJI, RESP_SOIL_HUM} state;
  35:.\PSoC_Master_Class.c **** volatile state theState = IDLE;
  36:.\PSoC_Master_Class.c **** volatile int8 irrigationIndex = 0;
  37:.\PSoC_Master_Class.c **** uint8 buff;
  38:.\PSoC_Master_Class.c **** uint8 uartInt = 0;
  39:.\PSoC_Master_Class.c **** uint8 timerInt = 0;
  40:.\PSoC_Master_Class.c **** //----------flags1----------
  41:.\PSoC_Master_Class.c **** 
  42:.\PSoC_Master_Class.c **** void initPSoC_Master(void){
  50              		.loc 1 42 0
  51              		.cfi_startproc
  52 0000 80B5     		push	{r7, lr}
  53              		.cfi_def_cfa_offset 8
  54              		.cfi_offset 7, -8
  55              		.cfi_offset 14, -4
  56 0002 00AF     		add	r7, sp, #0
  57              		.cfi_def_cfa_register 7
  43:.\PSoC_Master_Class.c **** 	tempTemp = 0;
  58              		.loc 1 43 0
  59 0004 144B     		ldr	r3, .L2
  60 0006 0022     		mov	r2, #0
  61 0008 1A60     		str	r2, [r3]
  44:.\PSoC_Master_Class.c ****     tempSoilHum[0] = 0;
  62              		.loc 1 44 0
  63 000a 144B     		ldr	r3, .L2+4
  64 000c 0022     		mov	r2, #0
  65 000e 1A80     		strh	r2, [r3]
  45:.\PSoC_Master_Class.c ****     tempSoilHum[1] = 0;
  66              		.loc 1 45 0
  67 0010 124B     		ldr	r3, .L2+4
  68 0012 0022     		mov	r2, #0
  69 0014 5A80     		strh	r2, [r3, #2]
ARM GAS  C:\Users\Philip\AppData\Local\Temp\ccEYDDpp.s 			page 3


  46:.\PSoC_Master_Class.c ****     tempSoilHum[2] = 0;
  70              		.loc 1 46 0
  71 0016 114B     		ldr	r3, .L2+4
  72 0018 0022     		mov	r2, #0
  73 001a 9A80     		strh	r2, [r3, #4]
  47:.\PSoC_Master_Class.c ****     tempSoilHum[3] = 0;
  74              		.loc 1 47 0
  75 001c 0F4B     		ldr	r3, .L2+4
  76 001e 0022     		mov	r2, #0
  77 0020 DA80     		strh	r2, [r3, #6]
  48:.\PSoC_Master_Class.c ****     tempSoilHum[4] = 0;
  78              		.loc 1 48 0
  79 0022 0E4B     		ldr	r3, .L2+4
  80 0024 0022     		mov	r2, #0
  81 0026 1A81     		strh	r2, [r3, #8]
  49:.\PSoC_Master_Class.c ****     tempSoilHum[5] = 0;
  82              		.loc 1 49 0
  83 0028 0C4B     		ldr	r3, .L2+4
  84 002a 0022     		mov	r2, #0
  85 002c 5A81     		strh	r2, [r3, #10]
  50:.\PSoC_Master_Class.c **** 	
  51:.\PSoC_Master_Class.c ****     // ISR
  52:.\PSoC_Master_Class.c ****     UART_ISR_StartEx(UART_ISR);     // Starts UART interrupt component
  86              		.loc 1 52 0
  87 002e 0C4B     		ldr	r3, .L2+8
  88 0030 181C     		mov	r0, r3
  89 0032 FFF7FEFF 		bl	UART_ISR_StartEx
  53:.\PSoC_Master_Class.c ****     timer_ISR_StartEx(timer_ISR);   // Starts timer interrupt component
  90              		.loc 1 53 0
  91 0036 0B4B     		ldr	r3, .L2+12
  92 0038 181C     		mov	r0, r3
  93 003a FFF7FEFF 		bl	timer_ISR_StartEx
  54:.\PSoC_Master_Class.c ****     
  55:.\PSoC_Master_Class.c ****     UART_Start();                   //  Starts UART component
  94              		.loc 1 55 0
  95 003e FFF7FEFF 		bl	UART_Start
  56:.\PSoC_Master_Class.c ****     Timer_Start();                  // Starts timer component
  96              		.loc 1 56 0
  97 0042 FFF7FEFF 		bl	Timer_Start
  57:.\PSoC_Master_Class.c ****     
  58:.\PSoC_Master_Class.c ****     RedLED_Write(LED_OFF);              // Turn off red LED
  98              		.loc 1 58 0
  99 0046 0120     		mov	r0, #1
 100 0048 FFF7FEFF 		bl	RedLED_Write
  59:.\PSoC_Master_Class.c ****     BlueLED_Write(LED_OFF);             // Turn off blue LED
 101              		.loc 1 59 0
 102 004c 0120     		mov	r0, #1
 103 004e FFF7FEFF 		bl	BlueLED_Write
  60:.\PSoC_Master_Class.c **** 
  61:.\PSoC_Master_Class.c **** }
 104              		.loc 1 61 0
 105 0052 BD46     		mov	sp, r7
 106              		@ sp needed
 107 0054 80BD     		pop	{r7, pc}
 108              	.L3:
 109 0056 C046     		.align	2
 110              	.L2:
ARM GAS  C:\Users\Philip\AppData\Local\Temp\ccEYDDpp.s 			page 4


 111 0058 00000000 		.word	tempTemp
 112 005c 00000000 		.word	tempSoilHum
 113 0060 00000000 		.word	UART_ISR
 114 0064 00000000 		.word	timer_ISR
 115              		.cfi_endproc
 116              	.LFE33:
 117              		.size	initPSoC_Master, .-initPSoC_Master
 118              		.section	.text.timer_ISR,"ax",%progbits
 119              		.align	2
 120              		.global	timer_ISR
 121              		.code	16
 122              		.thumb_func
 123              		.type	timer_ISR, %function
 124              	timer_ISR:
 125              	.LFB34:
  62:.\PSoC_Master_Class.c **** 
  63:.\PSoC_Master_Class.c **** // Timer ISR
  64:.\PSoC_Master_Class.c **** CY_ISR(timer_ISR){
 126              		.loc 1 64 0
 127              		.cfi_startproc
 128 0000 80B5     		push	{r7, lr}
 129              		.cfi_def_cfa_offset 8
 130              		.cfi_offset 7, -8
 131              		.cfi_offset 14, -4
 132 0002 00AF     		add	r7, sp, #0
 133              		.cfi_def_cfa_register 7
  65:.\PSoC_Master_Class.c ****     timerInt = 1;
 134              		.loc 1 65 0
 135 0004 034B     		ldr	r3, .L5
 136 0006 0122     		mov	r2, #1
 137 0008 1A70     		strb	r2, [r3]
  66:.\PSoC_Master_Class.c ****     Timer_ReadStatusRegister(); // Resets the interrupt
 138              		.loc 1 66 0
 139 000a FFF7FEFF 		bl	Timer_ReadStatusRegister
  67:.\PSoC_Master_Class.c **** }
 140              		.loc 1 67 0
 141 000e BD46     		mov	sp, r7
 142              		@ sp needed
 143 0010 80BD     		pop	{r7, pc}
 144              	.L6:
 145 0012 C046     		.align	2
 146              	.L5:
 147 0014 00000000 		.word	timerInt
 148              		.cfi_endproc
 149              	.LFE34:
 150              		.size	timer_ISR, .-timer_ISR
 151              		.section	.text.UART_ISR,"ax",%progbits
 152              		.align	2
 153              		.global	UART_ISR
 154              		.code	16
 155              		.thumb_func
 156              		.type	UART_ISR, %function
 157              	UART_ISR:
 158              	.LFB35:
  68:.\PSoC_Master_Class.c **** 
  69:.\PSoC_Master_Class.c **** //----------UART_ISR0----------
  70:.\PSoC_Master_Class.c **** // UART ISR
ARM GAS  C:\Users\Philip\AppData\Local\Temp\ccEYDDpp.s 			page 5


  71:.\PSoC_Master_Class.c **** CY_ISR(UART_ISR){
 159              		.loc 1 71 0
 160              		.cfi_startproc
 161 0000 80B5     		push	{r7, lr}
 162              		.cfi_def_cfa_offset 8
 163              		.cfi_offset 7, -8
 164              		.cfi_offset 14, -4
 165 0002 00AF     		add	r7, sp, #0
 166              		.cfi_def_cfa_register 7
  72:.\PSoC_Master_Class.c ****     uartInt = 1;
 167              		.loc 1 72 0
 168 0004 074B     		ldr	r3, .L8
 169 0006 0122     		mov	r2, #1
 170 0008 1A70     		strb	r2, [r3]
  73:.\PSoC_Master_Class.c ****     buff = dkRequest();
 171              		.loc 1 73 0
 172 000a FFF7FEFF 		bl	dkRequest
 173 000e 031C     		mov	r3, r0
 174 0010 1A1C     		mov	r2, r3
 175 0012 054B     		ldr	r3, .L8+4
 176 0014 1A70     		strb	r2, [r3]
  74:.\PSoC_Master_Class.c ****     UART_ClearRxInterruptSource(UART_GetRxInterruptSourceMasked());     // Clear interrupt flag
 177              		.loc 1 74 0
 178 0016 054B     		ldr	r3, .L8+8
 179 0018 054A     		ldr	r2, .L8+12
 180 001a 1268     		ldr	r2, [r2]
 181 001c 1A60     		str	r2, [r3]
  75:.\PSoC_Master_Class.c **** }
 182              		.loc 1 75 0
 183 001e BD46     		mov	sp, r7
 184              		@ sp needed
 185 0020 80BD     		pop	{r7, pc}
 186              	.L9:
 187 0022 C046     		.align	2
 188              	.L8:
 189 0024 00000000 		.word	uartInt
 190 0028 00000000 		.word	buff
 191 002c C00F0740 		.word	1074204608
 192 0030 CC0F0740 		.word	1074204620
 193              		.cfi_endproc
 194              	.LFE35:
 195              		.size	UART_ISR, .-UART_ISR
 196              		.section	.text.uartIntHandler,"ax",%progbits
 197              		.align	2
 198              		.global	uartIntHandler
 199              		.code	16
 200              		.thumb_func
 201              		.type	uartIntHandler, %function
 202              	uartIntHandler:
 203              	.LFB36:
  76:.\PSoC_Master_Class.c **** //----------UART_ISR1----------
  77:.\PSoC_Master_Class.c **** 
  78:.\PSoC_Master_Class.c **** //----------uartIntHandler0----------
  79:.\PSoC_Master_Class.c **** void uartIntHandler(void){
 204              		.loc 1 79 0
 205              		.cfi_startproc
 206 0000 80B5     		push	{r7, lr}
ARM GAS  C:\Users\Philip\AppData\Local\Temp\ccEYDDpp.s 			page 6


 207              		.cfi_def_cfa_offset 8
 208              		.cfi_offset 7, -8
 209              		.cfi_offset 14, -4
 210 0002 82B0     		sub	sp, sp, #8
 211              		.cfi_def_cfa_offset 16
 212 0004 00AF     		add	r7, sp, #0
 213              		.cfi_def_cfa_register 7
  80:.\PSoC_Master_Class.c ****     if (uartInt){
 214              		.loc 1 80 0
 215 0006 734B     		ldr	r3, .L37
 216 0008 1B78     		ldrb	r3, [r3]
 217 000a 002B     		cmp	r3, #0
 218 000c 00D1     		bne	.LCB139
 219 000e DEE0     		b	.L10	@long jump
 220              	.LCB139:
  81:.\PSoC_Master_Class.c ****         uartInt = 0;
 221              		.loc 1 81 0
 222 0010 704B     		ldr	r3, .L37
 223 0012 0022     		mov	r2, #0
 224 0014 1A70     		strb	r2, [r3]
  82:.\PSoC_Master_Class.c ****         BlueLED_Write(LED_ON);       // Turn on blue LED
 225              		.loc 1 82 0
 226 0016 0020     		mov	r0, #0
 227 0018 FFF7FEFF 		bl	BlueLED_Write
  83:.\PSoC_Master_Class.c ****         
  84:.\PSoC_Master_Class.c ****         if(theState == IDLE){
 228              		.loc 1 84 0
 229 001c 6E4B     		ldr	r3, .L37+4
 230 001e 1B78     		ldrb	r3, [r3]
 231 0020 DBB2     		uxtb	r3, r3
 232 0022 002B     		cmp	r3, #0
 233 0024 34D1     		bne	.L12
  85:.\PSoC_Master_Class.c ****             switch (buff){
 234              		.loc 1 85 0
 235 0026 6D4B     		ldr	r3, .L37+8
 236 0028 1B78     		ldrb	r3, [r3]
 237 002a 463B     		sub	r3, r3, #70
 238 002c 112B     		cmp	r3, #17
 239 002e 2DD8     		bhi	.L36
 240 0030 9A00     		lsl	r2, r3, #2
 241 0032 6B4B     		ldr	r3, .L37+12
 242 0034 D318     		add	r3, r2, r3
 243 0036 1B68     		ldr	r3, [r3]
 244 0038 9F46     		mov	pc, r3
 245              		.section	.rodata
 246              		.align	2
 247              	.L15:
 248 0000 7C000000 		.word	.L14
 249 0004 8C000000 		.word	.L36
 250 0008 48000000 		.word	.L16
 251 000c 8C000000 		.word	.L36
 252 0010 8C000000 		.word	.L36
 253 0014 5A000000 		.word	.L17
 254 0018 8C000000 		.word	.L36
 255 001c 8C000000 		.word	.L36
 256 0020 8C000000 		.word	.L36
 257 0024 8C000000 		.word	.L36
ARM GAS  C:\Users\Philip\AppData\Local\Temp\ccEYDDpp.s 			page 7


 258 0028 8C000000 		.word	.L36
 259 002c 8C000000 		.word	.L36
 260 0030 8C000000 		.word	.L36
 261 0034 84000000 		.word	.L18
 262 0038 3A000000 		.word	.L19
 263 003c 8C000000 		.word	.L36
 264 0040 74000000 		.word	.L20
 265 0044 6C000000 		.word	.L21
 266              		.section	.text.uartIntHandler
 267              	.L19:
  86:.\PSoC_Master_Class.c ****                 case 'T':{ //RequestTemp
  87:.\PSoC_Master_Class.c ****                     respondTemp(getTemp_DSP());		
 268              		.loc 1 87 0
 269 003a FFF7FEFF 		bl	getTemp_DSP
 270 003e 031C     		mov	r3, r0
 271 0040 181C     		mov	r0, r3
 272 0042 FFF7FEFF 		bl	respondTemp
  88:.\PSoC_Master_Class.c ****                     break;
 273              		.loc 1 88 0
 274 0046 22E0     		b	.L22
 275              	.L16:
  89:.\PSoC_Master_Class.c ****                 }     
  90:.\PSoC_Master_Class.c ****                 case 'H':{ //TurnHeatOn
  91:.\PSoC_Master_Class.c ****                     // 0x7 is the maximum value.
  92:.\PSoC_Master_Class.c ****                     respondHeat(adjustHeat(0x7), 'H');
 276              		.loc 1 92 0
 277 0048 0720     		mov	r0, #7
 278 004a FFF7FEFF 		bl	adjustHeat
 279 004e 031C     		mov	r3, r0
 280 0050 181C     		mov	r0, r3
 281 0052 4821     		mov	r1, #72
 282 0054 FFF7FEFF 		bl	respondHeat
  93:.\PSoC_Master_Class.c ****                     break;
 283              		.loc 1 93 0
 284 0058 19E0     		b	.L22
 285              	.L17:
  94:.\PSoC_Master_Class.c ****                 }
  95:.\PSoC_Master_Class.c ****                 case 'K':{ //TurnHeatOff
  96:.\PSoC_Master_Class.c ****                     // 0x0 is the minimum value.
  97:.\PSoC_Master_Class.c ****                     respondHeat(adjustHeat(0x0), 'K');
 286              		.loc 1 97 0
 287 005a 0020     		mov	r0, #0
 288 005c FFF7FEFF 		bl	adjustHeat
 289 0060 031C     		mov	r3, r0
 290 0062 181C     		mov	r0, r3
 291 0064 4B21     		mov	r1, #75
 292 0066 FFF7FEFF 		bl	respondHeat
  98:.\PSoC_Master_Class.c ****                     break;
 293              		.loc 1 98 0
 294 006a 10E0     		b	.L22
 295              	.L21:
  99:.\PSoC_Master_Class.c ****                 }
 100:.\PSoC_Master_Class.c ****                 case 'W':{ //AdjustWindow
 101:.\PSoC_Master_Class.c ****                     theState = ADJW;
 296              		.loc 1 101 0
 297 006c 5A4B     		ldr	r3, .L37+4
 298 006e 0122     		mov	r2, #1
ARM GAS  C:\Users\Philip\AppData\Local\Temp\ccEYDDpp.s 			page 8


 299 0070 1A70     		strb	r2, [r3]
 102:.\PSoC_Master_Class.c ****                     break;
 300              		.loc 1 102 0
 301 0072 0CE0     		b	.L22
 302              	.L20:
 103:.\PSoC_Master_Class.c ****                 }
 104:.\PSoC_Master_Class.c ****                 case 'V':{ //Ventilation
 105:.\PSoC_Master_Class.c ****                     theState = ADJV;
 303              		.loc 1 105 0
 304 0074 584B     		ldr	r3, .L37+4
 305 0076 0322     		mov	r2, #3
 306 0078 1A70     		strb	r2, [r3]
 106:.\PSoC_Master_Class.c ****                     break;
 307              		.loc 1 106 0
 308 007a 08E0     		b	.L22
 309              	.L14:
 107:.\PSoC_Master_Class.c ****                 }
 108:.\PSoC_Master_Class.c ****                 case 'F':{ //Watering
 109:.\PSoC_Master_Class.c ****                     theState = ADJI;
 310              		.loc 1 109 0
 311 007c 564B     		ldr	r3, .L37+4
 312 007e 0422     		mov	r2, #4
 313 0080 1A70     		strb	r2, [r3]
 110:.\PSoC_Master_Class.c ****                     break;
 314              		.loc 1 110 0
 315 0082 04E0     		b	.L22
 316              	.L18:
 111:.\PSoC_Master_Class.c ****                 }
 112:.\PSoC_Master_Class.c ****                 case 'S':{
 113:.\PSoC_Master_Class.c ****                     theState = RESP_SOIL_HUM;
 317              		.loc 1 113 0
 318 0084 544B     		ldr	r3, .L37+4
 319 0086 0522     		mov	r2, #5
 320 0088 1A70     		strb	r2, [r3]
 114:.\PSoC_Master_Class.c ****                     break;
 321              		.loc 1 114 0
 322 008a 00E0     		b	.L22
 323              	.L36:
 115:.\PSoC_Master_Class.c ****                 }
 116:.\PSoC_Master_Class.c ****                 default:{
 117:.\PSoC_Master_Class.c ****                     // Do nothing - let the DevKit8000 timeout
 118:.\PSoC_Master_Class.c ****                     break;
 324              		.loc 1 118 0
 325 008c C046     		mov	r8, r8
 326              	.L22:
 327 008e 98E0     		b	.L23
 328              	.L12:
 119:.\PSoC_Master_Class.c ****                 }
 120:.\PSoC_Master_Class.c ****             }
 121:.\PSoC_Master_Class.c ****         }
 122:.\PSoC_Master_Class.c ****         else if(theState == ADJW){
 329              		.loc 1 122 0
 330 0090 514B     		ldr	r3, .L37+4
 331 0092 1B78     		ldrb	r3, [r3]
 332 0094 DBB2     		uxtb	r3, r3
 333 0096 012B     		cmp	r3, #1
 334 0098 16D1     		bne	.L24
ARM GAS  C:\Users\Philip\AppData\Local\Temp\ccEYDDpp.s 			page 9


 123:.\PSoC_Master_Class.c ****             if(buff-CONVERT_TO_ASCII == 1){
 335              		.loc 1 123 0
 336 009a 504B     		ldr	r3, .L37+8
 337 009c 1B78     		ldrb	r3, [r3]
 338 009e 312B     		cmp	r3, #49
 339 00a0 07D1     		bne	.L25
 124:.\PSoC_Master_Class.c ****                 respondWin(adjustWindow(0xFF));
 340              		.loc 1 124 0
 341 00a2 FF20     		mov	r0, #255
 342 00a4 FFF7FEFF 		bl	adjustWindow
 343 00a8 031C     		mov	r3, r0
 344 00aa 181C     		mov	r0, r3
 345 00ac FFF7FEFF 		bl	respondWin
 346 00b0 06E0     		b	.L26
 347              	.L25:
 125:.\PSoC_Master_Class.c ****             }
 126:.\PSoC_Master_Class.c ****             else{
 127:.\PSoC_Master_Class.c ****                 respondWin(adjustWindow(0x00));
 348              		.loc 1 127 0
 349 00b2 0020     		mov	r0, #0
 350 00b4 FFF7FEFF 		bl	adjustWindow
 351 00b8 031C     		mov	r3, r0
 352 00ba 181C     		mov	r0, r3
 353 00bc FFF7FEFF 		bl	respondWin
 354              	.L26:
 128:.\PSoC_Master_Class.c ****             }
 129:.\PSoC_Master_Class.c ****             theState = IDLE;
 355              		.loc 1 129 0 discriminator 1
 356 00c0 454B     		ldr	r3, .L37+4
 357 00c2 0022     		mov	r2, #0
 358 00c4 1A70     		strb	r2, [r3]
 359 00c6 7CE0     		b	.L23
 360              	.L24:
 130:.\PSoC_Master_Class.c ****         }
 131:.\PSoC_Master_Class.c ****         else if(theState == ADJV){
 361              		.loc 1 131 0
 362 00c8 434B     		ldr	r3, .L37+4
 363 00ca 1B78     		ldrb	r3, [r3]
 364 00cc DBB2     		uxtb	r3, r3
 365 00ce 032B     		cmp	r3, #3
 366 00d0 16D1     		bne	.L27
 132:.\PSoC_Master_Class.c ****             if(buff-CONVERT_TO_ASCII == 1){
 367              		.loc 1 132 0
 368 00d2 424B     		ldr	r3, .L37+8
 369 00d4 1B78     		ldrb	r3, [r3]
 370 00d6 312B     		cmp	r3, #49
 371 00d8 07D1     		bne	.L28
 133:.\PSoC_Master_Class.c ****                 respondVent(adjustVentilation(0xFF));
 372              		.loc 1 133 0
 373 00da FF20     		mov	r0, #255
 374 00dc FFF7FEFF 		bl	adjustVentilation
 375 00e0 031C     		mov	r3, r0
 376 00e2 181C     		mov	r0, r3
 377 00e4 FFF7FEFF 		bl	respondVent
 378 00e8 06E0     		b	.L29
 379              	.L28:
 134:.\PSoC_Master_Class.c ****             }
ARM GAS  C:\Users\Philip\AppData\Local\Temp\ccEYDDpp.s 			page 10


 135:.\PSoC_Master_Class.c ****             else{
 136:.\PSoC_Master_Class.c ****                 respondVent(adjustVentilation(0x00));
 380              		.loc 1 136 0
 381 00ea 0020     		mov	r0, #0
 382 00ec FFF7FEFF 		bl	adjustVentilation
 383 00f0 031C     		mov	r3, r0
 384 00f2 181C     		mov	r0, r3
 385 00f4 FFF7FEFF 		bl	respondVent
 386              	.L29:
 137:.\PSoC_Master_Class.c ****             }
 138:.\PSoC_Master_Class.c ****             theState = IDLE;
 387              		.loc 1 138 0 discriminator 2
 388 00f8 374B     		ldr	r3, .L37+4
 389 00fa 0022     		mov	r2, #0
 390 00fc 1A70     		strb	r2, [r3]
 391 00fe 60E0     		b	.L23
 392              	.L27:
 139:.\PSoC_Master_Class.c ****         }
 140:.\PSoC_Master_Class.c ****         else if(theState == ADJI){
 393              		.loc 1 140 0
 394 0100 354B     		ldr	r3, .L37+4
 395 0102 1B78     		ldrb	r3, [r3]
 396 0104 DBB2     		uxtb	r3, r3
 397 0106 042B     		cmp	r3, #4
 398 0108 3ED1     		bne	.L30
 141:.\PSoC_Master_Class.c ****             if (!irrigationIndex){
 399              		.loc 1 141 0
 400 010a 364B     		ldr	r3, .L37+16
 401 010c 1B78     		ldrb	r3, [r3]
 402 010e DBB2     		uxtb	r3, r3
 403 0110 002B     		cmp	r3, #0
 404 0112 07D1     		bne	.L31
 142:.\PSoC_Master_Class.c ****                 irrigationIndex = buff - CONVERT_TO_ASCII;
 405              		.loc 1 142 0
 406 0114 314B     		ldr	r3, .L37+8
 407 0116 1B78     		ldrb	r3, [r3]
 408 0118 303B     		sub	r3, r3, #48
 409 011a DBB2     		uxtb	r3, r3
 410 011c DAB2     		uxtb	r2, r3
 411 011e 314B     		ldr	r3, .L37+16
 412 0120 1A70     		strb	r2, [r3]
 413 0122 4EE0     		b	.L23
 414              	.L31:
 143:.\PSoC_Master_Class.c ****             }
 144:.\PSoC_Master_Class.c ****             else{
 145:.\PSoC_Master_Class.c ****                 if (buff-CONVERT_TO_ASCII == 1){
 415              		.loc 1 145 0
 416 0124 2D4B     		ldr	r3, .L37+8
 417 0126 1B78     		ldrb	r3, [r3]
 418 0128 312B     		cmp	r3, #49
 419 012a 0ED1     		bne	.L33
 146:.\PSoC_Master_Class.c ****                     respondIrri(adjustIrrigation(irrigationIndex - 1, 0xFF));
 420              		.loc 1 146 0
 421 012c 2D4B     		ldr	r3, .L37+16
 422 012e 1B78     		ldrb	r3, [r3]
 423 0130 DBB2     		uxtb	r3, r3
 424 0132 DBB2     		uxtb	r3, r3
ARM GAS  C:\Users\Philip\AppData\Local\Temp\ccEYDDpp.s 			page 11


 425 0134 013B     		sub	r3, r3, #1
 426 0136 DBB2     		uxtb	r3, r3
 427 0138 181C     		mov	r0, r3
 428 013a FF21     		mov	r1, #255
 429 013c FFF7FEFF 		bl	adjustIrrigation
 430 0140 031C     		mov	r3, r0
 431 0142 181C     		mov	r0, r3
 432 0144 FFF7FEFF 		bl	respondIrri
 433 0148 17E0     		b	.L34
 434              	.L33:
 147:.\PSoC_Master_Class.c ****                 }
 148:.\PSoC_Master_Class.c ****                 else if(buff - CONVERT_TO_ASCII == 0){
 435              		.loc 1 148 0
 436 014a 244B     		ldr	r3, .L37+8
 437 014c 1B78     		ldrb	r3, [r3]
 438 014e 302B     		cmp	r3, #48
 439 0150 0ED1     		bne	.L35
 149:.\PSoC_Master_Class.c ****                     respondIrri(adjustIrrigation(irrigationIndex - 1, 0x00));
 440              		.loc 1 149 0
 441 0152 244B     		ldr	r3, .L37+16
 442 0154 1B78     		ldrb	r3, [r3]
 443 0156 DBB2     		uxtb	r3, r3
 444 0158 DBB2     		uxtb	r3, r3
 445 015a 013B     		sub	r3, r3, #1
 446 015c DBB2     		uxtb	r3, r3
 447 015e 181C     		mov	r0, r3
 448 0160 0021     		mov	r1, #0
 449 0162 FFF7FEFF 		bl	adjustIrrigation
 450 0166 031C     		mov	r3, r0
 451 0168 181C     		mov	r0, r3
 452 016a FFF7FEFF 		bl	respondIrri
 453 016e 04E0     		b	.L34
 454              	.L35:
 150:.\PSoC_Master_Class.c ****                 }
 151:.\PSoC_Master_Class.c ****                 else{
 152:.\PSoC_Master_Class.c ****                     respondIrri(-1); //Bad argument
 455              		.loc 1 152 0
 456 0170 0123     		mov	r3, #1
 457 0172 5B42     		neg	r3, r3
 458 0174 181C     		mov	r0, r3
 459 0176 FFF7FEFF 		bl	respondIrri
 460              	.L34:
 153:.\PSoC_Master_Class.c ****                 }
 154:.\PSoC_Master_Class.c ****                 irrigationIndex = 0;
 461              		.loc 1 154 0
 462 017a 1A4B     		ldr	r3, .L37+16
 463 017c 0022     		mov	r2, #0
 464 017e 1A70     		strb	r2, [r3]
 155:.\PSoC_Master_Class.c ****                 theState = IDLE;
 465              		.loc 1 155 0
 466 0180 154B     		ldr	r3, .L37+4
 467 0182 0022     		mov	r2, #0
 468 0184 1A70     		strb	r2, [r3]
 469 0186 1CE0     		b	.L23
 470              	.L30:
 156:.\PSoC_Master_Class.c ****             }
 157:.\PSoC_Master_Class.c ****         }
ARM GAS  C:\Users\Philip\AppData\Local\Temp\ccEYDDpp.s 			page 12


 158:.\PSoC_Master_Class.c ****         else if(theState == RESP_SOIL_HUM){
 471              		.loc 1 158 0
 472 0188 134B     		ldr	r3, .L37+4
 473 018a 1B78     		ldrb	r3, [r3]
 474 018c DBB2     		uxtb	r3, r3
 475 018e 052B     		cmp	r3, #5
 476 0190 17D1     		bne	.L23
 477              	.LBB2:
 159:.\PSoC_Master_Class.c ****             uint8 temp = buff - CONVERT_TO_ASCII - 1; //incoming number is in ASCII 1-6, DSP works 
 478              		.loc 1 159 0
 479 0192 124B     		ldr	r3, .L37+8
 480 0194 1A78     		ldrb	r2, [r3]
 481 0196 FB1D     		add	r3, r7, #7
 482 0198 313A     		sub	r2, r2, #49
 483 019a 1A70     		strb	r2, [r3]
 160:.\PSoC_Master_Class.c ****             if (temp <= 5 && temp >= 0){
 484              		.loc 1 160 0
 485 019c FB1D     		add	r3, r7, #7
 486 019e 1B78     		ldrb	r3, [r3]
 487 01a0 052B     		cmp	r3, #5
 488 01a2 0ED8     		bhi	.L23
 161:.\PSoC_Master_Class.c ****                 respondSoilHum(temp, getSoilHum_DSP(temp));
 489              		.loc 1 161 0
 490 01a4 FB1D     		add	r3, r7, #7
 491 01a6 1B78     		ldrb	r3, [r3]
 492 01a8 181C     		mov	r0, r3
 493 01aa FFF7FEFF 		bl	getSoilHum_DSP
 494 01ae 031C     		mov	r3, r0
 495 01b0 FA1D     		add	r2, r7, #7
 496 01b2 1278     		ldrb	r2, [r2]
 497 01b4 101C     		mov	r0, r2
 498 01b6 191C     		mov	r1, r3
 499 01b8 FFF7FEFF 		bl	respondSoilHum
 162:.\PSoC_Master_Class.c ****                 theState = IDLE;
 500              		.loc 1 162 0
 501 01bc 064B     		ldr	r3, .L37+4
 502 01be 0022     		mov	r2, #0
 503 01c0 1A70     		strb	r2, [r3]
 504              	.L23:
 505              	.LBE2:
 163:.\PSoC_Master_Class.c ****             }
 164:.\PSoC_Master_Class.c ****         }
 165:.\PSoC_Master_Class.c ****         buff = 0;
 506              		.loc 1 165 0
 507 01c2 064B     		ldr	r3, .L37+8
 508 01c4 0022     		mov	r2, #0
 509 01c6 1A70     		strb	r2, [r3]
 166:.\PSoC_Master_Class.c ****         BlueLED_Write(LED_OFF);         // Turn off blue LED
 510              		.loc 1 166 0
 511 01c8 0120     		mov	r0, #1
 512 01ca FFF7FEFF 		bl	BlueLED_Write
 513              	.L10:
 167:.\PSoC_Master_Class.c ****     }
 168:.\PSoC_Master_Class.c **** }
 514              		.loc 1 168 0
 515 01ce BD46     		mov	sp, r7
 516 01d0 02B0     		add	sp, sp, #8
ARM GAS  C:\Users\Philip\AppData\Local\Temp\ccEYDDpp.s 			page 13


 517              		@ sp needed
 518 01d2 80BD     		pop	{r7, pc}
 519              	.L38:
 520              		.align	2
 521              	.L37:
 522 01d4 00000000 		.word	uartInt
 523 01d8 00000000 		.word	theState
 524 01dc 00000000 		.word	buff
 525 01e0 00000000 		.word	.L15
 526 01e4 00000000 		.word	irrigationIndex
 527              		.cfi_endproc
 528              	.LFE36:
 529              		.size	uartIntHandler, .-uartIntHandler
 530              		.section	.text.timerIntHandler,"ax",%progbits
 531              		.align	2
 532              		.global	timerIntHandler
 533              		.code	16
 534              		.thumb_func
 535              		.type	timerIntHandler, %function
 536              	timerIntHandler:
 537              	.LFB37:
 169:.\PSoC_Master_Class.c **** //----------uartIntHandler1----------
 170:.\PSoC_Master_Class.c **** 
 171:.\PSoC_Master_Class.c **** //----------timerIntHandler0----------
 172:.\PSoC_Master_Class.c **** void timerIntHandler(void){
 538              		.loc 1 172 0
 539              		.cfi_startproc
 540 0000 80B5     		push	{r7, lr}
 541              		.cfi_def_cfa_offset 8
 542              		.cfi_offset 7, -8
 543              		.cfi_offset 14, -4
 544 0002 82B0     		sub	sp, sp, #8
 545              		.cfi_def_cfa_offset 16
 546 0004 00AF     		add	r7, sp, #0
 547              		.cfi_def_cfa_register 7
 173:.\PSoC_Master_Class.c ****     if(timerInt){
 548              		.loc 1 173 0
 549 0006 1D4B     		ldr	r3, .L43
 550 0008 1B78     		ldrb	r3, [r3]
 551 000a 002B     		cmp	r3, #0
 552 000c 33D0     		beq	.L39
 174:.\PSoC_Master_Class.c ****         timerInt = 0;           // Reset flag
 553              		.loc 1 174 0
 554 000e 1B4B     		ldr	r3, .L43
 555 0010 0022     		mov	r2, #0
 556 0012 1A70     		strb	r2, [r3]
 175:.\PSoC_Master_Class.c ****         RedLED_Write(LED_ON);   // Turn on red LED
 557              		.loc 1 175 0
 558 0014 0020     		mov	r0, #0
 559 0016 FFF7FEFF 		bl	RedLED_Write
 176:.\PSoC_Master_Class.c ****         
 177:.\PSoC_Master_Class.c ****         // Measure temp and indput to DSP class 
 178:.\PSoC_Master_Class.c ****         getTemp(&tempTemp);
 560              		.loc 1 178 0
 561 001a 194B     		ldr	r3, .L43+4
 562 001c 181C     		mov	r0, r3
 563 001e FFF7FEFF 		bl	getTemp
ARM GAS  C:\Users\Philip\AppData\Local\Temp\ccEYDDpp.s 			page 14


 179:.\PSoC_Master_Class.c ****         inputTemp(&tempTemp);
 564              		.loc 1 179 0
 565 0022 174B     		ldr	r3, .L43+4
 566 0024 181C     		mov	r0, r3
 567 0026 FFF7FEFF 		bl	inputTemp
 568              	.LBB3:
 180:.\PSoC_Master_Class.c ****         
 181:.\PSoC_Master_Class.c ****         // Measure soilhum and indput to DSP class 
 182:.\PSoC_Master_Class.c ****         {
 183:.\PSoC_Master_Class.c ****             uint8 i;
 184:.\PSoC_Master_Class.c ****             for(i = 0; i<6 ; i++){
 569              		.loc 1 184 0
 570 002a FB1D     		add	r3, r7, #7
 571 002c 0022     		mov	r2, #0
 572 002e 1A70     		strb	r2, [r3]
 573 0030 1AE0     		b	.L41
 574              	.L42:
 185:.\PSoC_Master_Class.c ****                 getSoilHum(i, &tempSoilHum[i]);
 575              		.loc 1 185 0 discriminator 2
 576 0032 FB1D     		add	r3, r7, #7
 577 0034 1B78     		ldrb	r3, [r3]
 578 0036 5A00     		lsl	r2, r3, #1
 579 0038 124B     		ldr	r3, .L43+8
 580 003a D318     		add	r3, r2, r3
 581 003c FA1D     		add	r2, r7, #7
 582 003e 1278     		ldrb	r2, [r2]
 583 0040 101C     		mov	r0, r2
 584 0042 191C     		mov	r1, r3
 585 0044 FFF7FEFF 		bl	getSoilHum
 186:.\PSoC_Master_Class.c ****                 inputSoilHum(i, &tempSoilHum[i]);
 586              		.loc 1 186 0 discriminator 2
 587 0048 FB1D     		add	r3, r7, #7
 588 004a 1B78     		ldrb	r3, [r3]
 589 004c 5A00     		lsl	r2, r3, #1
 590 004e 0D4B     		ldr	r3, .L43+8
 591 0050 D318     		add	r3, r2, r3
 592 0052 FA1D     		add	r2, r7, #7
 593 0054 1278     		ldrb	r2, [r2]
 594 0056 101C     		mov	r0, r2
 595 0058 191C     		mov	r1, r3
 596 005a FFF7FEFF 		bl	inputSoilHum
 184:.\PSoC_Master_Class.c ****             for(i = 0; i<6 ; i++){
 597              		.loc 1 184 0 discriminator 2
 598 005e FB1D     		add	r3, r7, #7
 599 0060 1A78     		ldrb	r2, [r3]
 600 0062 FB1D     		add	r3, r7, #7
 601 0064 0132     		add	r2, r2, #1
 602 0066 1A70     		strb	r2, [r3]
 603              	.L41:
 184:.\PSoC_Master_Class.c ****             for(i = 0; i<6 ; i++){
 604              		.loc 1 184 0 is_stmt 0 discriminator 1
 605 0068 FB1D     		add	r3, r7, #7
 606 006a 1B78     		ldrb	r3, [r3]
 607 006c 052B     		cmp	r3, #5
 608 006e E0D9     		bls	.L42
 609              	.LBE3:
 187:.\PSoC_Master_Class.c ****             }
ARM GAS  C:\Users\Philip\AppData\Local\Temp\ccEYDDpp.s 			page 15


 188:.\PSoC_Master_Class.c ****         }
 189:.\PSoC_Master_Class.c ****         
 190:.\PSoC_Master_Class.c ****         RedLED_Write(LED_OFF);                      // Turn off red LED    
 610              		.loc 1 190 0 is_stmt 1
 611 0070 0120     		mov	r0, #1
 612 0072 FFF7FEFF 		bl	RedLED_Write
 613              	.L39:
 191:.\PSoC_Master_Class.c ****     }    
 192:.\PSoC_Master_Class.c **** }
 614              		.loc 1 192 0
 615 0076 BD46     		mov	sp, r7
 616 0078 02B0     		add	sp, sp, #8
 617              		@ sp needed
 618 007a 80BD     		pop	{r7, pc}
 619              	.L44:
 620              		.align	2
 621              	.L43:
 622 007c 00000000 		.word	timerInt
 623 0080 00000000 		.word	tempTemp
 624 0084 00000000 		.word	tempSoilHum
 625              		.cfi_endproc
 626              	.LFE37:
 627              		.size	timerIntHandler, .-timerIntHandler
 628              		.text
 629              	.Letext0:
 630              		.file 2 ".\\Generated_Source\\PSoC4/cytypes.h"
 631              		.section	.debug_info,"",%progbits
 632              	.Ldebug_info0:
 633 0000 22020000 		.4byte	0x222
 634 0004 0400     		.2byte	0x4
 635 0006 00000000 		.4byte	.Ldebug_abbrev0
 636 000a 04       		.byte	0x4
 637 000b 01       		.uleb128 0x1
 638 000c 6F000000 		.4byte	.LASF39
 639 0010 01       		.byte	0x1
 640 0011 22000000 		.4byte	.LASF40
 641 0015 F9000000 		.4byte	.LASF41
 642 0019 00000000 		.4byte	.Ldebug_ranges0+0
 643 001d 00000000 		.4byte	0
 644 0021 00000000 		.4byte	.Ldebug_line0
 645 0025 02       		.uleb128 0x2
 646 0026 01       		.byte	0x1
 647 0027 06       		.byte	0x6
 648 0028 3A020000 		.4byte	.LASF0
 649 002c 02       		.uleb128 0x2
 650 002d 01       		.byte	0x1
 651 002e 08       		.byte	0x8
 652 002f AD010000 		.4byte	.LASF1
 653 0033 02       		.uleb128 0x2
 654 0034 02       		.byte	0x2
 655 0035 05       		.byte	0x5
 656 0036 11020000 		.4byte	.LASF2
 657 003a 02       		.uleb128 0x2
 658 003b 02       		.byte	0x2
 659 003c 07       		.byte	0x7
 660 003d 48000000 		.4byte	.LASF3
 661 0041 02       		.uleb128 0x2
ARM GAS  C:\Users\Philip\AppData\Local\Temp\ccEYDDpp.s 			page 16


 662 0042 04       		.byte	0x4
 663 0043 05       		.byte	0x5
 664 0044 31020000 		.4byte	.LASF4
 665 0048 02       		.uleb128 0x2
 666 0049 04       		.byte	0x4
 667 004a 07       		.byte	0x7
 668 004b 3D010000 		.4byte	.LASF5
 669 004f 02       		.uleb128 0x2
 670 0050 08       		.byte	0x8
 671 0051 05       		.byte	0x5
 672 0052 F9010000 		.4byte	.LASF6
 673 0056 02       		.uleb128 0x2
 674 0057 08       		.byte	0x8
 675 0058 07       		.byte	0x7
 676 0059 C8010000 		.4byte	.LASF7
 677 005d 03       		.uleb128 0x3
 678 005e 04       		.byte	0x4
 679 005f 05       		.byte	0x5
 680 0060 696E7400 		.ascii	"int\000"
 681 0064 02       		.uleb128 0x2
 682 0065 04       		.byte	0x4
 683 0066 07       		.byte	0x7
 684 0067 BB010000 		.4byte	.LASF8
 685 006b 04       		.uleb128 0x4
 686 006c 2B020000 		.4byte	.LASF9
 687 0070 02       		.byte	0x2
 688 0071 A1       		.byte	0xa1
 689 0072 2C000000 		.4byte	0x2c
 690 0076 04       		.uleb128 0x4
 691 0077 92010000 		.4byte	.LASF10
 692 007b 02       		.byte	0x2
 693 007c A3       		.byte	0xa3
 694 007d 48000000 		.4byte	0x48
 695 0081 04       		.uleb128 0x4
 696 0082 8D010000 		.4byte	.LASF11
 697 0086 02       		.byte	0x2
 698 0087 A4       		.byte	0xa4
 699 0088 25000000 		.4byte	0x25
 700 008c 04       		.uleb128 0x4
 701 008d 37010000 		.4byte	.LASF12
 702 0091 02       		.byte	0x2
 703 0092 A5       		.byte	0xa5
 704 0093 33000000 		.4byte	0x33
 705 0097 04       		.uleb128 0x4
 706 0098 54010000 		.4byte	.LASF13
 707 009c 02       		.byte	0x2
 708 009d A6       		.byte	0xa6
 709 009e 41000000 		.4byte	0x41
 710 00a2 02       		.uleb128 0x2
 711 00a3 04       		.byte	0x4
 712 00a4 04       		.byte	0x4
 713 00a5 69000000 		.4byte	.LASF14
 714 00a9 02       		.uleb128 0x2
 715 00aa 08       		.byte	0x8
 716 00ab 04       		.byte	0x4
 717 00ac 7D010000 		.4byte	.LASF15
 718 00b0 02       		.uleb128 0x2
ARM GAS  C:\Users\Philip\AppData\Local\Temp\ccEYDDpp.s 			page 17


 719 00b1 01       		.byte	0x1
 720 00b2 08       		.byte	0x8
 721 00b3 07020000 		.4byte	.LASF16
 722 00b7 05       		.uleb128 0x5
 723 00b8 00000000 		.4byte	.LASF17
 724 00bc 02       		.byte	0x2
 725 00bd 4D01     		.2byte	0x14d
 726 00bf C3000000 		.4byte	0xc3
 727 00c3 06       		.uleb128 0x6
 728 00c4 76000000 		.4byte	0x76
 729 00c8 02       		.uleb128 0x2
 730 00c9 04       		.byte	0x4
 731 00ca 07       		.byte	0x7
 732 00cb F0010000 		.4byte	.LASF18
 733 00cf 07       		.uleb128 0x7
 734 00d0 01       		.byte	0x1
 735 00d1 01       		.byte	0x1
 736 00d2 22       		.byte	0x22
 737 00d3 FC000000 		.4byte	0xfc
 738 00d7 08       		.uleb128 0x8
 739 00d8 5B000000 		.4byte	.LASF19
 740 00dc 00       		.sleb128 0
 741 00dd 08       		.uleb128 0x8
 742 00de A8010000 		.4byte	.LASF20
 743 00e2 01       		.sleb128 1
 744 00e3 08       		.uleb128 0x8
 745 00e4 0C020000 		.4byte	.LASF21
 746 00e8 02       		.sleb128 2
 747 00e9 08       		.uleb128 0x8
 748 00ea 46020000 		.4byte	.LASF22
 749 00ee 03       		.sleb128 3
 750 00ef 08       		.uleb128 0x8
 751 00f0 78010000 		.4byte	.LASF23
 752 00f4 04       		.sleb128 4
 753 00f5 08       		.uleb128 0x8
 754 00f6 EB000000 		.4byte	.LASF24
 755 00fa 05       		.sleb128 5
 756 00fb 00       		.byte	0
 757 00fc 04       		.uleb128 0x4
 758 00fd 1C000000 		.4byte	.LASF25
 759 0101 01       		.byte	0x1
 760 0102 22       		.byte	0x22
 761 0103 CF000000 		.4byte	0xcf
 762 0107 09       		.uleb128 0x9
 763 0108 1B020000 		.4byte	.LASF26
 764 010c 01       		.byte	0x1
 765 010d 2A       		.byte	0x2a
 766 010e 00000000 		.4byte	.LFB33
 767 0112 68000000 		.4byte	.LFE33-.LFB33
 768 0116 01       		.uleb128 0x1
 769 0117 9C       		.byte	0x9c
 770 0118 09       		.uleb128 0x9
 771 0119 06000000 		.4byte	.LASF27
 772 011d 01       		.byte	0x1
 773 011e 40       		.byte	0x40
 774 011f 00000000 		.4byte	.LFB34
 775 0123 18000000 		.4byte	.LFE34-.LFB34
ARM GAS  C:\Users\Philip\AppData\Local\Temp\ccEYDDpp.s 			page 18


 776 0127 01       		.uleb128 0x1
 777 0128 9C       		.byte	0x9c
 778 0129 09       		.uleb128 0x9
 779 012a DF010000 		.4byte	.LASF28
 780 012e 01       		.byte	0x1
 781 012f 47       		.byte	0x47
 782 0130 00000000 		.4byte	.LFB35
 783 0134 34000000 		.4byte	.LFE35-.LFB35
 784 0138 01       		.uleb128 0x1
 785 0139 9C       		.byte	0x9c
 786 013a 0A       		.uleb128 0xa
 787 013b 99010000 		.4byte	.LASF29
 788 013f 01       		.byte	0x1
 789 0140 4F       		.byte	0x4f
 790 0141 00000000 		.4byte	.LFB36
 791 0145 E8010000 		.4byte	.LFE36-.LFB36
 792 0149 01       		.uleb128 0x1
 793 014a 9C       		.byte	0x9c
 794 014b 68010000 		.4byte	0x168
 795 014f 0B       		.uleb128 0xb
 796 0150 92010000 		.4byte	.LBB2
 797 0154 30000000 		.4byte	.LBE2-.LBB2
 798 0158 0C       		.uleb128 0xc
 799 0159 4F010000 		.4byte	.LASF31
 800 015d 01       		.byte	0x1
 801 015e 9F       		.byte	0x9f
 802 015f 6B000000 		.4byte	0x6b
 803 0163 02       		.uleb128 0x2
 804 0164 91       		.byte	0x91
 805 0165 77       		.sleb128 -9
 806 0166 00       		.byte	0
 807 0167 00       		.byte	0
 808 0168 0A       		.uleb128 0xa
 809 0169 38000000 		.4byte	.LASF30
 810 016d 01       		.byte	0x1
 811 016e AC       		.byte	0xac
 812 016f 00000000 		.4byte	.LFB37
 813 0173 88000000 		.4byte	.LFE37-.LFB37
 814 0177 01       		.uleb128 0x1
 815 0178 9C       		.byte	0x9c
 816 0179 94010000 		.4byte	0x194
 817 017d 0B       		.uleb128 0xb
 818 017e 2A000000 		.4byte	.LBB3
 819 0182 46000000 		.4byte	.LBE3-.LBB3
 820 0186 0D       		.uleb128 0xd
 821 0187 6900     		.ascii	"i\000"
 822 0189 01       		.byte	0x1
 823 018a B7       		.byte	0xb7
 824 018b 6B000000 		.4byte	0x6b
 825 018f 02       		.uleb128 0x2
 826 0190 91       		.byte	0x91
 827 0191 77       		.sleb128 -9
 828 0192 00       		.byte	0
 829 0193 00       		.byte	0
 830 0194 0E       		.uleb128 0xe
 831 0195 84010000 		.4byte	.LASF32
 832 0199 01       		.byte	0x1
ARM GAS  C:\Users\Philip\AppData\Local\Temp\ccEYDDpp.s 			page 19


 833 019a 18       		.byte	0x18
 834 019b 97000000 		.4byte	0x97
 835 019f 05       		.uleb128 0x5
 836 01a0 03       		.byte	0x3
 837 01a1 00000000 		.4byte	tempTemp
 838 01a5 0F       		.uleb128 0xf
 839 01a6 8C000000 		.4byte	0x8c
 840 01aa B5010000 		.4byte	0x1b5
 841 01ae 10       		.uleb128 0x10
 842 01af C8000000 		.4byte	0xc8
 843 01b3 05       		.byte	0x5
 844 01b4 00       		.byte	0
 845 01b5 0E       		.uleb128 0xe
 846 01b6 10000000 		.4byte	.LASF33
 847 01ba 01       		.byte	0x1
 848 01bb 19       		.byte	0x19
 849 01bc A5010000 		.4byte	0x1a5
 850 01c0 05       		.uleb128 0x5
 851 01c1 03       		.byte	0x3
 852 01c2 00000000 		.4byte	tempSoilHum
 853 01c6 0E       		.uleb128 0xe
 854 01c7 6A010000 		.4byte	.LASF34
 855 01cb 01       		.byte	0x1
 856 01cc 23       		.byte	0x23
 857 01cd D7010000 		.4byte	0x1d7
 858 01d1 05       		.uleb128 0x5
 859 01d2 03       		.byte	0x3
 860 01d3 00000000 		.4byte	theState
 861 01d7 06       		.uleb128 0x6
 862 01d8 FC000000 		.4byte	0xfc
 863 01dc 0E       		.uleb128 0xe
 864 01dd 5A010000 		.4byte	.LASF35
 865 01e1 01       		.byte	0x1
 866 01e2 24       		.byte	0x24
 867 01e3 ED010000 		.4byte	0x1ed
 868 01e7 05       		.uleb128 0x5
 869 01e8 03       		.byte	0x3
 870 01e9 00000000 		.4byte	irrigationIndex
 871 01ed 06       		.uleb128 0x6
 872 01ee 81000000 		.4byte	0x81
 873 01f2 0E       		.uleb128 0xe
 874 01f3 73010000 		.4byte	.LASF36
 875 01f7 01       		.byte	0x1
 876 01f8 25       		.byte	0x25
 877 01f9 6B000000 		.4byte	0x6b
 878 01fd 05       		.uleb128 0x5
 879 01fe 03       		.byte	0x3
 880 01ff 00000000 		.4byte	buff
 881 0203 0E       		.uleb128 0xe
 882 0204 E8010000 		.4byte	.LASF37
 883 0208 01       		.byte	0x1
 884 0209 26       		.byte	0x26
 885 020a 6B000000 		.4byte	0x6b
 886 020e 05       		.uleb128 0x5
 887 020f 03       		.byte	0x3
 888 0210 00000000 		.4byte	uartInt
 889 0214 0E       		.uleb128 0xe
ARM GAS  C:\Users\Philip\AppData\Local\Temp\ccEYDDpp.s 			page 20


 890 0215 60000000 		.4byte	.LASF38
 891 0219 01       		.byte	0x1
 892 021a 27       		.byte	0x27
 893 021b 6B000000 		.4byte	0x6b
 894 021f 05       		.uleb128 0x5
 895 0220 03       		.byte	0x3
 896 0221 00000000 		.4byte	timerInt
 897 0225 00       		.byte	0
 898              		.section	.debug_abbrev,"",%progbits
 899              	.Ldebug_abbrev0:
 900 0000 01       		.uleb128 0x1
 901 0001 11       		.uleb128 0x11
 902 0002 01       		.byte	0x1
 903 0003 25       		.uleb128 0x25
 904 0004 0E       		.uleb128 0xe
 905 0005 13       		.uleb128 0x13
 906 0006 0B       		.uleb128 0xb
 907 0007 03       		.uleb128 0x3
 908 0008 0E       		.uleb128 0xe
 909 0009 1B       		.uleb128 0x1b
 910 000a 0E       		.uleb128 0xe
 911 000b 55       		.uleb128 0x55
 912 000c 17       		.uleb128 0x17
 913 000d 11       		.uleb128 0x11
 914 000e 01       		.uleb128 0x1
 915 000f 10       		.uleb128 0x10
 916 0010 17       		.uleb128 0x17
 917 0011 00       		.byte	0
 918 0012 00       		.byte	0
 919 0013 02       		.uleb128 0x2
 920 0014 24       		.uleb128 0x24
 921 0015 00       		.byte	0
 922 0016 0B       		.uleb128 0xb
 923 0017 0B       		.uleb128 0xb
 924 0018 3E       		.uleb128 0x3e
 925 0019 0B       		.uleb128 0xb
 926 001a 03       		.uleb128 0x3
 927 001b 0E       		.uleb128 0xe
 928 001c 00       		.byte	0
 929 001d 00       		.byte	0
 930 001e 03       		.uleb128 0x3
 931 001f 24       		.uleb128 0x24
 932 0020 00       		.byte	0
 933 0021 0B       		.uleb128 0xb
 934 0022 0B       		.uleb128 0xb
 935 0023 3E       		.uleb128 0x3e
 936 0024 0B       		.uleb128 0xb
 937 0025 03       		.uleb128 0x3
 938 0026 08       		.uleb128 0x8
 939 0027 00       		.byte	0
 940 0028 00       		.byte	0
 941 0029 04       		.uleb128 0x4
 942 002a 16       		.uleb128 0x16
 943 002b 00       		.byte	0
 944 002c 03       		.uleb128 0x3
 945 002d 0E       		.uleb128 0xe
 946 002e 3A       		.uleb128 0x3a
ARM GAS  C:\Users\Philip\AppData\Local\Temp\ccEYDDpp.s 			page 21


 947 002f 0B       		.uleb128 0xb
 948 0030 3B       		.uleb128 0x3b
 949 0031 0B       		.uleb128 0xb
 950 0032 49       		.uleb128 0x49
 951 0033 13       		.uleb128 0x13
 952 0034 00       		.byte	0
 953 0035 00       		.byte	0
 954 0036 05       		.uleb128 0x5
 955 0037 16       		.uleb128 0x16
 956 0038 00       		.byte	0
 957 0039 03       		.uleb128 0x3
 958 003a 0E       		.uleb128 0xe
 959 003b 3A       		.uleb128 0x3a
 960 003c 0B       		.uleb128 0xb
 961 003d 3B       		.uleb128 0x3b
 962 003e 05       		.uleb128 0x5
 963 003f 49       		.uleb128 0x49
 964 0040 13       		.uleb128 0x13
 965 0041 00       		.byte	0
 966 0042 00       		.byte	0
 967 0043 06       		.uleb128 0x6
 968 0044 35       		.uleb128 0x35
 969 0045 00       		.byte	0
 970 0046 49       		.uleb128 0x49
 971 0047 13       		.uleb128 0x13
 972 0048 00       		.byte	0
 973 0049 00       		.byte	0
 974 004a 07       		.uleb128 0x7
 975 004b 04       		.uleb128 0x4
 976 004c 01       		.byte	0x1
 977 004d 0B       		.uleb128 0xb
 978 004e 0B       		.uleb128 0xb
 979 004f 3A       		.uleb128 0x3a
 980 0050 0B       		.uleb128 0xb
 981 0051 3B       		.uleb128 0x3b
 982 0052 0B       		.uleb128 0xb
 983 0053 01       		.uleb128 0x1
 984 0054 13       		.uleb128 0x13
 985 0055 00       		.byte	0
 986 0056 00       		.byte	0
 987 0057 08       		.uleb128 0x8
 988 0058 28       		.uleb128 0x28
 989 0059 00       		.byte	0
 990 005a 03       		.uleb128 0x3
 991 005b 0E       		.uleb128 0xe
 992 005c 1C       		.uleb128 0x1c
 993 005d 0D       		.uleb128 0xd
 994 005e 00       		.byte	0
 995 005f 00       		.byte	0
 996 0060 09       		.uleb128 0x9
 997 0061 2E       		.uleb128 0x2e
 998 0062 00       		.byte	0
 999 0063 3F       		.uleb128 0x3f
 1000 0064 19       		.uleb128 0x19
 1001 0065 03       		.uleb128 0x3
 1002 0066 0E       		.uleb128 0xe
 1003 0067 3A       		.uleb128 0x3a
ARM GAS  C:\Users\Philip\AppData\Local\Temp\ccEYDDpp.s 			page 22


 1004 0068 0B       		.uleb128 0xb
 1005 0069 3B       		.uleb128 0x3b
 1006 006a 0B       		.uleb128 0xb
 1007 006b 27       		.uleb128 0x27
 1008 006c 19       		.uleb128 0x19
 1009 006d 11       		.uleb128 0x11
 1010 006e 01       		.uleb128 0x1
 1011 006f 12       		.uleb128 0x12
 1012 0070 06       		.uleb128 0x6
 1013 0071 40       		.uleb128 0x40
 1014 0072 18       		.uleb128 0x18
 1015 0073 9642     		.uleb128 0x2116
 1016 0075 19       		.uleb128 0x19
 1017 0076 00       		.byte	0
 1018 0077 00       		.byte	0
 1019 0078 0A       		.uleb128 0xa
 1020 0079 2E       		.uleb128 0x2e
 1021 007a 01       		.byte	0x1
 1022 007b 3F       		.uleb128 0x3f
 1023 007c 19       		.uleb128 0x19
 1024 007d 03       		.uleb128 0x3
 1025 007e 0E       		.uleb128 0xe
 1026 007f 3A       		.uleb128 0x3a
 1027 0080 0B       		.uleb128 0xb
 1028 0081 3B       		.uleb128 0x3b
 1029 0082 0B       		.uleb128 0xb
 1030 0083 27       		.uleb128 0x27
 1031 0084 19       		.uleb128 0x19
 1032 0085 11       		.uleb128 0x11
 1033 0086 01       		.uleb128 0x1
 1034 0087 12       		.uleb128 0x12
 1035 0088 06       		.uleb128 0x6
 1036 0089 40       		.uleb128 0x40
 1037 008a 18       		.uleb128 0x18
 1038 008b 9642     		.uleb128 0x2116
 1039 008d 19       		.uleb128 0x19
 1040 008e 01       		.uleb128 0x1
 1041 008f 13       		.uleb128 0x13
 1042 0090 00       		.byte	0
 1043 0091 00       		.byte	0
 1044 0092 0B       		.uleb128 0xb
 1045 0093 0B       		.uleb128 0xb
 1046 0094 01       		.byte	0x1
 1047 0095 11       		.uleb128 0x11
 1048 0096 01       		.uleb128 0x1
 1049 0097 12       		.uleb128 0x12
 1050 0098 06       		.uleb128 0x6
 1051 0099 00       		.byte	0
 1052 009a 00       		.byte	0
 1053 009b 0C       		.uleb128 0xc
 1054 009c 34       		.uleb128 0x34
 1055 009d 00       		.byte	0
 1056 009e 03       		.uleb128 0x3
 1057 009f 0E       		.uleb128 0xe
 1058 00a0 3A       		.uleb128 0x3a
 1059 00a1 0B       		.uleb128 0xb
 1060 00a2 3B       		.uleb128 0x3b
ARM GAS  C:\Users\Philip\AppData\Local\Temp\ccEYDDpp.s 			page 23


 1061 00a3 0B       		.uleb128 0xb
 1062 00a4 49       		.uleb128 0x49
 1063 00a5 13       		.uleb128 0x13
 1064 00a6 02       		.uleb128 0x2
 1065 00a7 18       		.uleb128 0x18
 1066 00a8 00       		.byte	0
 1067 00a9 00       		.byte	0
 1068 00aa 0D       		.uleb128 0xd
 1069 00ab 34       		.uleb128 0x34
 1070 00ac 00       		.byte	0
 1071 00ad 03       		.uleb128 0x3
 1072 00ae 08       		.uleb128 0x8
 1073 00af 3A       		.uleb128 0x3a
 1074 00b0 0B       		.uleb128 0xb
 1075 00b1 3B       		.uleb128 0x3b
 1076 00b2 0B       		.uleb128 0xb
 1077 00b3 49       		.uleb128 0x49
 1078 00b4 13       		.uleb128 0x13
 1079 00b5 02       		.uleb128 0x2
 1080 00b6 18       		.uleb128 0x18
 1081 00b7 00       		.byte	0
 1082 00b8 00       		.byte	0
 1083 00b9 0E       		.uleb128 0xe
 1084 00ba 34       		.uleb128 0x34
 1085 00bb 00       		.byte	0
 1086 00bc 03       		.uleb128 0x3
 1087 00bd 0E       		.uleb128 0xe
 1088 00be 3A       		.uleb128 0x3a
 1089 00bf 0B       		.uleb128 0xb
 1090 00c0 3B       		.uleb128 0x3b
 1091 00c1 0B       		.uleb128 0xb
 1092 00c2 49       		.uleb128 0x49
 1093 00c3 13       		.uleb128 0x13
 1094 00c4 3F       		.uleb128 0x3f
 1095 00c5 19       		.uleb128 0x19
 1096 00c6 02       		.uleb128 0x2
 1097 00c7 18       		.uleb128 0x18
 1098 00c8 00       		.byte	0
 1099 00c9 00       		.byte	0
 1100 00ca 0F       		.uleb128 0xf
 1101 00cb 01       		.uleb128 0x1
 1102 00cc 01       		.byte	0x1
 1103 00cd 49       		.uleb128 0x49
 1104 00ce 13       		.uleb128 0x13
 1105 00cf 01       		.uleb128 0x1
 1106 00d0 13       		.uleb128 0x13
 1107 00d1 00       		.byte	0
 1108 00d2 00       		.byte	0
 1109 00d3 10       		.uleb128 0x10
 1110 00d4 21       		.uleb128 0x21
 1111 00d5 00       		.byte	0
 1112 00d6 49       		.uleb128 0x49
 1113 00d7 13       		.uleb128 0x13
 1114 00d8 2F       		.uleb128 0x2f
 1115 00d9 0B       		.uleb128 0xb
 1116 00da 00       		.byte	0
 1117 00db 00       		.byte	0
ARM GAS  C:\Users\Philip\AppData\Local\Temp\ccEYDDpp.s 			page 24


 1118 00dc 00       		.byte	0
 1119              		.section	.debug_aranges,"",%progbits
 1120 0000 3C000000 		.4byte	0x3c
 1121 0004 0200     		.2byte	0x2
 1122 0006 00000000 		.4byte	.Ldebug_info0
 1123 000a 04       		.byte	0x4
 1124 000b 00       		.byte	0
 1125 000c 0000     		.2byte	0
 1126 000e 0000     		.2byte	0
 1127 0010 00000000 		.4byte	.LFB33
 1128 0014 68000000 		.4byte	.LFE33-.LFB33
 1129 0018 00000000 		.4byte	.LFB34
 1130 001c 18000000 		.4byte	.LFE34-.LFB34
 1131 0020 00000000 		.4byte	.LFB35
 1132 0024 34000000 		.4byte	.LFE35-.LFB35
 1133 0028 00000000 		.4byte	.LFB36
 1134 002c E8010000 		.4byte	.LFE36-.LFB36
 1135 0030 00000000 		.4byte	.LFB37
 1136 0034 88000000 		.4byte	.LFE37-.LFB37
 1137 0038 00000000 		.4byte	0
 1138 003c 00000000 		.4byte	0
 1139              		.section	.debug_ranges,"",%progbits
 1140              	.Ldebug_ranges0:
 1141 0000 00000000 		.4byte	.LFB33
 1142 0004 68000000 		.4byte	.LFE33
 1143 0008 00000000 		.4byte	.LFB34
 1144 000c 18000000 		.4byte	.LFE34
 1145 0010 00000000 		.4byte	.LFB35
 1146 0014 34000000 		.4byte	.LFE35
 1147 0018 00000000 		.4byte	.LFB36
 1148 001c E8010000 		.4byte	.LFE36
 1149 0020 00000000 		.4byte	.LFB37
 1150 0024 88000000 		.4byte	.LFE37
 1151 0028 00000000 		.4byte	0
 1152 002c 00000000 		.4byte	0
 1153              		.section	.debug_line,"",%progbits
 1154              	.Ldebug_line0:
 1155 0000 11010000 		.section	.debug_str,"MS",%progbits,1
 1155      02005200 
 1155      00000201 
 1155      FB0E0D00 
 1155      01010101 
 1156              	.LASF17:
 1157 0000 72656733 		.ascii	"reg32\000"
 1157      3200
 1158              	.LASF27:
 1159 0006 74696D65 		.ascii	"timer_ISR\000"
 1159      725F4953 
 1159      5200
 1160              	.LASF33:
 1161 0010 74656D70 		.ascii	"tempSoilHum\000"
 1161      536F696C 
 1161      48756D00 
 1162              	.LASF25:
 1163 001c 73746174 		.ascii	"state\000"
 1163      6500
 1164              	.LASF40:
ARM GAS  C:\Users\Philip\AppData\Local\Temp\ccEYDDpp.s 			page 25


 1165 0022 2E5C5053 		.ascii	".\\PSoC_Master_Class.c\000"
 1165      6F435F4D 
 1165      61737465 
 1165      725F436C 
 1165      6173732E 
 1166              	.LASF30:
 1167 0038 74696D65 		.ascii	"timerIntHandler\000"
 1167      72496E74 
 1167      48616E64 
 1167      6C657200 
 1168              	.LASF3:
 1169 0048 73686F72 		.ascii	"short unsigned int\000"
 1169      7420756E 
 1169      7369676E 
 1169      65642069 
 1169      6E7400
 1170              	.LASF19:
 1171 005b 49444C45 		.ascii	"IDLE\000"
 1171      00
 1172              	.LASF38:
 1173 0060 74696D65 		.ascii	"timerInt\000"
 1173      72496E74 
 1173      00
 1174              	.LASF14:
 1175 0069 666C6F61 		.ascii	"float\000"
 1175      7400
 1176              	.LASF39:
 1177 006f 474E5520 		.ascii	"GNU C 4.8.4 20140526 (release) [ARM/embedded-4_8-br"
 1177      4320342E 
 1177      382E3420 
 1177      32303134 
 1177      30353236 
 1178 00a2 616E6368 		.ascii	"anch revision 211358] -mcpu=cortex-m0 -mthumb -g -O"
 1178      20726576 
 1178      6973696F 
 1178      6E203231 
 1178      31333538 
 1179 00d5 30202D66 		.ascii	"0 -ffunction-sections\000"
 1179      66756E63 
 1179      74696F6E 
 1179      2D736563 
 1179      74696F6E 
 1180              	.LASF24:
 1181 00eb 52455350 		.ascii	"RESP_SOIL_HUM\000"
 1181      5F534F49 
 1181      4C5F4855 
 1181      4D00
 1182              	.LASF41:
 1183 00f9 433A5C55 		.ascii	"C:\\Users\\Philip\\OneDrive\\GitHub\\PSoC_Master\\P"
 1183      73657273 
 1183      5C506869 
 1183      6C69705C 
 1183      4F6E6544 
 1184 0126 536F435F 		.ascii	"SoC_Master.cydsn\000"
 1184      4D617374 
 1184      65722E63 
 1184      7964736E 
ARM GAS  C:\Users\Philip\AppData\Local\Temp\ccEYDDpp.s 			page 26


 1184      00
 1185              	.LASF12:
 1186 0137 696E7431 		.ascii	"int16\000"
 1186      3600
 1187              	.LASF5:
 1188 013d 6C6F6E67 		.ascii	"long unsigned int\000"
 1188      20756E73 
 1188      69676E65 
 1188      6420696E 
 1188      7400
 1189              	.LASF31:
 1190 014f 74656D70 		.ascii	"temp\000"
 1190      00
 1191              	.LASF13:
 1192 0154 696E7433 		.ascii	"int32\000"
 1192      3200
 1193              	.LASF35:
 1194 015a 69727269 		.ascii	"irrigationIndex\000"
 1194      67617469 
 1194      6F6E496E 
 1194      64657800 
 1195              	.LASF34:
 1196 016a 74686553 		.ascii	"theState\000"
 1196      74617465 
 1196      00
 1197              	.LASF36:
 1198 0173 62756666 		.ascii	"buff\000"
 1198      00
 1199              	.LASF23:
 1200 0178 41444A49 		.ascii	"ADJI\000"
 1200      00
 1201              	.LASF15:
 1202 017d 646F7562 		.ascii	"double\000"
 1202      6C6500
 1203              	.LASF32:
 1204 0184 74656D70 		.ascii	"tempTemp\000"
 1204      54656D70 
 1204      00
 1205              	.LASF11:
 1206 018d 696E7438 		.ascii	"int8\000"
 1206      00
 1207              	.LASF10:
 1208 0192 75696E74 		.ascii	"uint32\000"
 1208      333200
 1209              	.LASF29:
 1210 0199 75617274 		.ascii	"uartIntHandler\000"
 1210      496E7448 
 1210      616E646C 
 1210      657200
 1211              	.LASF20:
 1212 01a8 41444A57 		.ascii	"ADJW\000"
 1212      00
 1213              	.LASF1:
 1214 01ad 756E7369 		.ascii	"unsigned char\000"
 1214      676E6564 
 1214      20636861 
 1214      7200
ARM GAS  C:\Users\Philip\AppData\Local\Temp\ccEYDDpp.s 			page 27


 1215              	.LASF8:
 1216 01bb 756E7369 		.ascii	"unsigned int\000"
 1216      676E6564 
 1216      20696E74 
 1216      00
 1217              	.LASF7:
 1218 01c8 6C6F6E67 		.ascii	"long long unsigned int\000"
 1218      206C6F6E 
 1218      6720756E 
 1218      7369676E 
 1218      65642069 
 1219              	.LASF28:
 1220 01df 55415254 		.ascii	"UART_ISR\000"
 1220      5F495352 
 1220      00
 1221              	.LASF37:
 1222 01e8 75617274 		.ascii	"uartInt\000"
 1222      496E7400 
 1223              	.LASF18:
 1224 01f0 73697A65 		.ascii	"sizetype\000"
 1224      74797065 
 1224      00
 1225              	.LASF6:
 1226 01f9 6C6F6E67 		.ascii	"long long int\000"
 1226      206C6F6E 
 1226      6720696E 
 1226      7400
 1227              	.LASF16:
 1228 0207 63686172 		.ascii	"char\000"
 1228      00
 1229              	.LASF21:
 1230 020c 41444A48 		.ascii	"ADJH\000"
 1230      00
 1231              	.LASF2:
 1232 0211 73686F72 		.ascii	"short int\000"
 1232      7420696E 
 1232      7400
 1233              	.LASF26:
 1234 021b 696E6974 		.ascii	"initPSoC_Master\000"
 1234      50536F43 
 1234      5F4D6173 
 1234      74657200 
 1235              	.LASF9:
 1236 022b 75696E74 		.ascii	"uint8\000"
 1236      3800
 1237              	.LASF4:
 1238 0231 6C6F6E67 		.ascii	"long int\000"
 1238      20696E74 
 1238      00
 1239              	.LASF0:
 1240 023a 7369676E 		.ascii	"signed char\000"
 1240      65642063 
 1240      68617200 
 1241              	.LASF22:
 1242 0246 41444A56 		.ascii	"ADJV\000"
 1242      00
 1243              		.ident	"GCC: (GNU Tools for ARM Embedded Processors) 4.8.4 20140526 (release) [ARM/embedded-4_8-br
ARM GAS  C:\Users\Philip\AppData\Local\Temp\ccEYDDpp.s 			page 28


